[  2%] Built target more_interfaces__cpp
[ 12%] Built target more_interfaces__rosidl_generator_c
[ 23%] Built target more_interfaces__rosidl_typesupport_cpp
[ 33%] Built target more_interfaces__rosidl_typesupport_introspection_cpp
[ 43%] Built target more_interfaces__rosidl_typesupport_fastrtps_cpp
[ 53%] Built target more_interfaces__rosidl_typesupport_introspection_c
[ 64%] Built target more_interfaces__rosidl_typesupport_c
[ 74%] Built target more_interfaces__rosidl_typesupport_fastrtps_c
[ 74%] Built target more_interfaces
[ 76%] Built target more_interfaces__py
[ 84%] Built target more_interfaces__python
[ 94%] Built target more_interfaces__rosidl_typesupport_c__pyext
[ 94%] Built target more_interfaces__rosidl_typesupport_introspection_c__pyext
[100%] Built target more_interfaces__rosidl_typesupport_fastrtps_c__pyext
-- Install configuration: ""
-- Up-to-date: /home/sirius2beta/cetus/install/more_interfaces/share/ament_index/resource_index/rosidl_interfaces/more_interfaces
-- Up-to-date: /home/sirius2beta/cetus/install/more_interfaces/include/more_interfaces
-- Up-to-date: /home/sirius2beta/cetus/install/more_interfaces/include/more_interfaces/msg
-- Up-to-date: /home/sirius2beta/cetus/install/more_interfaces/include/more_interfaces/msg/rosidl_generator_c__visibility_control.h
-- Up-to-date: /home/sirius2beta/cetus/install/more_interfaces/include/more_interfaces/msg/detail
-- Up-to-date: /home/sirius2beta/cetus/install/more_interfaces/include/more_interfaces/msg/detail/marinelink_packet__struct.h
-- Up-to-date: /home/sirius2beta/cetus/install/more_interfaces/include/more_interfaces/msg/detail/mavlink_packet__type_support.h
-- Up-to-date: /home/sirius2beta/cetus/install/more_interfaces/include/more_interfaces/msg/detail/marinelink_packet__type_support.h
-- Up-to-date: /home/sirius2beta/cetus/install/more_interfaces/include/more_interfaces/msg/detail/marinelink_packet__functions.h
-- Up-to-date: /home/sirius2beta/cetus/install/more_interfaces/include/more_interfaces/msg/detail/marinelink_packet__functions.c
-- Up-to-date: /home/sirius2beta/cetus/install/more_interfaces/include/more_interfaces/msg/detail/mavlink_packet__struct.h
-- Up-to-date: /home/sirius2beta/cetus/install/more_interfaces/include/more_interfaces/msg/detail/mavlink_packet__functions.h
-- Up-to-date: /home/sirius2beta/cetus/install/more_interfaces/include/more_interfaces/msg/detail/mavlink_packet__functions.c
-- Up-to-date: /home/sirius2beta/cetus/install/more_interfaces/include/more_interfaces/msg/mavlink_packet.h
-- Up-to-date: /home/sirius2beta/cetus/install/more_interfaces/include/more_interfaces/msg/marinelink_packet.h
-- Up-to-date: /home/sirius2beta/cetus/install/more_interfaces/share/more_interfaces/environment/library_path.sh
-- Up-to-date: /home/sirius2beta/cetus/install/more_interfaces/share/more_interfaces/environment/library_path.dsv
-- Up-to-date: /home/sirius2beta/cetus/install/more_interfaces/lib/libmore_interfaces__rosidl_generator_c.so
-- Up-to-date: /home/sirius2beta/cetus/install/more_interfaces/include/more_interfaces
-- Up-to-date: /home/sirius2beta/cetus/install/more_interfaces/include/more_interfaces/msg
-- Up-to-date: /home/sirius2beta/cetus/install/more_interfaces/include/more_interfaces/msg/detail
-- Up-to-date: /home/sirius2beta/cetus/install/more_interfaces/include/more_interfaces/msg/detail/marinelink_packet__rosidl_typesupport_fastrtps_c.h
-- Up-to-date: /home/sirius2beta/cetus/install/more_interfaces/include/more_interfaces/msg/detail/mavlink_packet__rosidl_typesupport_fastrtps_c.h
-- Up-to-date: /home/sirius2beta/cetus/install/more_interfaces/include/more_interfaces/msg/rosidl_typesupport_fastrtps_c__visibility_control.h
-- Up-to-date: /home/sirius2beta/cetus/install/more_interfaces/lib/libmore_interfaces__rosidl_typesupport_fastrtps_c.so
-- Up-to-date: /home/sirius2beta/cetus/install/more_interfaces/include/more_interfaces
-- Up-to-date: /home/sirius2beta/cetus/install/more_interfaces/include/more_interfaces/msg
-- Up-to-date: /home/sirius2beta/cetus/install/more_interfaces/include/more_interfaces/msg/rosidl_typesupport_fastrtps_cpp__visibility_control.h
-- Up-to-date: /home/sirius2beta/cetus/install/more_interfaces/include/more_interfaces/msg/detail
-- Up-to-date: /home/sirius2beta/cetus/install/more_interfaces/include/more_interfaces/msg/detail/marinelink_packet__rosidl_typesupport_fastrtps_cpp.hpp
-- Up-to-date: /home/sirius2beta/cetus/install/more_interfaces/include/more_interfaces/msg/detail/mavlink_packet__rosidl_typesupport_fastrtps_cpp.hpp
-- Up-to-date: /home/sirius2beta/cetus/install/more_interfaces/include/more_interfaces/msg/detail/dds_fastrtps
-- Up-to-date: /home/sirius2beta/cetus/install/more_interfaces/lib/libmore_interfaces__rosidl_typesupport_fastrtps_cpp.so
-- Up-to-date: /home/sirius2beta/cetus/install/more_interfaces/include/more_interfaces
-- Up-to-date: /home/sirius2beta/cetus/install/more_interfaces/include/more_interfaces/msg
-- Up-to-date: /home/sirius2beta/cetus/install/more_interfaces/include/more_interfaces/msg/detail
-- Up-to-date: /home/sirius2beta/cetus/install/more_interfaces/include/more_interfaces/msg/detail/marinelink_packet__rosidl_typesupport_introspection_c.h
-- Up-to-date: /home/sirius2beta/cetus/install/more_interfaces/include/more_interfaces/msg/detail/mavlink_packet__type_support.c
-- Up-to-date: /home/sirius2beta/cetus/install/more_interfaces/include/more_interfaces/msg/detail/marinelink_packet__type_support.c
-- Up-to-date: /home/sirius2beta/cetus/install/more_interfaces/include/more_interfaces/msg/detail/mavlink_packet__rosidl_typesupport_introspection_c.h
-- Up-to-date: /home/sirius2beta/cetus/install/more_interfaces/include/more_interfaces/msg/rosidl_typesupport_introspection_c__visibility_control.h
-- Up-to-date: /home/sirius2beta/cetus/install/more_interfaces/lib/libmore_interfaces__rosidl_typesupport_introspection_c.so
-- Up-to-date: /home/sirius2beta/cetus/install/more_interfaces/lib/libmore_interfaces__rosidl_typesupport_c.so
-- Up-to-date: /home/sirius2beta/cetus/install/more_interfaces/include/more_interfaces
-- Up-to-date: /home/sirius2beta/cetus/install/more_interfaces/include/more_interfaces/msg
-- Up-to-date: /home/sirius2beta/cetus/install/more_interfaces/include/more_interfaces/msg/rosidl_generator_cpp__visibility_control.hpp
-- Up-to-date: /home/sirius2beta/cetus/install/more_interfaces/include/more_interfaces/msg/marinelink_packet.hpp
-- Up-to-date: /home/sirius2beta/cetus/install/more_interfaces/include/more_interfaces/msg/mavlink_packet.hpp
-- Up-to-date: /home/sirius2beta/cetus/install/more_interfaces/include/more_interfaces/msg/detail
-- Up-to-date: /home/sirius2beta/cetus/install/more_interfaces/include/more_interfaces/msg/detail/mavlink_packet__struct.hpp
-- Up-to-date: /home/sirius2beta/cetus/install/more_interfaces/include/more_interfaces/msg/detail/marinelink_packet__builder.hpp
-- Up-to-date: /home/sirius2beta/cetus/install/more_interfaces/include/more_interfaces/msg/detail/marinelink_packet__struct.hpp
-- Up-to-date: /home/sirius2beta/cetus/install/more_interfaces/include/more_interfaces/msg/detail/marinelink_packet__traits.hpp
-- Up-to-date: /home/sirius2beta/cetus/install/more_interfaces/include/more_interfaces/msg/detail/mavlink_packet__traits.hpp
-- Up-to-date: /home/sirius2beta/cetus/install/more_interfaces/include/more_interfaces/msg/detail/mavlink_packet__type_support.hpp
-- Up-to-date: /home/sirius2beta/cetus/install/more_interfaces/include/more_interfaces/msg/detail/marinelink_packet__type_support.hpp
-- Up-to-date: /home/sirius2beta/cetus/install/more_interfaces/include/more_interfaces/msg/detail/mavlink_packet__builder.hpp
-- Up-to-date: /home/sirius2beta/cetus/install/more_interfaces/include/more_interfaces
-- Up-to-date: /home/sirius2beta/cetus/install/more_interfaces/include/more_interfaces/msg
-- Up-to-date: /home/sirius2beta/cetus/install/more_interfaces/include/more_interfaces/msg/detail
-- Up-to-date: /home/sirius2beta/cetus/install/more_interfaces/include/more_interfaces/msg/detail/marinelink_packet__rosidl_typesupport_introspection_cpp.hpp
-- Up-to-date: /home/sirius2beta/cetus/install/more_interfaces/include/more_interfaces/msg/detail/marinelink_packet__type_support.cpp
-- Up-to-date: /home/sirius2beta/cetus/install/more_interfaces/include/more_interfaces/msg/detail/mavlink_packet__rosidl_typesupport_introspection_cpp.hpp
-- Up-to-date: /home/sirius2beta/cetus/install/more_interfaces/include/more_interfaces/msg/detail/mavlink_packet__type_support.cpp
-- Up-to-date: /home/sirius2beta/cetus/install/more_interfaces/lib/libmore_interfaces__rosidl_typesupport_introspection_cpp.so
-- Up-to-date: /home/sirius2beta/cetus/install/more_interfaces/lib/libmore_interfaces__rosidl_typesupport_cpp.so
-- Up-to-date: /home/sirius2beta/cetus/install/more_interfaces/share/more_interfaces/environment/pythonpath.sh
-- Up-to-date: /home/sirius2beta/cetus/install/more_interfaces/share/more_interfaces/environment/pythonpath.dsv
-- Up-to-date: /home/sirius2beta/cetus/install/more_interfaces/lib/python3.8/site-packages/more_interfaces/__init__.py
-- Up-to-date: /home/sirius2beta/cetus/install/more_interfaces/lib/python3.8/site-packages/more_interfaces/msg
-- Up-to-date: /home/sirius2beta/cetus/install/more_interfaces/lib/python3.8/site-packages/more_interfaces/msg/_marinelink_packet_s.c
-- Up-to-date: /home/sirius2beta/cetus/install/more_interfaces/lib/python3.8/site-packages/more_interfaces/msg/_mavlink_packet_s.c
-- Up-to-date: /home/sirius2beta/cetus/install/more_interfaces/lib/python3.8/site-packages/more_interfaces/msg/_marinelink_packet.py
-- Up-to-date: /home/sirius2beta/cetus/install/more_interfaces/lib/python3.8/site-packages/more_interfaces/msg/_mavlink_packet.py
-- Up-to-date: /home/sirius2beta/cetus/install/more_interfaces/lib/python3.8/site-packages/more_interfaces/msg/__init__.py
-- Up-to-date: /home/sirius2beta/cetus/install/more_interfaces/lib/python3.8/site-packages/more_interfaces/more_interfaces_s__rosidl_typesupport_fastrtps_c.cpython-38-aarch64-linux-gnu.so
-- Up-to-date: /home/sirius2beta/cetus/install/more_interfaces/lib/python3.8/site-packages/more_interfaces/more_interfaces_s__rosidl_typesupport_introspection_c.cpython-38-aarch64-linux-gnu.so
-- Up-to-date: /home/sirius2beta/cetus/install/more_interfaces/lib/python3.8/site-packages/more_interfaces/more_interfaces_s__rosidl_typesupport_c.cpython-38-aarch64-linux-gnu.so
-- Up-to-date: /home/sirius2beta/cetus/install/more_interfaces/lib/libmore_interfaces__python.so
-- Up-to-date: /home/sirius2beta/cetus/install/more_interfaces/share/more_interfaces/msg/MarinelinkPacket.idl
-- Up-to-date: /home/sirius2beta/cetus/install/more_interfaces/share/more_interfaces/msg/MavlinkPacket.idl
-- Up-to-date: /home/sirius2beta/cetus/install/more_interfaces/share/more_interfaces/msg/MarinelinkPacket.msg
-- Up-to-date: /home/sirius2beta/cetus/install/more_interfaces/share/more_interfaces/msg/MavlinkPacket.msg
-- Up-to-date: /home/sirius2beta/cetus/install/more_interfaces/share/ament_index/resource_index/package_run_dependencies/more_interfaces
-- Up-to-date: /home/sirius2beta/cetus/install/more_interfaces/share/ament_index/resource_index/parent_prefix_path/more_interfaces
-- Up-to-date: /home/sirius2beta/cetus/install/more_interfaces/share/more_interfaces/environment/ament_prefix_path.sh
-- Up-to-date: /home/sirius2beta/cetus/install/more_interfaces/share/more_interfaces/environment/ament_prefix_path.dsv
-- Up-to-date: /home/sirius2beta/cetus/install/more_interfaces/share/more_interfaces/environment/path.sh
-- Up-to-date: /home/sirius2beta/cetus/install/more_interfaces/share/more_interfaces/environment/path.dsv
-- Up-to-date: /home/sirius2beta/cetus/install/more_interfaces/share/more_interfaces/local_setup.bash
-- Up-to-date: /home/sirius2beta/cetus/install/more_interfaces/share/more_interfaces/local_setup.sh
-- Up-to-date: /home/sirius2beta/cetus/install/more_interfaces/share/more_interfaces/local_setup.zsh
-- Up-to-date: /home/sirius2beta/cetus/install/more_interfaces/share/more_interfaces/local_setup.dsv
-- Installing: /home/sirius2beta/cetus/install/more_interfaces/share/more_interfaces/package.dsv
-- Up-to-date: /home/sirius2beta/cetus/install/more_interfaces/share/ament_index/resource_index/packages/more_interfaces
-- Up-to-date: /home/sirius2beta/cetus/install/more_interfaces/share/more_interfaces/cmake/more_interfaces__rosidl_generator_cExport.cmake
-- Up-to-date: /home/sirius2beta/cetus/install/more_interfaces/share/more_interfaces/cmake/more_interfaces__rosidl_generator_cExport-noconfig.cmake
-- Up-to-date: /home/sirius2beta/cetus/install/more_interfaces/share/more_interfaces/cmake/more_interfaces__rosidl_typesupport_introspection_cExport.cmake
-- Up-to-date: /home/sirius2beta/cetus/install/more_interfaces/share/more_interfaces/cmake/more_interfaces__rosidl_typesupport_introspection_cExport-noconfig.cmake
-- Up-to-date: /home/sirius2beta/cetus/install/more_interfaces/share/more_interfaces/cmake/more_interfaces__rosidl_typesupport_cExport.cmake
-- Up-to-date: /home/sirius2beta/cetus/install/more_interfaces/share/more_interfaces/cmake/more_interfaces__rosidl_typesupport_cExport-noconfig.cmake
-- Up-to-date: /home/sirius2beta/cetus/install/more_interfaces/share/more_interfaces/cmake/more_interfaces__rosidl_generator_cppExport.cmake
-- Up-to-date: /home/sirius2beta/cetus/install/more_interfaces/share/more_interfaces/cmake/more_interfaces__rosidl_typesupport_introspection_cppExport.cmake
-- Up-to-date: /home/sirius2beta/cetus/install/more_interfaces/share/more_interfaces/cmake/more_interfaces__rosidl_typesupport_introspection_cppExport-noconfig.cmake
-- Up-to-date: /home/sirius2beta/cetus/install/more_interfaces/share/more_interfaces/cmake/more_interfaces__rosidl_typesupport_cppExport.cmake
-- Up-to-date: /home/sirius2beta/cetus/install/more_interfaces/share/more_interfaces/cmake/more_interfaces__rosidl_typesupport_cppExport-noconfig.cmake
-- Up-to-date: /home/sirius2beta/cetus/install/more_interfaces/share/more_interfaces/cmake/rosidl_cmake-extras.cmake
-- Up-to-date: /home/sirius2beta/cetus/install/more_interfaces/share/more_interfaces/cmake/ament_cmake_export_dependencies-extras.cmake
-- Up-to-date: /home/sirius2beta/cetus/install/more_interfaces/share/more_interfaces/cmake/ament_cmake_export_libraries-extras.cmake
-- Up-to-date: /home/sirius2beta/cetus/install/more_interfaces/share/more_interfaces/cmake/ament_cmake_export_targets-extras.cmake
-- Up-to-date: /home/sirius2beta/cetus/install/more_interfaces/share/more_interfaces/cmake/ament_cmake_export_include_directories-extras.cmake
-- Up-to-date: /home/sirius2beta/cetus/install/more_interfaces/share/more_interfaces/cmake/rosidl_cmake_export_typesupport_libraries-extras.cmake
-- Up-to-date: /home/sirius2beta/cetus/install/more_interfaces/share/more_interfaces/cmake/rosidl_cmake_export_typesupport_targets-extras.cmake
-- Up-to-date: /home/sirius2beta/cetus/install/more_interfaces/share/more_interfaces/cmake/more_interfacesConfig.cmake
-- Up-to-date: /home/sirius2beta/cetus/install/more_interfaces/share/more_interfaces/cmake/more_interfacesConfig-version.cmake
-- Up-to-date: /home/sirius2beta/cetus/install/more_interfaces/share/more_interfaces/package.xml
