[0.047s] Invoking command in '/home/sirius2beta/cetus/build/more_interfaces': /home/sirius2beta/.local/bin/cmake /home/sirius2beta/cetus/src/more_interfaces -DCMAKE_INSTALL_PREFIX=/home/sirius2beta/cetus/install/more_interfaces
[0.504s] -- The C compiler identification is GNU 9.4.0
[0.768s] -- The CXX compiler identification is GNU 9.4.0
[0.814s] -- Detecting C compiler ABI info
[1.082s] -- Detecting C compiler ABI info - done
[1.154s] -- Check for working C compiler: /usr/bin/cc - skipped
[1.155s] -- Detecting C compile features
[1.156s] -- Detecting C compile features - done
[1.173s] -- Detecting CXX compiler ABI info
[1.483s] -- Detecting CXX compiler ABI info - done
[1.550s] -- Check for working CXX compiler: /usr/bin/c++ - skipped
[1.551s] -- Detecting CXX compile features
[1.554s] -- Detecting CXX compile features - done
[1.584s] [31mCMake Error at CMakeLists.txt:22 (find_package):
[1.584s]   By not providing "Findament_cmake.cmake" in CMAKE_MODULE_PATH this project
[1.585s]   has asked CMake to find a package configuration file provided by
[1.585s]   "ament_cmake", but CMake did not find one.
[1.585s] 
[1.586s]   Could not find a package configuration file provided by "ament_cmake" with
[1.586s]   any of the following names:
[1.586s] 
[1.587s]     ament_cmakeConfig.cmake
[1.587s]     ament_cmake-config.cmake
[1.587s] 
[1.588s]   Add the installation prefix of "ament_cmake" to CMAKE_PREFIX_PATH or set
[1.588s]   "ament_cmake_DIR" to a directory containing one of the above files.  If
[1.588s]   "ament_cmake" provides a separate development package or SDK, be sure it
[1.588s]   has been installed.
[1.589s] 
[1.589s] [0m
[1.589s] -- Configuring incomplete, errors occurred!
[1.633s] Invoked command in '/home/sirius2beta/cetus/build/more_interfaces' returned '1': /home/sirius2beta/.local/bin/cmake /home/sirius2beta/cetus/src/more_interfaces -DCMAKE_INSTALL_PREFIX=/home/sirius2beta/cetus/install/more_interfaces
