[0.070s] Invoking command in '/home/sirius2beta/cetus/build/link_manager': CMAKE_PREFIX_PATH=/home/sirius2beta/cetus/install/more_interfaces:/home/sirius2beta/cetus/install/link_manager:/home/sirius2beta/cetus/install/video_control:/opt/ros/foxy LD_LIBRARY_PATH=/home/sirius2beta/cetus/install/more_interfaces/lib:/opt/ros/foxy/opt/yaml_cpp_vendor/lib:/opt/ros/foxy/lib/aarch64-linux-gnu:/opt/ros/foxy/lib:/usr/local/cuda-11.4/lib64:/usr/local/cuda-11.4/lib64 PYTHONPATH=/home/sirius2beta/cetus/install/more_interfaces/lib/python3.8/site-packages:/home/sirius2beta/cetus/install/video_control/lib/python3.8/site-packages:/opt/ros/foxy/lib/python3.8/site-packages /home/sirius2beta/.local/bin/cmake --build /home/sirius2beta/cetus/build/link_manager -- -j4 -l4
[0.391s] [ 20%] [34m[1mAutomatic MOC and UIC for target link_manager[0m
[0.424s] [ 20%] Built target link_manager_autogen
[0.563s] [ 40%] [32mBuilding CXX object CMakeFiles/link_manager.dir/src/link_manager.cpp.o[0m
[11.295s] [ 60%] [32m[1mLinking CXX executable link_manager[0m
[12.326s] [100%] Built target link_manager
[12.380s] Invoked command in '/home/sirius2beta/cetus/build/link_manager' returned '0': CMAKE_PREFIX_PATH=/home/sirius2beta/cetus/install/more_interfaces:/home/sirius2beta/cetus/install/link_manager:/home/sirius2beta/cetus/install/video_control:/opt/ros/foxy LD_LIBRARY_PATH=/home/sirius2beta/cetus/install/more_interfaces/lib:/opt/ros/foxy/opt/yaml_cpp_vendor/lib:/opt/ros/foxy/lib/aarch64-linux-gnu:/opt/ros/foxy/lib:/usr/local/cuda-11.4/lib64:/usr/local/cuda-11.4/lib64 PYTHONPATH=/home/sirius2beta/cetus/install/more_interfaces/lib/python3.8/site-packages:/home/sirius2beta/cetus/install/video_control/lib/python3.8/site-packages:/opt/ros/foxy/lib/python3.8/site-packages /home/sirius2beta/.local/bin/cmake --build /home/sirius2beta/cetus/build/link_manager -- -j4 -l4
[12.670s] Invoking command in '/home/sirius2beta/cetus/build/link_manager': CMAKE_PREFIX_PATH=/home/sirius2beta/cetus/install/more_interfaces:/home/sirius2beta/cetus/install/link_manager:/home/sirius2beta/cetus/install/video_control:/opt/ros/foxy LD_LIBRARY_PATH=/home/sirius2beta/cetus/install/more_interfaces/lib:/opt/ros/foxy/opt/yaml_cpp_vendor/lib:/opt/ros/foxy/lib/aarch64-linux-gnu:/opt/ros/foxy/lib:/usr/local/cuda-11.4/lib64:/usr/local/cuda-11.4/lib64 PYTHONPATH=/home/sirius2beta/cetus/install/more_interfaces/lib/python3.8/site-packages:/home/sirius2beta/cetus/install/video_control/lib/python3.8/site-packages:/opt/ros/foxy/lib/python3.8/site-packages /home/sirius2beta/.local/bin/cmake --install /home/sirius2beta/cetus/build/link_manager
[12.903s] -- Install configuration: ""
[12.904s] -- Installing: /home/sirius2beta/cetus/install/link_manager/lib/link_manager/link_manager
[12.922s] -- Set non-toolchain portion of runtime path of "/home/sirius2beta/cetus/install/link_manager/lib/link_manager/link_manager" to ""
[12.922s] -- Up-to-date: /home/sirius2beta/cetus/install/link_manager/share/ament_index/resource_index/package_run_dependencies/link_manager
[12.923s] -- Up-to-date: /home/sirius2beta/cetus/install/link_manager/share/ament_index/resource_index/parent_prefix_path/link_manager
[12.924s] -- Up-to-date: /home/sirius2beta/cetus/install/link_manager/share/link_manager/environment/ament_prefix_path.sh
[12.924s] -- Up-to-date: /home/sirius2beta/cetus/install/link_manager/share/link_manager/environment/ament_prefix_path.dsv
[12.925s] -- Up-to-date: /home/sirius2beta/cetus/install/link_manager/share/link_manager/environment/path.sh
[12.925s] -- Up-to-date: /home/sirius2beta/cetus/install/link_manager/share/link_manager/environment/path.dsv
[12.926s] -- Up-to-date: /home/sirius2beta/cetus/install/link_manager/share/link_manager/local_setup.bash
[12.926s] -- Up-to-date: /home/sirius2beta/cetus/install/link_manager/share/link_manager/local_setup.sh
[12.927s] -- Up-to-date: /home/sirius2beta/cetus/install/link_manager/share/link_manager/local_setup.zsh
[12.927s] -- Up-to-date: /home/sirius2beta/cetus/install/link_manager/share/link_manager/local_setup.dsv
[12.927s] -- Installing: /home/sirius2beta/cetus/install/link_manager/share/link_manager/package.dsv
[12.928s] -- Up-to-date: /home/sirius2beta/cetus/install/link_manager/share/ament_index/resource_index/packages/link_manager
[12.928s] -- Up-to-date: /home/sirius2beta/cetus/install/link_manager/share/link_manager/cmake/link_managerConfig.cmake
[12.928s] -- Up-to-date: /home/sirius2beta/cetus/install/link_manager/share/link_manager/cmake/link_managerConfig-version.cmake
[12.929s] -- Up-to-date: /home/sirius2beta/cetus/install/link_manager/share/link_manager/package.xml
[12.966s] Invoked command in '/home/sirius2beta/cetus/build/link_manager' returned '0': CMAKE_PREFIX_PATH=/home/sirius2beta/cetus/install/more_interfaces:/home/sirius2beta/cetus/install/link_manager:/home/sirius2beta/cetus/install/video_control:/opt/ros/foxy LD_LIBRARY_PATH=/home/sirius2beta/cetus/install/more_interfaces/lib:/opt/ros/foxy/opt/yaml_cpp_vendor/lib:/opt/ros/foxy/lib/aarch64-linux-gnu:/opt/ros/foxy/lib:/usr/local/cuda-11.4/lib64:/usr/local/cuda-11.4/lib64 PYTHONPATH=/home/sirius2beta/cetus/install/more_interfaces/lib/python3.8/site-packages:/home/sirius2beta/cetus/install/video_control/lib/python3.8/site-packages:/opt/ros/foxy/lib/python3.8/site-packages /home/sirius2beta/.local/bin/cmake --install /home/sirius2beta/cetus/build/link_manager
