[0.063s] Invoking command in '/home/sirius2beta/cetus/build/link_manager': CMAKE_PREFIX_PATH=/home/sirius2beta/cetus/install/more_interfaces:/home/sirius2beta/cetus/install/link_manager:/home/sirius2beta/cetus/install/video_control:/opt/ros/foxy LD_LIBRARY_PATH=/home/sirius2beta/cetus/install/more_interfaces/lib:/opt/ros/foxy/opt/yaml_cpp_vendor/lib:/opt/ros/foxy/lib/aarch64-linux-gnu:/opt/ros/foxy/lib:/usr/local/cuda-11.4/lib64:/usr/local/cuda-11.4/lib64 PYTHONPATH=/home/sirius2beta/cetus/install/more_interfaces/lib/python3.8/site-packages:/home/sirius2beta/cetus/install/video_control/lib/python3.8/site-packages:/opt/ros/foxy/lib/python3.8/site-packages /home/sirius2beta/.local/bin/cmake --build /home/sirius2beta/cetus/build/link_manager -- -j4 -l4
[0.397s] [ 20%] [34m[1mAutomatic MOC and UIC for target link_manager[0m
[0.430s] [ 20%] Built target link_manager_autogen
[0.627s] [ 40%] [32mBuilding CXX object CMakeFiles/link_manager.dir/src/RosInterface.cpp.o[0m
[7.587s] In file included from [01m[K/home/sirius2beta/cetus/src/link_manager/src/mavlink/hypex/../protocol.h:4[m[K,
[7.587s]                  from [01m[K/home/sirius2beta/cetus/src/link_manager/src/mavlink/hypex/hypex.h:29[m[K,
[7.588s]                  from [01m[K/home/sirius2beta/cetus/src/link_manager/src/mavlink/hypex/mavlink.h:32[m[K,
[7.588s]                  from [01m[K/home/sirius2beta/cetus/src/link_manager/src/RosInterface.h:4[m[K,
[7.588s]                  from [01m[K/home/sirius2beta/cetus/src/link_manager/src/RosInterface.cpp:1[m[K:
[7.589s] [01m[K/home/sirius2beta/cetus/src/link_manager/src/mavlink/hypex/../mavlink_types.h:92:5:[m[K [01;35m[Kwarning: [m[KISO C++ prohibits anonymous structs [[01;35m[K-Wpedantic[m[K]
[7.589s]    92 |     [01;35m[K}[m[K;
[7.590s]       |     [01;35m[K^[m[K
[7.591s] [01m[K/home/sirius2beta/cetus/src/link_manager/src/mavlink/hypex/../mavlink_types.h:17:40:[m[K [01;36m[Knote: [m[Kin definition of macro ‘[01m[KMAVPACKED[m[K’
[7.591s]    17 |   #define MAVPACKED( __Declaration__ ) [01;36m[K__Declaration__[m[K __attribute__((packed))
[7.591s]       |                                        [01;36m[K^~~~~~~~~~~~~~~[m[K
[8.072s] In file included from [01m[K/home/sirius2beta/cetus/src/link_manager/src/mavlink/hypex/../ardupilotmega/../common/common.h:2646[m[K,
[8.073s]                  from [01m[K/home/sirius2beta/cetus/src/link_manager/src/mavlink/hypex/../ardupilotmega/ardupilotmega.h:1181[m[K,
[8.073s]                  from [01m[K/home/sirius2beta/cetus/src/link_manager/src/mavlink/hypex/hypex.h:52[m[K,
[8.074s]                  from [01m[K/home/sirius2beta/cetus/src/link_manager/src/mavlink/hypex/mavlink.h:32[m[K,
[8.074s]                  from [01m[K/home/sirius2beta/cetus/src/link_manager/src/RosInterface.h:4[m[K,
[8.074s]                  from [01m[K/home/sirius2beta/cetus/src/link_manager/src/RosInterface.cpp:1[m[K:
[8.075s] [01m[K/home/sirius2beta/cetus/src/link_manager/src/mavlink/hypex/../ardupilotmega/../common/./mavlink_msg_set_attitude_target.h:[m[K In function ‘[01m[Kuint16_t mavlink_msg_set_attitude_target_encode(uint8_t, uint8_t, mavlink_message_t*, const mavlink_set_attitude_target_t*)[m[K’:
[8.075s] [01m[K/home/sirius2beta/cetus/src/link_manager/src/mavlink/hypex/../ardupilotmega/../common/./mavlink_msg_set_attitude_target.h:241:242:[m[K [01;35m[Kwarning: [m[Ktaking address of packed member of ‘[01m[K__mavlink_set_attitude_target_t[m[K’ may result in an unaligned pointer value [[01;35m[K-Waddress-of-packed-member[m[K]
[8.075s]   241 | omponent, set_attitude_target->type_mask, [01;35m[Kset_attitude_target->q[m[K, set_attitude_target->body_roll_rate, set_attitude_target->body_pitch_rate, set_attitude_target->body_yaw_rate, set_attitude_target->thrust, set_attitude_target->thrust_body);
[8.076s]       |                                           [01;35m[K~~~~~~~~~~~~~~~~~~~~~^[m[K
[8.076s] 
[8.077s] In file included from [01m[K/home/sirius2beta/cetus/src/link_manager/src/mavlink/hypex/../ardupilotmega/../common/common.h:2646[m[K,
[8.077s]                  from [01m[K/home/sirius2beta/cetus/src/link_manager/src/mavlink/hypex/../ardupilotmega/ardupilotmega.h:1181[m[K,
[8.078s]                  from [01m[K/home/sirius2beta/cetus/src/link_manager/src/mavlink/hypex/hypex.h:52[m[K,
[8.078s]                  from [01m[K/home/sirius2beta/cetus/src/link_manager/src/mavlink/hypex/mavlink.h:32[m[K,
[8.079s]                  from [01m[K/home/sirius2beta/cetus/src/link_manager/src/RosInterface.h:4[m[K,
[8.079s]                  from [01m[K/home/sirius2beta/cetus/src/link_manager/src/RosInterface.cpp:1[m[K:
[8.079s] [01m[K/home/sirius2beta/cetus/src/link_manager/src/mavlink/hypex/../ardupilotmega/../common/./mavlink_msg_set_attitude_target.h:241:406:[m[K [01;35m[Kwarning: [m[Ktaking address of packed member of ‘[01m[K__mavlink_set_attitude_target_t[m[K’ may result in an unaligned pointer value [[01;35m[K-Waddress-of-packed-member[m[K]
[8.080s]   241 | ->body_yaw_rate, set_attitude_target->thrust, [01;35m[Kset_attitude_target->thrust_body[m[K);
[8.080s]       |                                               [01;35m[K~~~~~~~~~~~~~~~~~~~~~^~~~~~~~~~~[m[K
[8.080s] 
[8.081s] [01m[K/home/sirius2beta/cetus/src/link_manager/src/mavlink/hypex/../ardupilotmega/../common/./mavlink_msg_set_attitude_target.h:[m[K In function ‘[01m[Kuint16_t mavlink_msg_set_attitude_target_encode_chan(uint8_t, uint8_t, uint8_t, mavlink_message_t*, const mavlink_set_attitude_target_t*)[m[K’:
[8.081s] [01m[K/home/sirius2beta/cetus/src/link_manager/src/mavlink/hypex/../ardupilotmega/../common/./mavlink_msg_set_attitude_target.h:255:253:[m[K [01;35m[Kwarning: [m[Ktaking address of packed member of ‘[01m[K__mavlink_set_attitude_target_t[m[K’ may result in an unaligned pointer value [[01;35m[K-Waddress-of-packed-member[m[K]
[8.081s]   255 | omponent, set_attitude_target->type_mask, [01;35m[Kset_attitude_target->q[m[K, set_attitude_target->body_roll_rate, set_attitude_target->body_pitch_rate, set_attitude_target->body_yaw_rate, set_attitude_target->thrust, set_attitude_target->thrust_body);
[8.082s]       |                                           [01;35m[K~~~~~~~~~~~~~~~~~~~~~^[m[K
[8.082s] 
[8.082s] [01m[K/home/sirius2beta/cetus/src/link_manager/src/mavlink/hypex/../ardupilotmega/../common/./mavlink_msg_set_attitude_target.h:255:417:[m[K [01;35m[Kwarning: [m[Ktaking address of packed member of ‘[01m[K__mavlink_set_attitude_target_t[m[K’ may result in an unaligned pointer value [[01;35m[K-Waddress-of-packed-member[m[K]
[8.083s]   255 | ->body_yaw_rate, set_attitude_target->thrust, [01;35m[Kset_attitude_target->thrust_body[m[K);
[8.083s]       |                                               [01;35m[K~~~~~~~~~~~~~~~~~~~~~^~~~~~~~~~~[m[K
[8.083s] 
[8.084s] [01m[K/home/sirius2beta/cetus/src/link_manager/src/mavlink/hypex/../ardupilotmega/../common/./mavlink_msg_set_attitude_target.h:[m[K In function ‘[01m[Kuint16_t mavlink_msg_set_attitude_target_encode_status(uint8_t, uint8_t, mavlink_status_t*, mavlink_message_t*, const mavlink_set_attitude_target_t*)[m[K’:
[8.084s] [01m[K/home/sirius2beta/cetus/src/link_manager/src/mavlink/hypex/../ardupilotmega/../common/./mavlink_msg_set_attitude_target.h:269:259:[m[K [01;35m[Kwarning: [m[Ktaking address of packed member of ‘[01m[K__mavlink_set_attitude_target_t[m[K’ may result in an unaligned pointer value [[01;35m[K-Waddress-of-packed-member[m[K]
[8.084s]   269 | omponent, set_attitude_target->type_mask, [01;35m[Kset_attitude_target->q[m[K, set_attitude_target->body_roll_rate, set_attitude_target->body_pitch_rate, set_attitude_target->body_yaw_rate, set_attitude_target->thrust, set_attitude_target->thrust_body);
[8.085s]       |                                           [01;35m[K~~~~~~~~~~~~~~~~~~~~~^[m[K
[8.085s] 
[8.085s] [01m[K/home/sirius2beta/cetus/src/link_manager/src/mavlink/hypex/../ardupilotmega/../common/./mavlink_msg_set_attitude_target.h:269:423:[m[K [01;35m[Kwarning: [m[Ktaking address of packed member of ‘[01m[K__mavlink_set_attitude_target_t[m[K’ may result in an unaligned pointer value [[01;35m[K-Waddress-of-packed-member[m[K]
[8.086s]   269 | ->body_yaw_rate, set_attitude_target->thrust, [01;35m[Kset_attitude_target->thrust_body[m[K);
[8.086s]       |                                               [01;35m[K~~~~~~~~~~~~~~~~~~~~~^~~~~~~~~~~[m[K
[8.086s] 
[8.283s] In file included from [01m[K/home/sirius2beta/cetus/src/link_manager/src/mavlink/hypex/../ardupilotmega/../common/common.h:2689[m[K,
[8.284s]                  from [01m[K/home/sirius2beta/cetus/src/link_manager/src/mavlink/hypex/../ardupilotmega/ardupilotmega.h:1181[m[K,
[8.286s]                  from [01m[K/home/sirius2beta/cetus/src/link_manager/src/mavlink/hypex/hypex.h:52[m[K,
[8.286s]                  from [01m[K/home/sirius2beta/cetus/src/link_manager/src/mavlink/hypex/mavlink.h:32[m[K,
[8.287s]                  from [01m[K/home/sirius2beta/cetus/src/link_manager/src/RosInterface.h:4[m[K,
[8.289s]                  from [01m[K/home/sirius2beta/cetus/src/link_manager/src/RosInterface.cpp:1[m[K:
[8.290s] [01m[K/home/sirius2beta/cetus/src/link_manager/src/mavlink/hypex/../ardupilotmega/../common/./mavlink_msg_distance_sensor.h:[m[K In function ‘[01m[Kuint16_t mavlink_msg_distance_sensor_encode(uint8_t, uint8_t, mavlink_message_t*, const mavlink_distance_sensor_t*)[m[K’:
[8.291s] [01m[K/home/sirius2beta/cetus/src/link_manager/src/mavlink/hypex/../ardupilotmega/../common/./mavlink_msg_distance_sensor.h:264:387:[m[K [01;35m[Kwarning: [m[Ktaking address of packed member of ‘[01m[K__mavlink_distance_sensor_t[m[K’ may result in an unaligned pointer value [[01;35m[K-Waddress-of-packed-member[m[K]
[8.291s]   264 | orizontal_fov, distance_sensor->vertical_fov, [01;35m[Kdistance_sensor->quaternion[m[K, distance_sensor->signal_quality);
[8.291s]       |                                               [01;35m[K~~~~~~~~~~~~~~~~~^~~~~~~~~~[m[K
[8.292s] 
[8.292s] [01m[K/home/sirius2beta/cetus/src/link_manager/src/mavlink/hypex/../ardupilotmega/../common/./mavlink_msg_distance_sensor.h:[m[K In function ‘[01m[Kuint16_t mavlink_msg_distance_sensor_encode_chan(uint8_t, uint8_t, uint8_t, mavlink_message_t*, const mavlink_distance_sensor_t*)[m[K’:
[8.293s] [01m[K/home/sirius2beta/cetus/src/link_manager/src/mavlink/hypex/../ardupilotmega/../common/./mavlink_msg_distance_sensor.h:278:398:[m[K [01;35m[Kwarning: [m[Ktaking address of packed member of ‘[01m[K__mavlink_distance_sensor_t[m[K’ may result in an unaligned pointer value [[01;35m[K-Waddress-of-packed-member[m[K]
[8.293s]   278 | orizontal_fov, distance_sensor->vertical_fov, [01;35m[Kdistance_sensor->quaternion[m[K, distance_sensor->signal_quality);
[8.296s]       |                                               [01;35m[K~~~~~~~~~~~~~~~~~^~~~~~~~~~[m[K
[8.296s] 
[8.297s] [01m[K/home/sirius2beta/cetus/src/link_manager/src/mavlink/hypex/../ardupilotmega/../common/./mavlink_msg_distance_sensor.h:[m[K In function ‘[01m[Kuint16_t mavlink_msg_distance_sensor_encode_status(uint8_t, uint8_t, mavlink_status_t*, mavlink_message_t*, const mavlink_distance_sensor_t*)[m[K’:
[8.297s] [01m[K/home/sirius2beta/cetus/src/link_manager/src/mavlink/hypex/../ardupilotmega/../common/./mavlink_msg_distance_sensor.h:292:404:[m[K [01;35m[Kwarning: [m[Ktaking address of packed member of ‘[01m[K__mavlink_distance_sensor_t[m[K’ may result in an unaligned pointer value [[01;35m[K-Waddress-of-packed-member[m[K]
[8.297s]   292 | orizontal_fov, distance_sensor->vertical_fov, [01;35m[Kdistance_sensor->quaternion[m[K, distance_sensor->signal_quality);
[8.298s]       |                                               [01;35m[K~~~~~~~~~~~~~~~~~^~~~~~~~~~[m[K
[8.298s] 
[8.333s] In file included from [01m[K/home/sirius2beta/cetus/src/link_manager/src/mavlink/hypex/../ardupilotmega/../common/common.h:2703[m[K,
[8.333s]                  from [01m[K/home/sirius2beta/cetus/src/link_manager/src/mavlink/hypex/../ardupilotmega/ardupilotmega.h:1181[m[K,
[8.336s]                  from [01m[K/home/sirius2beta/cetus/src/link_manager/src/mavlink/hypex/hypex.h:52[m[K,
[8.338s]                  from [01m[K/home/sirius2beta/cetus/src/link_manager/src/mavlink/hypex/mavlink.h:32[m[K,
[8.338s]                  from [01m[K/home/sirius2beta/cetus/src/link_manager/src/RosInterface.h:4[m[K,
[8.339s]                  from [01m[K/home/sirius2beta/cetus/src/link_manager/src/RosInterface.cpp:1[m[K:
[8.339s] [01m[K/home/sirius2beta/cetus/src/link_manager/src/mavlink/hypex/../ardupilotmega/../common/./mavlink_msg_battery_status.h:[m[K In function ‘[01m[Kuint16_t mavlink_msg_battery_status_encode(uint8_t, uint8_t, mavlink_message_t*, const mavlink_battery_status_t*)[m[K’:
[8.340s] [01m[K/home/sirius2beta/cetus/src/link_manager/src/mavlink/hypex/../ardupilotmega/../common/./mavlink_msg_battery_status.h:289:195:[m[K [01;35m[Kwarning: [m[Ktaking address of packed member of ‘[01m[K__mavlink_battery_status_t[m[K’ may result in an unaligned pointer value [[01;35m[K-Waddress-of-packed-member[m[K]
[8.342s]   289 | ery_status->type, battery_status->temperature, [01;35m[Kbattery_status->voltages[m[K, battery_status->current_battery, battery_status->current_consumed, battery_status->energy_consumed, battery_status->battery_remaining, battery_status->time_remaining, battery_status->charge_state, battery_status->voltages_ext, battery_status->mode, battery_status->fault_bitmask);
[8.343s]       |                                                [01;35m[K~~~~~~~~~~~~~~~~^~~~~~~~[m[K
[8.343s] 
[8.343s] [01m[K/home/sirius2beta/cetus/src/link_manager/src/mavlink/hypex/../ardupilotmega/../common/./mavlink_msg_battery_status.h:289:418:[m[K [01;35m[Kwarning: [m[Ktaking address of packed member of ‘[01m[K__mavlink_battery_status_t[m[K’ may result in an unaligned pointer value [[01;35m[K-Waddress-of-packed-member[m[K]
[8.344s]   289 | >time_remaining, battery_status->charge_state, [01;35m[Kbattery_status->voltages_ext[m[K, battery_status->mode, battery_status->fault_bitmask);
[8.344s]       |                                                [01;35m[K~~~~~~~~~~~~~~~~^~~~~~~~~~~~[m[K
[8.344s] 
[8.345s] [01m[K/home/sirius2beta/cetus/src/link_manager/src/mavlink/hypex/../ardupilotmega/../common/./mavlink_msg_battery_status.h:[m[K In function ‘[01m[Kuint16_t mavlink_msg_battery_status_encode_chan(uint8_t, uint8_t, uint8_t, mavlink_message_t*, const mavlink_battery_status_t*)[m[K’:
[8.345s] [01m[K/home/sirius2beta/cetus/src/link_manager/src/mavlink/hypex/../ardupilotmega/../common/./mavlink_msg_battery_status.h:303:206:[m[K [01;35m[Kwarning: [m[Ktaking address of packed member of ‘[01m[K__mavlink_battery_status_t[m[K’ may result in an unaligned pointer value [[01;35m[K-Waddress-of-packed-member[m[K]
[8.346s]   303 | ery_status->type, battery_status->temperature, [01;35m[Kbattery_status->voltages[m[K, battery_status->current_battery, battery_status->current_consumed, battery_status->energy_consumed, battery_status->battery_remaining, battery_status->time_remaining, battery_status->charge_state, battery_status->voltages_ext, battery_status->mode, battery_status->fault_bitmask);
[8.346s]       |                                                [01;35m[K~~~~~~~~~~~~~~~~^~~~~~~~[m[K
[8.346s] 
[8.347s] [01m[K/home/sirius2beta/cetus/src/link_manager/src/mavlink/hypex/../ardupilotmega/../common/./mavlink_msg_battery_status.h:303:429:[m[K [01;35m[Kwarning: [m[Ktaking address of packed member of ‘[01m[K__mavlink_battery_status_t[m[K’ may result in an unaligned pointer value [[01;35m[K-Waddress-of-packed-member[m[K]
[8.347s]   303 | >time_remaining, battery_status->charge_state, [01;35m[Kbattery_status->voltages_ext[m[K, battery_status->mode, battery_status->fault_bitmask);
[8.347s]       |                                                [01;35m[K~~~~~~~~~~~~~~~~^~~~~~~~~~~~[m[K
[8.348s] 
[8.348s] [01m[K/home/sirius2beta/cetus/src/link_manager/src/mavlink/hypex/../ardupilotmega/../common/./mavlink_msg_battery_status.h:[m[K In function ‘[01m[Kuint16_t mavlink_msg_battery_status_encode_status(uint8_t, uint8_t, mavlink_status_t*, mavlink_message_t*, const mavlink_battery_status_t*)[m[K’:
[8.348s] [01m[K/home/sirius2beta/cetus/src/link_manager/src/mavlink/hypex/../ardupilotmega/../common/./mavlink_msg_battery_status.h:317:212:[m[K [01;35m[Kwarning: [m[Ktaking address of packed member of ‘[01m[K__mavlink_battery_status_t[m[K’ may result in an unaligned pointer value [[01;35m[K-Waddress-of-packed-member[m[K]
[8.349s]   317 | ery_status->type, battery_status->temperature, [01;35m[Kbattery_status->voltages[m[K, battery_status->current_battery, battery_status->current_consumed, battery_status->energy_consumed, battery_status->battery_remaining, battery_status->time_remaining, battery_status->charge_state, battery_status->voltages_ext, battery_status->mode, battery_status->fault_bitmask);
[8.349s]       |                                                [01;35m[K~~~~~~~~~~~~~~~~^~~~~~~~[m[K
[8.349s] 
[8.350s] [01m[K/home/sirius2beta/cetus/src/link_manager/src/mavlink/hypex/../ardupilotmega/../common/./mavlink_msg_battery_status.h:317:435:[m[K [01;35m[Kwarning: [m[Ktaking address of packed member of ‘[01m[K__mavlink_battery_status_t[m[K’ may result in an unaligned pointer value [[01;35m[K-Waddress-of-packed-member[m[K]
[8.350s]   317 | >time_remaining, battery_status->charge_state, [01;35m[Kbattery_status->voltages_ext[m[K, battery_status->mode, battery_status->fault_bitmask);
[8.350s]       |                                                [01;35m[K~~~~~~~~~~~~~~~~^~~~~~~~~~~~[m[K
[8.351s] 
[8.351s] In file included from [01m[K/home/sirius2beta/cetus/src/link_manager/src/mavlink/hypex/../ardupilotmega/../common/common.h:2704[m[K,
[8.351s]                  from [01m[K/home/sirius2beta/cetus/src/link_manager/src/mavlink/hypex/../ardupilotmega/ardupilotmega.h:1181[m[K,
[8.352s]                  from [01m[K/home/sirius2beta/cetus/src/link_manager/src/mavlink/hypex/hypex.h:52[m[K,
[8.352s]                  from [01m[K/home/sirius2beta/cetus/src/link_manager/src/mavlink/hypex/mavlink.h:32[m[K,
[8.352s]                  from [01m[K/home/sirius2beta/cetus/src/link_manager/src/RosInterface.h:4[m[K,
[8.353s]                  from [01m[K/home/sirius2beta/cetus/src/link_manager/src/RosInterface.cpp:1[m[K:
[8.353s] [01m[K/home/sirius2beta/cetus/src/link_manager/src/mavlink/hypex/../ardupilotmega/../common/./mavlink_msg_landing_target.h:[m[K In function ‘[01m[Kuint16_t mavlink_msg_landing_target_encode(uint8_t, uint8_t, mavlink_message_t*, const mavlink_landing_target_t*)[m[K’:
[8.354s] [01m[K/home/sirius2beta/cetus/src/link_manager/src/mavlink/hypex/../ardupilotmega/../common/./mavlink_msg_landing_target.h:288:349:[m[K [01;35m[Kwarning: [m[Ktaking address of packed member of ‘[01m[K__mavlink_landing_target_t[m[K’ may result in an unaligned pointer value [[01;35m[K-Waddress-of-packed-member[m[K]
[8.354s]   288 | rget->x, landing_target->y, landing_target->z, [01;35m[Klanding_target->q[m[K, landing_target->type, landing_target->position_valid);
[8.354s]       |                                                [01;35m[K~~~~~~~~~~~~~~~~^[m[K
[8.354s] 
[8.355s] [01m[K/home/sirius2beta/cetus/src/link_manager/src/mavlink/hypex/../ardupilotmega/../common/./mavlink_msg_landing_target.h:[m[K In function ‘[01m[Kuint16_t mavlink_msg_landing_target_encode_chan(uint8_t, uint8_t, uint8_t, mavlink_message_t*, const mavlink_landing_target_t*)[m[K’:
[8.355s] [01m[K/home/sirius2beta/cetus/src/link_manager/src/mavlink/hypex/../ardupilotmega/../common/./mavlink_msg_landing_target.h:302:360:[m[K [01;35m[Kwarning: [m[Ktaking address of packed member of ‘[01m[K__mavlink_landing_target_t[m[K’ may result in an unaligned pointer value [[01;35m[K-Waddress-of-packed-member[m[K]
[8.355s]   302 | rget->x, landing_target->y, landing_target->z, [01;35m[Klanding_target->q[m[K, landing_target->type, landing_target->position_valid);
[8.356s]       |                                                [01;35m[K~~~~~~~~~~~~~~~~^[m[K
[8.356s] 
[8.356s] [01m[K/home/sirius2beta/cetus/src/link_manager/src/mavlink/hypex/../ardupilotmega/../common/./mavlink_msg_landing_target.h:[m[K In function ‘[01m[Kuint16_t mavlink_msg_landing_target_encode_status(uint8_t, uint8_t, mavlink_status_t*, mavlink_message_t*, const mavlink_landing_target_t*)[m[K’:
[8.357s] [01m[K/home/sirius2beta/cetus/src/link_manager/src/mavlink/hypex/../ardupilotmega/../common/./mavlink_msg_landing_target.h:316:366:[m[K [01;35m[Kwarning: [m[Ktaking address of packed member of ‘[01m[K__mavlink_landing_target_t[m[K’ may result in an unaligned pointer value [[01;35m[K-Waddress-of-packed-member[m[K]
[8.357s]   316 | rget->x, landing_target->y, landing_target->z, [01;35m[Klanding_target->q[m[K, landing_target->type, landing_target->position_valid);
[8.358s]       |                                                [01;35m[K~~~~~~~~~~~~~~~~^[m[K
[8.358s] 
[8.394s] In file included from [01m[K/home/sirius2beta/cetus/src/link_manager/src/mavlink/hypex/../ardupilotmega/../common/common.h:2715[m[K,
[8.395s]                  from [01m[K/home/sirius2beta/cetus/src/link_manager/src/mavlink/hypex/../ardupilotmega/ardupilotmega.h:1181[m[K,
[8.396s]                  from [01m[K/home/sirius2beta/cetus/src/link_manager/src/mavlink/hypex/hypex.h:52[m[K,
[8.396s]                  from [01m[K/home/sirius2beta/cetus/src/link_manager/src/mavlink/hypex/mavlink.h:32[m[K,
[8.396s]                  from [01m[K/home/sirius2beta/cetus/src/link_manager/src/RosInterface.h:4[m[K,
[8.397s]                  from [01m[K/home/sirius2beta/cetus/src/link_manager/src/RosInterface.cpp:1[m[K:
[8.397s] [01m[K/home/sirius2beta/cetus/src/link_manager/src/mavlink/hypex/../ardupilotmega/../common/./mavlink_msg_home_position.h:[m[K In function ‘[01m[Kuint16_t mavlink_msg_home_position_encode(uint8_t, uint8_t, mavlink_message_t*, const mavlink_home_position_t*)[m[K’:
[8.398s] [01m[K/home/sirius2beta/cetus/src/link_manager/src/mavlink/hypex/../ardupilotmega/../common/./mavlink_msg_home_position.h:268:218:[m[K [01;35m[Kwarning: [m[Ktaking address of packed member of ‘[01m[K__mavlink_home_position_t[m[K’ may result in an unaligned pointer value [[01;35m[K-Waddress-of-packed-member[m[K]
[8.398s]   268 | osition->x, home_position->y, home_position->z, [01;35m[Khome_position->q[m[K, home_position->approach_x, home_position->approach_y, home_position->approach_z, home_position->time_usec);
[8.398s]       |                                                 [01;35m[K~~~~~~~~~~~~~~~^[m[K
[8.399s] 
[8.400s] [01m[K/home/sirius2beta/cetus/src/link_manager/src/mavlink/hypex/../ardupilotmega/../common/./mavlink_msg_home_position.h:[m[K In function ‘[01m[Kuint16_t mavlink_msg_home_position_encode_chan(uint8_t, uint8_t, uint8_t, mavlink_message_t*, const mavlink_home_position_t*)[m[K’:
[8.400s] [01m[K/home/sirius2beta/cetus/src/link_manager/src/mavlink/hypex/../ardupilotmega/../common/./mavlink_msg_home_position.h:282:229:[m[K [01;35m[Kwarning: [m[Ktaking address of packed member of ‘[01m[K__mavlink_home_position_t[m[K’ may result in an unaligned pointer value [[01;35m[K-Waddress-of-packed-member[m[K]
[8.401s]   282 | osition->x, home_position->y, home_position->z, [01;35m[Khome_position->q[m[K, home_position->approach_x, home_position->approach_y, home_position->approach_z, home_position->time_usec);
[8.401s]       |                                                 [01;35m[K~~~~~~~~~~~~~~~^[m[K
[8.403s] 
[8.404s] [01m[K/home/sirius2beta/cetus/src/link_manager/src/mavlink/hypex/../ardupilotmega/../common/./mavlink_msg_home_position.h:[m[K In function ‘[01m[Kuint16_t mavlink_msg_home_position_encode_status(uint8_t, uint8_t, mavlink_status_t*, mavlink_message_t*, const mavlink_home_position_t*)[m[K’:
[8.404s] [01m[K/home/sirius2beta/cetus/src/link_manager/src/mavlink/hypex/../ardupilotmega/../common/./mavlink_msg_home_position.h:296:235:[m[K [01;35m[Kwarning: [m[Ktaking address of packed member of ‘[01m[K__mavlink_home_position_t[m[K’ may result in an unaligned pointer value [[01;35m[K-Waddress-of-packed-member[m[K]
[8.405s]   296 | osition->x, home_position->y, home_position->z, [01;35m[Khome_position->q[m[K, home_position->approach_x, home_position->approach_y, home_position->approach_z, home_position->time_usec);
[8.405s]       |                                                 [01;35m[K~~~~~~~~~~~~~~~^[m[K
[8.406s] 
[8.406s] In file included from [01m[K/home/sirius2beta/cetus/src/link_manager/src/mavlink/hypex/../ardupilotmega/../common/common.h:2716[m[K,
[8.406s]                  from [01m[K/home/sirius2beta/cetus/src/link_manager/src/mavlink/hypex/../ardupilotmega/ardupilotmega.h:1181[m[K,
[8.407s]                  from [01m[K/home/sirius2beta/cetus/src/link_manager/src/mavlink/hypex/hypex.h:52[m[K,
[8.408s]                  from [01m[K/home/sirius2beta/cetus/src/link_manager/src/mavlink/hypex/mavlink.h:32[m[K,
[8.408s]                  from [01m[K/home/sirius2beta/cetus/src/link_manager/src/RosInterface.h:4[m[K,
[8.409s]                  from [01m[K/home/sirius2beta/cetus/src/link_manager/src/RosInterface.cpp:1[m[K:
[8.409s] [01m[K/home/sirius2beta/cetus/src/link_manager/src/mavlink/hypex/../ardupilotmega/../common/./mavlink_msg_set_home_position.h:[m[K In function ‘[01m[Kuint16_t mavlink_msg_set_home_position_encode(uint8_t, uint8_t, mavlink_message_t*, const mavlink_set_home_position_t*)[m[K’:
[8.410s] [01m[K/home/sirius2beta/cetus/src/link_manager/src/mavlink/hypex/../ardupilotmega/../common/./mavlink_msg_set_home_position.h:264:284:[m[K [01;35m[Kwarning: [m[Ktaking address of packed member of ‘[01m[K__mavlink_set_home_position_t[m[K’ may result in an unaligned pointer value [[01;35m[K-Waddress-of-packed-member[m[K]
[8.410s]   264 | set_home_position->y, set_home_position->z, [01;35m[Kset_home_position->q[m[K, set_home_position->approach_x, set_home_position->approach_y, set_home_position->approach_z, set_home_position->time_usec);
[8.410s]       |                                             [01;35m[K~~~~~~~~~~~~~~~~~~~^[m[K
[8.411s] 
[8.411s] [01m[K/home/sirius2beta/cetus/src/link_manager/src/mavlink/hypex/../ardupilotmega/../common/./mavlink_msg_set_home_position.h:[m[K In function ‘[01m[Kuint16_t mavlink_msg_set_home_position_encode_chan(uint8_t, uint8_t, uint8_t, mavlink_message_t*, const mavlink_set_home_position_t*)[m[K’:
[8.411s] [01m[K/home/sirius2beta/cetus/src/link_manager/src/mavlink/hypex/../ardupilotmega/../common/./mavlink_msg_set_home_position.h:278:295:[m[K [01;35m[Kwarning: [m[Ktaking address of packed member of ‘[01m[K__mavlink_set_home_position_t[m[K’ may result in an unaligned pointer value [[01;35m[K-Waddress-of-packed-member[m[K]
[8.412s]   278 | set_home_position->y, set_home_position->z, [01;35m[Kset_home_position->q[m[K, set_home_position->approach_x, set_home_position->approach_y, set_home_position->approach_z, set_home_position->time_usec);
[8.413s]       |                                             [01;35m[K~~~~~~~~~~~~~~~~~~~^[m[K
[8.414s] 
[8.414s] [01m[K/home/sirius2beta/cetus/src/link_manager/src/mavlink/hypex/../ardupilotmega/../common/./mavlink_msg_set_home_position.h:[m[K In function ‘[01m[Kuint16_t mavlink_msg_set_home_position_encode_status(uint8_t, uint8_t, mavlink_status_t*, mavlink_message_t*, const mavlink_set_home_position_t*)[m[K’:
[8.414s] [01m[K/home/sirius2beta/cetus/src/link_manager/src/mavlink/hypex/../ardupilotmega/../common/./mavlink_msg_set_home_position.h:292:301:[m[K [01;35m[Kwarning: [m[Ktaking address of packed member of ‘[01m[K__mavlink_set_home_position_t[m[K’ may result in an unaligned pointer value [[01;35m[K-Waddress-of-packed-member[m[K]
[8.415s]   292 | set_home_position->y, set_home_position->z, [01;35m[Kset_home_position->q[m[K, set_home_position->approach_x, set_home_position->approach_y, set_home_position->approach_z, set_home_position->time_usec);
[8.415s]       |                                             [01;35m[K~~~~~~~~~~~~~~~~~~~^[m[K
[8.415s] 
[8.523s] In file included from [01m[K/home/sirius2beta/cetus/src/link_manager/src/mavlink/hypex/../ardupilotmega/../common/common.h:2753[m[K,
[8.526s]                  from [01m[K/home/sirius2beta/cetus/src/link_manager/src/mavlink/hypex/../ardupilotmega/ardupilotmega.h:1181[m[K,
[8.526s]                  from [01m[K/home/sirius2beta/cetus/src/link_manager/src/mavlink/hypex/hypex.h:52[m[K,
[8.527s]                  from [01m[K/home/sirius2beta/cetus/src/link_manager/src/mavlink/hypex/mavlink.h:32[m[K,
[8.527s]                  from [01m[K/home/sirius2beta/cetus/src/link_manager/src/RosInterface.h:4[m[K,
[8.528s]                  from [01m[K/home/sirius2beta/cetus/src/link_manager/src/RosInterface.cpp:1[m[K:
[8.528s] [01m[K/home/sirius2beta/cetus/src/link_manager/src/mavlink/hypex/../ardupilotmega/../common/./mavlink_msg_autopilot_state_for_gimbal_device.h:[m[K In function ‘[01m[Kuint16_t mavlink_msg_autopilot_state_for_gimbal_device_encode(uint8_t, uint8_t, mavlink_message_t*, const mavlink_autopilot_state_for_gimbal_device_t*)[m[K’:
[8.529s] [01m[K/home/sirius2beta/cetus/src/link_manager/src/mavlink/hypex/../ardupilotmega/../common/./mavlink_msg_autopilot_state_for_gimbal_device.h:276:280:[m[K [01;35m[Kwarning: [m[Ktaking address of packed member of ‘[01m[K__mavlink_autopilot_state_for_gimbal_device_t[m[K’ may result in an unaligned pointer value [[01;35m[K-Waddress-of-packed-member[m[K]
[8.529s]   276 | imbal_device->time_boot_us, [01;35m[Kautopilot_state_for_gimbal_device->q[m[K, autopilot_state_for_gimbal_device->q_estimated_delay_us, autopilot_state_for_gimbal_device->vx, autopilot_state_for_gimbal_device->vy, autopilot_state_for_gimbal_device->vz, autopilot_state_for_gimbal_device->v_estimated_delay_us, autopilot_state_for_gimbal_device->feed_forward_angular_velocity_z, autopilot_state_for_gimbal_device->estimator_status, autopilot_state_for_gimbal_device->landed_state, autopilot_state_for_gimbal_device->angular_velocity_z);
[8.529s]       |                             [01;35m[K~~~~~~~~~~~~~~~~~~~~~~~~~~~~~~~~~~~^[m[K
[8.530s] 
[8.530s] In file included from [01m[K/home/sirius2beta/cetus/src/link_manager/src/mavlink/hypex/../ardupilotmega/../common/common.h:2753[m[K,
[8.530s]                  from [01m[K/home/sirius2beta/cetus/src/link_manager/src/mavlink/hypex/../ardupilotmega/ardupilotmega.h:1181[m[K,
[8.531s]                  from [01m[K/home/sirius2beta/cetus/src/link_manager/src/mavlink/hypex/hypex.h:52[m[K,
[8.531s]                  from [01m[K/home/sirius2beta/cetus/src/link_manager/src/mavlink/hypex/mavlink.h:32[m[K,
[8.531s]                  from [01m[K/home/sirius2beta/cetus/src/link_manager/src/RosInterface.h:4[m[K,
[8.532s]                  from [01m[K/home/sirius2beta/cetus/src/link_manager/src/RosInterface.cpp:1[m[K:
[8.532s] [01m[K/home/sirius2beta/cetus/src/link_manager/src/mavlink/hypex/../ardupilotmega/../common/./mavlink_msg_autopilot_state_for_gimbal_device.h:[m[K In function ‘[01m[Kuint16_t mavlink_msg_autopilot_state_for_gimbal_device_encode_chan(uint8_t, uint8_t, uint8_t, mavlink_message_t*, const mavlink_autopilot_state_for_gimbal_device_t*)[m[K’:
[8.533s] [01m[K/home/sirius2beta/cetus/src/link_manager/src/mavlink/hypex/../ardupilotmega/../common/./mavlink_msg_autopilot_state_for_gimbal_device.h:290:291:[m[K [01;35m[Kwarning: [m[Ktaking address of packed member of ‘[01m[K__mavlink_autopilot_state_for_gimbal_device_t[m[K’ may result in an unaligned pointer value [[01;35m[K-Waddress-of-packed-member[m[K]
[8.533s]   290 | imbal_device->time_boot_us, [01;35m[Kautopilot_state_for_gimbal_device->q[m[K, autopilot_state_for_gimbal_device->q_estimated_delay_us, autopilot_state_for_gimbal_device->vx, autopilot_state_for_gimbal_device->vy, autopilot_state_for_gimbal_device->vz, autopilot_state_for_gimbal_device->v_estimated_delay_us, autopilot_state_for_gimbal_device->feed_forward_angular_velocity_z, autopilot_state_for_gimbal_device->estimator_status, autopilot_state_for_gimbal_device->landed_state, autopilot_state_for_gimbal_device->angular_velocity_z);
[8.533s]       |                             [01;35m[K~~~~~~~~~~~~~~~~~~~~~~~~~~~~~~~~~~~^[m[K
[8.534s] 
[8.534s] In file included from [01m[K/home/sirius2beta/cetus/src/link_manager/src/mavlink/hypex/../ardupilotmega/../common/common.h:2753[m[K,
[8.534s]                  from [01m[K/home/sirius2beta/cetus/src/link_manager/src/mavlink/hypex/../ardupilotmega/ardupilotmega.h:1181[m[K,
[8.535s]                  from [01m[K/home/sirius2beta/cetus/src/link_manager/src/mavlink/hypex/hypex.h:52[m[K,
[8.535s]                  from [01m[K/home/sirius2beta/cetus/src/link_manager/src/mavlink/hypex/mavlink.h:32[m[K,
[8.535s]                  from [01m[K/home/sirius2beta/cetus/src/link_manager/src/RosInterface.h:4[m[K,
[8.536s]                  from [01m[K/home/sirius2beta/cetus/src/link_manager/src/RosInterface.cpp:1[m[K:
[8.536s] [01m[K/home/sirius2beta/cetus/src/link_manager/src/mavlink/hypex/../ardupilotmega/../common/./mavlink_msg_autopilot_state_for_gimbal_device.h:[m[K In function ‘[01m[Kuint16_t mavlink_msg_autopilot_state_for_gimbal_device_encode_status(uint8_t, uint8_t, mavlink_status_t*, mavlink_message_t*, const mavlink_autopilot_state_for_gimbal_device_t*)[m[K’:
[8.536s] [01m[K/home/sirius2beta/cetus/src/link_manager/src/mavlink/hypex/../ardupilotmega/../common/./mavlink_msg_autopilot_state_for_gimbal_device.h:304:297:[m[K [01;35m[Kwarning: [m[Ktaking address of packed member of ‘[01m[K__mavlink_autopilot_state_for_gimbal_device_t[m[K’ may result in an unaligned pointer value [[01;35m[K-Waddress-of-packed-member[m[K]
[8.537s]   304 | imbal_device->time_boot_us, [01;35m[Kautopilot_state_for_gimbal_device->q[m[K, autopilot_state_for_gimbal_device->q_estimated_delay_us, autopilot_state_for_gimbal_device->vx, autopilot_state_for_gimbal_device->vy, autopilot_state_for_gimbal_device->vz, autopilot_state_for_gimbal_device->v_estimated_delay_us, autopilot_state_for_gimbal_device->feed_forward_angular_velocity_z, autopilot_state_for_gimbal_device->estimator_status, autopilot_state_for_gimbal_device->landed_state, autopilot_state_for_gimbal_device->angular_velocity_z);
[8.537s]       |                             [01;35m[K~~~~~~~~~~~~~~~~~~~~~~~~~~~~~~~~~~~^[m[K
[8.537s] 
[8.586s] In file included from [01m[K/home/sirius2beta/cetus/src/link_manager/src/mavlink/hypex/../ardupilotmega/../common/common.h:2769[m[K,
[8.586s]                  from [01m[K/home/sirius2beta/cetus/src/link_manager/src/mavlink/hypex/../ardupilotmega/ardupilotmega.h:1181[m[K,
[8.587s]                  from [01m[K/home/sirius2beta/cetus/src/link_manager/src/mavlink/hypex/hypex.h:52[m[K,
[8.587s]                  from [01m[K/home/sirius2beta/cetus/src/link_manager/src/mavlink/hypex/mavlink.h:32[m[K,
[8.588s]                  from [01m[K/home/sirius2beta/cetus/src/link_manager/src/RosInterface.h:4[m[K,
[8.589s]                  from [01m[K/home/sirius2beta/cetus/src/link_manager/src/RosInterface.cpp:1[m[K:
[8.589s] [01m[K/home/sirius2beta/cetus/src/link_manager/src/mavlink/hypex/../ardupilotmega/../common/./mavlink_msg_obstacle_distance.h:[m[K In function ‘[01m[Kuint16_t mavlink_msg_obstacle_distance_encode(uint8_t, uint8_t, mavlink_message_t*, const mavlink_obstacle_distance_t*)[m[K’:
[8.589s] [01m[K/home/sirius2beta/cetus/src/link_manager/src/mavlink/hypex/../ardupilotmega/../common/./mavlink_msg_obstacle_distance.h:228:158:[m[K [01;35m[Kwarning: [m[Ktaking address of packed member of ‘[01m[K__mavlink_obstacle_distance_t[m[K’ may result in an unaligned pointer value [[01;35m[K-Waddress-of-packed-member[m[K]
[8.590s]   228 | >time_usec, obstacle_distance->sensor_type, [01;35m[Kobstacle_distance->distances[m[K, obstacle_distance->increment, obstacle_distance->min_distance, obstacle_distance->max_distance, obstacle_distance->increment_f, obstacle_distance->angle_offset, obstacle_distance->frame);
[8.590s]       |                                             [01;35m[K~~~~~~~~~~~~~~~~~~~^~~~~~~~~[m[K
[8.590s] 
[8.591s] [01m[K/home/sirius2beta/cetus/src/link_manager/src/mavlink/hypex/../ardupilotmega/../common/./mavlink_msg_obstacle_distance.h:[m[K In function ‘[01m[Kuint16_t mavlink_msg_obstacle_distance_encode_chan(uint8_t, uint8_t, uint8_t, mavlink_message_t*, const mavlink_obstacle_distance_t*)[m[K’:
[8.591s] [01m[K/home/sirius2beta/cetus/src/link_manager/src/mavlink/hypex/../ardupilotmega/../common/./mavlink_msg_obstacle_distance.h:242:169:[m[K [01;35m[Kwarning: [m[Ktaking address of packed member of ‘[01m[K__mavlink_obstacle_distance_t[m[K’ may result in an unaligned pointer value [[01;35m[K-Waddress-of-packed-member[m[K]
[8.591s]   242 | >time_usec, obstacle_distance->sensor_type, [01;35m[Kobstacle_distance->distances[m[K, obstacle_distance->increment, obstacle_distance->min_distance, obstacle_distance->max_distance, obstacle_distance->increment_f, obstacle_distance->angle_offset, obstacle_distance->frame);
[8.591s]       |                                             [01;35m[K~~~~~~~~~~~~~~~~~~~^~~~~~~~~[m[K
[8.592s] 
[8.592s] [01m[K/home/sirius2beta/cetus/src/link_manager/src/mavlink/hypex/../ardupilotmega/../common/./mavlink_msg_obstacle_distance.h:[m[K In function ‘[01m[Kuint16_t mavlink_msg_obstacle_distance_encode_status(uint8_t, uint8_t, mavlink_status_t*, mavlink_message_t*, const mavlink_obstacle_distance_t*)[m[K’:
[8.592s] [01m[K/home/sirius2beta/cetus/src/link_manager/src/mavlink/hypex/../ardupilotmega/../common/./mavlink_msg_obstacle_distance.h:256:175:[m[K [01;35m[Kwarning: [m[Ktaking address of packed member of ‘[01m[K__mavlink_obstacle_distance_t[m[K’ may result in an unaligned pointer value [[01;35m[K-Waddress-of-packed-member[m[K]
[8.593s]   256 | >time_usec, obstacle_distance->sensor_type, [01;35m[Kobstacle_distance->distances[m[K, obstacle_distance->increment, obstacle_distance->min_distance, obstacle_distance->max_distance, obstacle_distance->increment_f, obstacle_distance->angle_offset, obstacle_distance->frame);
[8.593s]       |                                             [01;35m[K~~~~~~~~~~~~~~~~~~~^~~~~~~~~[m[K
[8.593s] 
[21.663s] [ 60%] [32m[1mLinking CXX executable link_manager[0m
[22.700s] [100%] Built target link_manager
[22.753s] Invoked command in '/home/sirius2beta/cetus/build/link_manager' returned '0': CMAKE_PREFIX_PATH=/home/sirius2beta/cetus/install/more_interfaces:/home/sirius2beta/cetus/install/link_manager:/home/sirius2beta/cetus/install/video_control:/opt/ros/foxy LD_LIBRARY_PATH=/home/sirius2beta/cetus/install/more_interfaces/lib:/opt/ros/foxy/opt/yaml_cpp_vendor/lib:/opt/ros/foxy/lib/aarch64-linux-gnu:/opt/ros/foxy/lib:/usr/local/cuda-11.4/lib64:/usr/local/cuda-11.4/lib64 PYTHONPATH=/home/sirius2beta/cetus/install/more_interfaces/lib/python3.8/site-packages:/home/sirius2beta/cetus/install/video_control/lib/python3.8/site-packages:/opt/ros/foxy/lib/python3.8/site-packages /home/sirius2beta/.local/bin/cmake --build /home/sirius2beta/cetus/build/link_manager -- -j4 -l4
[23.036s] Invoking command in '/home/sirius2beta/cetus/build/link_manager': CMAKE_PREFIX_PATH=/home/sirius2beta/cetus/install/more_interfaces:/home/sirius2beta/cetus/install/link_manager:/home/sirius2beta/cetus/install/video_control:/opt/ros/foxy LD_LIBRARY_PATH=/home/sirius2beta/cetus/install/more_interfaces/lib:/opt/ros/foxy/opt/yaml_cpp_vendor/lib:/opt/ros/foxy/lib/aarch64-linux-gnu:/opt/ros/foxy/lib:/usr/local/cuda-11.4/lib64:/usr/local/cuda-11.4/lib64 PYTHONPATH=/home/sirius2beta/cetus/install/more_interfaces/lib/python3.8/site-packages:/home/sirius2beta/cetus/install/video_control/lib/python3.8/site-packages:/opt/ros/foxy/lib/python3.8/site-packages /home/sirius2beta/.local/bin/cmake --install /home/sirius2beta/cetus/build/link_manager
[23.273s] -- Install configuration: ""
[23.274s] -- Installing: /home/sirius2beta/cetus/install/link_manager/lib/link_manager/link_manager
[23.294s] -- Set non-toolchain portion of runtime path of "/home/sirius2beta/cetus/install/link_manager/lib/link_manager/link_manager" to ""
[23.295s] -- Up-to-date: /home/sirius2beta/cetus/install/link_manager/share/ament_index/resource_index/package_run_dependencies/link_manager
[23.295s] -- Up-to-date: /home/sirius2beta/cetus/install/link_manager/share/ament_index/resource_index/parent_prefix_path/link_manager
[23.296s] -- Up-to-date: /home/sirius2beta/cetus/install/link_manager/share/link_manager/environment/ament_prefix_path.sh
[23.297s] -- Up-to-date: /home/sirius2beta/cetus/install/link_manager/share/link_manager/environment/ament_prefix_path.dsv
[23.297s] -- Up-to-date: /home/sirius2beta/cetus/install/link_manager/share/link_manager/environment/path.sh
[23.298s] -- Up-to-date: /home/sirius2beta/cetus/install/link_manager/share/link_manager/environment/path.dsv
[23.298s] -- Up-to-date: /home/sirius2beta/cetus/install/link_manager/share/link_manager/local_setup.bash
[23.299s] -- Up-to-date: /home/sirius2beta/cetus/install/link_manager/share/link_manager/local_setup.sh
[23.299s] -- Up-to-date: /home/sirius2beta/cetus/install/link_manager/share/link_manager/local_setup.zsh
[23.299s] -- Up-to-date: /home/sirius2beta/cetus/install/link_manager/share/link_manager/local_setup.dsv
[23.300s] -- Installing: /home/sirius2beta/cetus/install/link_manager/share/link_manager/package.dsv
[23.301s] -- Up-to-date: /home/sirius2beta/cetus/install/link_manager/share/ament_index/resource_index/packages/link_manager
[23.301s] -- Up-to-date: /home/sirius2beta/cetus/install/link_manager/share/link_manager/cmake/link_managerConfig.cmake
[23.302s] -- Up-to-date: /home/sirius2beta/cetus/install/link_manager/share/link_manager/cmake/link_managerConfig-version.cmake
[23.302s] -- Up-to-date: /home/sirius2beta/cetus/install/link_manager/share/link_manager/package.xml
[23.341s] Invoked command in '/home/sirius2beta/cetus/build/link_manager' returned '0': CMAKE_PREFIX_PATH=/home/sirius2beta/cetus/install/more_interfaces:/home/sirius2beta/cetus/install/link_manager:/home/sirius2beta/cetus/install/video_control:/opt/ros/foxy LD_LIBRARY_PATH=/home/sirius2beta/cetus/install/more_interfaces/lib:/opt/ros/foxy/opt/yaml_cpp_vendor/lib:/opt/ros/foxy/lib/aarch64-linux-gnu:/opt/ros/foxy/lib:/usr/local/cuda-11.4/lib64:/usr/local/cuda-11.4/lib64 PYTHONPATH=/home/sirius2beta/cetus/install/more_interfaces/lib/python3.8/site-packages:/home/sirius2beta/cetus/install/video_control/lib/python3.8/site-packages:/opt/ros/foxy/lib/python3.8/site-packages /home/sirius2beta/.local/bin/cmake --install /home/sirius2beta/cetus/build/link_manager
