[2.403s] Invoking command in '/home/sirius2beta/cetus/src/video_control': AMENT_PREFIX_PATH=/home/sirius2beta/cetus/install/more_interfaces:${AMENT_PREFIX_PATH} CMAKE_PREFIX_PATH=/home/sirius2beta/cetus/install/more_interfaces LD_LIBRARY_PATH=/home/sirius2beta/cetus/install/more_interfaces/lib:/opt/ros/foxy/opt/yaml_cpp_vendor/lib:/opt/ros/foxy/lib/aarch64-linux-gnu:/opt/ros/foxy/lib:/usr/local/cuda-11.4/lib64:/usr/local/cuda-11.4/lib64 PYTHONPATH=/home/sirius2beta/cetus/build/video_control/prefix_override:/usr/lib/python3/dist-packages/colcon_core/task/python/colcon_distutils_commands:/home/sirius2beta/cetus/install/video_control/lib/python3.8/site-packages:/home/sirius2beta/cetus/install/more_interfaces/lib/python3.8/site-packages:${PYTHONPATH} /usr/bin/python3 -W ignore:setup.py install is deprecated -W ignore:easy_install command is deprecated setup.py egg_info --egg-base ../../build/video_control build --build-base /home/sirius2beta/cetus/build/video_control/build install --record /home/sirius2beta/cetus/build/video_control/install.log --install-scripts $base/lib/video_control --single-version-externally-managed install_data
[3.272s] running egg_info
[3.274s] writing ../../build/video_control/video_control.egg-info/PKG-INFO
[3.276s] writing dependency_links to ../../build/video_control/video_control.egg-info/dependency_links.txt
[3.276s] writing entry points to ../../build/video_control/video_control.egg-info/entry_points.txt
[3.277s] writing requirements to ../../build/video_control/video_control.egg-info/requires.txt
[3.278s] writing top-level names to ../../build/video_control/video_control.egg-info/top_level.txt
[3.405s] reading manifest file '../../build/video_control/video_control.egg-info/SOURCES.txt'
[3.409s] writing manifest file '../../build/video_control/video_control.egg-info/SOURCES.txt'
[3.409s] running build
[3.410s] running build_py
[3.410s] copying video_control/video_control.py -> /home/sirius2beta/cetus/build/video_control/build/lib/video_control
[3.411s] running install
[3.414s] running install_lib
[3.418s] copying /home/sirius2beta/cetus/build/video_control/build/lib/video_control/video_control.py -> /home/sirius2beta/cetus/install/video_control/lib/python3.8/site-packages/video_control
[3.421s] byte-compiling /home/sirius2beta/cetus/install/video_control/lib/python3.8/site-packages/video_control/video_control.py to video_control.cpython-38.pyc
[3.427s] running install_data
[3.427s] running install_egg_info
[3.434s] removing '/home/sirius2beta/cetus/install/video_control/lib/python3.8/site-packages/video_control-0.0.0-py3.8.egg-info' (and everything under it)
[3.436s] Copying ../../build/video_control/video_control.egg-info to /home/sirius2beta/cetus/install/video_control/lib/python3.8/site-packages/video_control-0.0.0-py3.8.egg-info
[3.440s] running install_scripts
[3.502s] Installing video_control script to /home/sirius2beta/cetus/install/video_control/lib/video_control
[3.503s] writing list of installed files to '/home/sirius2beta/cetus/build/video_control/install.log'
[3.591s] Invoked command in '/home/sirius2beta/cetus/src/video_control' returned '0': AMENT_PREFIX_PATH=/home/sirius2beta/cetus/install/more_interfaces:${AMENT_PREFIX_PATH} CMAKE_PREFIX_PATH=/home/sirius2beta/cetus/install/more_interfaces LD_LIBRARY_PATH=/home/sirius2beta/cetus/install/more_interfaces/lib:/opt/ros/foxy/opt/yaml_cpp_vendor/lib:/opt/ros/foxy/lib/aarch64-linux-gnu:/opt/ros/foxy/lib:/usr/local/cuda-11.4/lib64:/usr/local/cuda-11.4/lib64 PYTHONPATH=/home/sirius2beta/cetus/build/video_control/prefix_override:/usr/lib/python3/dist-packages/colcon_core/task/python/colcon_distutils_commands:/home/sirius2beta/cetus/install/video_control/lib/python3.8/site-packages:/home/sirius2beta/cetus/install/more_interfaces/lib/python3.8/site-packages:${PYTHONPATH} /usr/bin/python3 -W ignore:setup.py install is deprecated -W ignore:easy_install command is deprecated setup.py egg_info --egg-base ../../build/video_control build --build-base /home/sirius2beta/cetus/build/video_control/build install --record /home/sirius2beta/cetus/build/video_control/install.log --install-scripts $base/lib/video_control --single-version-externally-managed install_data
