[0.893s] [34mcolcon[0m [1;30mDEBUG[0m [32mCommand line arguments: ['/usr/bin/colcon', 'build', '--packages-select', 'link_manager'][0m
[0.894s] [34mcolcon[0m [1;30mDEBUG[0m [32mParsed command line arguments: Namespace(allow_overriding=[], ament_cmake_args=None, base_paths=['.'], build_base='build', catkin_cmake_args=None, catkin_skip_building_tests=False, cmake_args=None, cmake_clean_cache=False, cmake_clean_first=False, cmake_force_configure=False, cmake_target=None, cmake_target_skip_unavailable=False, continue_on_error=False, event_handlers=None, executor='parallel', ignore_user_meta=False, install_base='install', log_base=None, log_level=None, main=<bound method BuildVerb.main of <colcon_core.verb.build.BuildVerb object at 0xffffa51b3370>>, merge_install=False, metas=['./colcon.meta'], packages_above=None, packages_above_and_dependencies=None, packages_above_depth=None, packages_end=None, packages_ignore=None, packages_ignore_regex=None, packages_select=['link_manager'], packages_select_build_failed=False, packages_select_by_dep=None, packages_select_regex=None, packages_select_test_failures=False, packages_skip=None, packages_skip_build_finished=False, packages_skip_by_dep=None, packages_skip_regex=None, packages_skip_test_passed=False, packages_skip_up_to=None, packages_start=None, packages_up_to=None, packages_up_to_regex=None, parallel_workers=4, paths=None, symlink_install=False, test_result_base=None, verb_extension=<colcon_core.verb.build.BuildVerb object at 0xffffa51b3370>, verb_name='build', verb_parser=<colcon_defaults.argument_parser.defaults.DefaultArgumentsDecorator object at 0xffffa51b37c0>)[0m
[1.506s] [34mcolcon.colcon_core.package_discovery[0m [1;30mLevel 1[0m discover_packages(colcon_meta) check parameters
[1.507s] [34mcolcon.colcon_core.package_discovery[0m [1;30mLevel 1[0m discover_packages(recursive) check parameters
[1.507s] [34mcolcon.colcon_core.package_discovery[0m [1;30mLevel 1[0m discover_packages(ignore) check parameters
[1.507s] [34mcolcon.colcon_core.package_discovery[0m [1;30mLevel 1[0m discover_packages(path) check parameters
[1.507s] [34mcolcon.colcon_core.package_discovery[0m [1;30mLevel 1[0m discover_packages(colcon_meta) discover
[1.508s] [34mcolcon.colcon_core.package_discovery[0m [1;30mLevel 1[0m discover_packages(recursive) discover
[1.508s] [34mcolcon.colcon_core.package_discovery[0m [1;30mINFO[0m Crawling recursively for packages in '/home/sirius2beta/cetus'
[1.508s] [34mcolcon.colcon_core.package_identification[0m [1;30mLevel 1[0m _identify(.) by extensions ['ignore', 'ignore_ament_install']
[1.509s] [34mcolcon.colcon_core.package_identification[0m [1;30mLevel 1[0m _identify(.) by extension 'ignore'
[1.509s] [34mcolcon.colcon_core.package_identification[0m [1;30mLevel 1[0m _identify(.) by extension 'ignore_ament_install'
[1.509s] [34mcolcon.colcon_core.package_identification[0m [1;30mLevel 1[0m _identify(.) by extensions ['colcon_pkg']
[1.510s] [34mcolcon.colcon_core.package_identification[0m [1;30mLevel 1[0m _identify(.) by extension 'colcon_pkg'
[1.510s] [34mcolcon.colcon_core.package_identification[0m [1;30mLevel 1[0m _identify(.) by extensions ['colcon_meta']
[1.510s] [34mcolcon.colcon_core.package_identification[0m [1;30mLevel 1[0m _identify(.) by extension 'colcon_meta'
[1.511s] [34mcolcon.colcon_core.package_identification[0m [1;30mLevel 1[0m _identify(.) by extensions ['ros']
[1.511s] [34mcolcon.colcon_core.package_identification[0m [1;30mLevel 1[0m _identify(.) by extension 'ros'
[1.556s] [34mcolcon.colcon_core.package_identification[0m [1;30mLevel 1[0m _identify(.) by extensions ['cmake', 'python']
[1.557s] [34mcolcon.colcon_core.package_identification[0m [1;30mLevel 1[0m _identify(.) by extension 'cmake'
[1.557s] [34mcolcon.colcon_core.package_identification[0m [1;30mLevel 1[0m _identify(.) by extension 'python'
[1.557s] [34mcolcon.colcon_core.package_identification[0m [1;30mLevel 1[0m _identify(.) by extensions ['python_setup_py']
[1.557s] [34mcolcon.colcon_core.package_identification[0m [1;30mLevel 1[0m _identify(.) by extension 'python_setup_py'
[1.558s] [34mcolcon.colcon_core.package_identification[0m [1;30mLevel 1[0m _identify(build) by extensions ['ignore', 'ignore_ament_install']
[1.558s] [34mcolcon.colcon_core.package_identification[0m [1;30mLevel 1[0m _identify(build) by extension 'ignore'
[1.559s] [34mcolcon.colcon_core.package_identification[0m [1;30mLevel 1[0m _identify(build) ignored
[1.559s] [34mcolcon.colcon_core.package_identification[0m [1;30mLevel 1[0m _identify(install) by extensions ['ignore', 'ignore_ament_install']
[1.560s] [34mcolcon.colcon_core.package_identification[0m [1;30mLevel 1[0m _identify(install) by extension 'ignore'
[1.560s] [34mcolcon.colcon_core.package_identification[0m [1;30mLevel 1[0m _identify(install) ignored
[1.561s] [34mcolcon.colcon_core.package_identification[0m [1;30mLevel 1[0m _identify(log) by extensions ['ignore', 'ignore_ament_install']
[1.561s] [34mcolcon.colcon_core.package_identification[0m [1;30mLevel 1[0m _identify(log) by extension 'ignore'
[1.561s] [34mcolcon.colcon_core.package_identification[0m [1;30mLevel 1[0m _identify(log) ignored
[1.562s] [34mcolcon.colcon_core.package_identification[0m [1;30mLevel 1[0m _identify(src) by extensions ['ignore', 'ignore_ament_install']
[1.562s] [34mcolcon.colcon_core.package_identification[0m [1;30mLevel 1[0m _identify(src) by extension 'ignore'
[1.562s] [34mcolcon.colcon_core.package_identification[0m [1;30mLevel 1[0m _identify(src) by extension 'ignore_ament_install'
[1.562s] [34mcolcon.colcon_core.package_identification[0m [1;30mLevel 1[0m _identify(src) by extensions ['colcon_pkg']
[1.563s] [34mcolcon.colcon_core.package_identification[0m [1;30mLevel 1[0m _identify(src) by extension 'colcon_pkg'
[1.563s] [34mcolcon.colcon_core.package_identification[0m [1;30mLevel 1[0m _identify(src) by extensions ['colcon_meta']
[1.563s] [34mcolcon.colcon_core.package_identification[0m [1;30mLevel 1[0m _identify(src) by extension 'colcon_meta'
[1.563s] [34mcolcon.colcon_core.package_identification[0m [1;30mLevel 1[0m _identify(src) by extensions ['ros']
[1.563s] [34mcolcon.colcon_core.package_identification[0m [1;30mLevel 1[0m _identify(src) by extension 'ros'
[1.564s] [34mcolcon.colcon_core.package_identification[0m [1;30mLevel 1[0m _identify(src) by extensions ['cmake', 'python']
[1.564s] [34mcolcon.colcon_core.package_identification[0m [1;30mLevel 1[0m _identify(src) by extension 'cmake'
[1.564s] [34mcolcon.colcon_core.package_identification[0m [1;30mLevel 1[0m _identify(src) by extension 'python'
[1.564s] [34mcolcon.colcon_core.package_identification[0m [1;30mLevel 1[0m _identify(src) by extensions ['python_setup_py']
[1.564s] [34mcolcon.colcon_core.package_identification[0m [1;30mLevel 1[0m _identify(src) by extension 'python_setup_py'
[1.565s] [34mcolcon.colcon_core.package_identification[0m [1;30mLevel 1[0m _identify(src/link_manager) by extensions ['ignore', 'ignore_ament_install']
[1.566s] [34mcolcon.colcon_core.package_identification[0m [1;30mLevel 1[0m _identify(src/link_manager) by extension 'ignore'
[1.566s] [34mcolcon.colcon_core.package_identification[0m [1;30mLevel 1[0m _identify(src/link_manager) by extension 'ignore_ament_install'
[1.566s] [34mcolcon.colcon_core.package_identification[0m [1;30mLevel 1[0m _identify(src/link_manager) by extensions ['colcon_pkg']
[1.566s] [34mcolcon.colcon_core.package_identification[0m [1;30mLevel 1[0m _identify(src/link_manager) by extension 'colcon_pkg'
[1.567s] [34mcolcon.colcon_core.package_identification[0m [1;30mLevel 1[0m _identify(src/link_manager) by extensions ['colcon_meta']
[1.567s] [34mcolcon.colcon_core.package_identification[0m [1;30mLevel 1[0m _identify(src/link_manager) by extension 'colcon_meta'
[1.567s] [34mcolcon.colcon_core.package_identification[0m [1;30mLevel 1[0m _identify(src/link_manager) by extensions ['ros']
[1.568s] [34mcolcon.colcon_core.package_identification[0m [1;30mLevel 1[0m _identify(src/link_manager) by extension 'ros'
[1.578s] [34mcolcon.colcon_core.package_identification[0m [1;30mDEBUG[0m [32mPackage 'src/link_manager' with type 'ros.ament_cmake' and name 'link_manager'[0m
[1.579s] [34mcolcon.colcon_core.package_identification[0m [1;30mLevel 1[0m _identify(src/more_interfaces) by extensions ['ignore', 'ignore_ament_install']
[1.580s] [34mcolcon.colcon_core.package_identification[0m [1;30mLevel 1[0m _identify(src/more_interfaces) by extension 'ignore'
[1.580s] [34mcolcon.colcon_core.package_identification[0m [1;30mLevel 1[0m _identify(src/more_interfaces) by extension 'ignore_ament_install'
[1.580s] [34mcolcon.colcon_core.package_identification[0m [1;30mLevel 1[0m _identify(src/more_interfaces) by extensions ['colcon_pkg']
[1.580s] [34mcolcon.colcon_core.package_identification[0m [1;30mLevel 1[0m _identify(src/more_interfaces) by extension 'colcon_pkg'
[1.581s] [34mcolcon.colcon_core.package_identification[0m [1;30mLevel 1[0m _identify(src/more_interfaces) by extensions ['colcon_meta']
[1.581s] [34mcolcon.colcon_core.package_identification[0m [1;30mLevel 1[0m _identify(src/more_interfaces) by extension 'colcon_meta'
[1.581s] [34mcolcon.colcon_core.package_identification[0m [1;30mLevel 1[0m _identify(src/more_interfaces) by extensions ['ros']
[1.581s] [34mcolcon.colcon_core.package_identification[0m [1;30mLevel 1[0m _identify(src/more_interfaces) by extension 'ros'
[1.584s] [34mcolcon.colcon_core.package_identification[0m [1;30mDEBUG[0m [32mPackage 'src/more_interfaces' with type 'ros.ament_cmake' and name 'more_interfaces'[0m
[1.584s] [34mcolcon.colcon_core.package_identification[0m [1;30mLevel 1[0m _identify(src/video_control) by extensions ['ignore', 'ignore_ament_install']
[1.585s] [34mcolcon.colcon_core.package_identification[0m [1;30mLevel 1[0m _identify(src/video_control) by extension 'ignore'
[1.585s] [34mcolcon.colcon_core.package_identification[0m [1;30mLevel 1[0m _identify(src/video_control) by extension 'ignore_ament_install'
[1.585s] [34mcolcon.colcon_core.package_identification[0m [1;30mLevel 1[0m _identify(src/video_control) by extensions ['colcon_pkg']
[1.586s] [34mcolcon.colcon_core.package_identification[0m [1;30mLevel 1[0m _identify(src/video_control) by extension 'colcon_pkg'
[1.586s] [34mcolcon.colcon_core.package_identification[0m [1;30mLevel 1[0m _identify(src/video_control) by extensions ['colcon_meta']
[1.586s] [34mcolcon.colcon_core.package_identification[0m [1;30mLevel 1[0m _identify(src/video_control) by extension 'colcon_meta'
[1.586s] [34mcolcon.colcon_core.package_identification[0m [1;30mLevel 1[0m _identify(src/video_control) by extensions ['ros']
[1.586s] [34mcolcon.colcon_core.package_identification[0m [1;30mLevel 1[0m _identify(src/video_control) by extension 'ros'
[1.589s] [34mcolcon.colcon_core.package_identification[0m [1;30mDEBUG[0m [32mPackage 'src/video_control' with type 'ros.ament_python' and name 'video_control'[0m
[1.590s] [34mcolcon.colcon_core.package_discovery[0m [1;30mLevel 1[0m discover_packages(recursive) using defaults
[1.590s] [34mcolcon.colcon_core.package_discovery[0m [1;30mLevel 1[0m discover_packages(ignore) discover
[1.590s] [34mcolcon.colcon_core.package_discovery[0m [1;30mLevel 1[0m discover_packages(ignore) using defaults
[1.590s] [34mcolcon.colcon_core.package_discovery[0m [1;30mLevel 1[0m discover_packages(path) discover
[1.590s] [34mcolcon.colcon_core.package_discovery[0m [1;30mLevel 1[0m discover_packages(path) using defaults
[1.644s] [34mcolcon.colcon_core.package_selection[0m [1;30mINFO[0m Skipping not selected package 'more_interfaces' in 'src/more_interfaces'
[1.644s] [34mcolcon.colcon_core.package_selection[0m [1;30mINFO[0m Skipping not selected package 'video_control' in 'src/video_control'
[1.646s] [34mcolcon.colcon_core.package_discovery[0m [1;30mLevel 1[0m discover_packages(prefix_path) check parameters
[1.646s] [34mcolcon.colcon_core.package_discovery[0m [1;30mLevel 1[0m discover_packages(prefix_path) discover
[1.655s] [34mcolcon.colcon_installed_package_information.package_discovery[0m [1;30mDEBUG[0m [32mFound 3 installed packages in /home/sirius2beta/cetus/install[0m
[1.659s] [34mcolcon.colcon_installed_package_information.package_discovery[0m [1;30mDEBUG[0m [32mFound 168 installed packages in /opt/ros/foxy[0m
[1.699s] [34mcolcon.colcon_core.package_discovery[0m [1;30mLevel 1[0m discover_packages(prefix_path) using defaults
[1.840s] [34mcolcon.colcon_core.verb[0m [1;30mLevel 5[0m set package 'link_manager' build argument 'cmake_args' from command line to 'None'
[1.841s] [34mcolcon.colcon_core.verb[0m [1;30mLevel 5[0m set package 'link_manager' build argument 'cmake_target' from command line to 'None'
[1.841s] [34mcolcon.colcon_core.verb[0m [1;30mLevel 5[0m set package 'link_manager' build argument 'cmake_target_skip_unavailable' from command line to 'False'
[1.841s] [34mcolcon.colcon_core.verb[0m [1;30mLevel 5[0m set package 'link_manager' build argument 'cmake_clean_cache' from command line to 'False'
[1.841s] [34mcolcon.colcon_core.verb[0m [1;30mLevel 5[0m set package 'link_manager' build argument 'cmake_clean_first' from command line to 'False'
[1.841s] [34mcolcon.colcon_core.verb[0m [1;30mLevel 5[0m set package 'link_manager' build argument 'cmake_force_configure' from command line to 'False'
[1.841s] [34mcolcon.colcon_core.verb[0m [1;30mLevel 5[0m set package 'link_manager' build argument 'ament_cmake_args' from command line to 'None'
[1.841s] [34mcolcon.colcon_core.verb[0m [1;30mLevel 5[0m set package 'link_manager' build argument 'catkin_cmake_args' from command line to 'None'
[1.842s] [34mcolcon.colcon_core.verb[0m [1;30mLevel 5[0m set package 'link_manager' build argument 'catkin_skip_building_tests' from command line to 'False'
[1.842s] [34mcolcon.colcon_core.verb[0m [1;30mDEBUG[0m [32mBuilding package 'link_manager' with the following arguments: {'ament_cmake_args': None, 'build_base': '/home/sirius2beta/cetus/build/link_manager', 'catkin_cmake_args': None, 'catkin_skip_building_tests': False, 'cmake_args': None, 'cmake_clean_cache': False, 'cmake_clean_first': False, 'cmake_force_configure': False, 'cmake_target': None, 'cmake_target_skip_unavailable': False, 'install_base': '/home/sirius2beta/cetus/install/link_manager', 'merge_install': False, 'path': '/home/sirius2beta/cetus/src/link_manager', 'symlink_install': False, 'test_result_base': None}[0m
[1.843s] [34mcolcon.colcon_core.executor[0m [1;30mINFO[0m Executing jobs using 'parallel' executor
[1.846s] [34mcolcon.colcon_parallel_executor.executor.parallel[0m [1;30mDEBUG[0m [32mrun_until_complete[0m
[1.848s] [34mcolcon.colcon_ros.task.ament_cmake.build[0m [1;30mINFO[0m Building ROS package in '/home/sirius2beta/cetus/src/link_manager' with build type 'ament_cmake'
[1.849s] [34mcolcon.colcon_cmake.task.cmake.build[0m [1;30mINFO[0m Building CMake package in '/home/sirius2beta/cetus/src/link_manager'
[1.858s] [34mcolcon.colcon_core.plugin_system[0m [1;30mINFO[0m Skipping extension 'colcon_core.shell.bat': Not used on non-Windows systems
[1.859s] [34mcolcon.colcon_core.shell[0m [1;30mINFO[0m Skip shell extension 'powershell' for command environment: Not usable outside of PowerShell
[1.859s] [34mcolcon.colcon_core.shell[0m [1;30mDEBUG[0m [32mSkip shell extension 'dsv' for command environment[0m
[1.925s] [34mcolcon.colcon_core.event_handler.log_command[0m [1;30mDEBUG[0m [32mInvoking command in '/home/sirius2beta/cetus/build/link_manager': CMAKE_PREFIX_PATH=/home/sirius2beta/cetus/install/more_interfaces:/home/sirius2beta/cetus/install/link_manager:/home/sirius2beta/cetus/install/video_control:/opt/ros/foxy LD_LIBRARY_PATH=/home/sirius2beta/cetus/install/more_interfaces/lib:/opt/ros/foxy/opt/yaml_cpp_vendor/lib:/opt/ros/foxy/lib/aarch64-linux-gnu:/opt/ros/foxy/lib:/usr/local/cuda-11.4/lib64:/usr/local/cuda-11.4/lib64 PYTHONPATH=/home/sirius2beta/cetus/install/more_interfaces/lib/python3.8/site-packages:/home/sirius2beta/cetus/install/video_control/lib/python3.8/site-packages:/opt/ros/foxy/lib/python3.8/site-packages /home/sirius2beta/.local/bin/cmake --build /home/sirius2beta/cetus/build/link_manager -- -j4 -l4[0m
[21.425s] [34mcolcon.colcon_core.event_handler.log_command[0m [1;30mDEBUG[0m [32mInvoked command in '/home/sirius2beta/cetus/build/link_manager' returned '2': CMAKE_PREFIX_PATH=/home/sirius2beta/cetus/install/more_interfaces:/home/sirius2beta/cetus/install/link_manager:/home/sirius2beta/cetus/install/video_control:/opt/ros/foxy LD_LIBRARY_PATH=/home/sirius2beta/cetus/install/more_interfaces/lib:/opt/ros/foxy/opt/yaml_cpp_vendor/lib:/opt/ros/foxy/lib/aarch64-linux-gnu:/opt/ros/foxy/lib:/usr/local/cuda-11.4/lib64:/usr/local/cuda-11.4/lib64 PYTHONPATH=/home/sirius2beta/cetus/install/more_interfaces/lib/python3.8/site-packages:/home/sirius2beta/cetus/install/video_control/lib/python3.8/site-packages:/opt/ros/foxy/lib/python3.8/site-packages /home/sirius2beta/.local/bin/cmake --build /home/sirius2beta/cetus/build/link_manager -- -j4 -l4[0m
[21.431s] [34mcolcon.colcon_core.environment[0m [1;30mLevel 1[0m create_environment_scripts_only(link_manager)
[21.449s] [34mcolcon.colcon_core.environment[0m [1;30mLevel 1[0m checking '/home/sirius2beta/cetus/install/link_manager' for CMake module files
[21.453s] [34mcolcon.colcon_core.environment[0m [1;30mLevel 1[0m checking '/home/sirius2beta/cetus/install/link_manager' for CMake config files
[21.454s] [34mcolcon.colcon_core.shell[0m [1;30mLevel 1[0m create_environment_hook('link_manager', 'cmake_prefix_path')
[21.456s] [34mcolcon.colcon_core.shell[0m [1;30mINFO[0m Creating environment hook '/home/sirius2beta/cetus/install/link_manager/share/link_manager/hook/cmake_prefix_path.ps1'
[21.460s] [34mcolcon.colcon_core.shell[0m [1;30mINFO[0m Creating environment descriptor '/home/sirius2beta/cetus/install/link_manager/share/link_manager/hook/cmake_prefix_path.dsv'
[21.462s] [34mcolcon.colcon_core.shell[0m [1;30mINFO[0m Creating environment hook '/home/sirius2beta/cetus/install/link_manager/share/link_manager/hook/cmake_prefix_path.sh'
[21.466s] [34mcolcon.colcon_core.environment[0m [1;30mLevel 1[0m checking '/home/sirius2beta/cetus/install/link_manager/lib'
[21.467s] [34mcolcon.colcon_core.environment[0m [1;30mLevel 1[0m checking '/home/sirius2beta/cetus/install/link_manager/bin'
[21.467s] [34mcolcon.colcon_core.environment[0m [1;30mLevel 1[0m checking '/home/sirius2beta/cetus/install/link_manager/lib/pkgconfig/link_manager.pc'
[21.468s] [34mcolcon.colcon_core.environment[0m [1;30mLevel 1[0m checking '/home/sirius2beta/cetus/install/link_manager/lib/python3.8/site-packages'
[21.469s] [34mcolcon.colcon_core.environment[0m [1;30mLevel 1[0m checking '/home/sirius2beta/cetus/install/link_manager/bin'
[21.471s] [34mcolcon.colcon_core.shell[0m [1;30mINFO[0m Creating package script '/home/sirius2beta/cetus/install/link_manager/share/link_manager/package.ps1'
[21.474s] [34mcolcon.colcon_core.shell[0m [1;30mINFO[0m Creating package descriptor '/home/sirius2beta/cetus/install/link_manager/share/link_manager/package.dsv'
[21.476s] [34mcolcon.colcon_core.shell[0m [1;30mINFO[0m Creating package script '/home/sirius2beta/cetus/install/link_manager/share/link_manager/package.sh'
[21.479s] [34mcolcon.colcon_core.shell[0m [1;30mINFO[0m Creating package script '/home/sirius2beta/cetus/install/link_manager/share/link_manager/package.bash'
[21.482s] [34mcolcon.colcon_core.shell[0m [1;30mINFO[0m Creating package script '/home/sirius2beta/cetus/install/link_manager/share/link_manager/package.zsh'
[21.485s] [34mcolcon.colcon_core.environment[0m [1;30mLevel 1[0m create_file_with_runtime_dependencies(/home/sirius2beta/cetus/install/link_manager/share/colcon-core/packages/link_manager)
[21.487s] [34mcolcon.colcon_parallel_executor.executor.parallel[0m [1;30mDEBUG[0m [32mclosing loop[0m
[21.492s] [34mcolcon.colcon_parallel_executor.executor.parallel[0m [1;30mDEBUG[0m [32mloop closed[0m
[21.493s] [34mcolcon.colcon_parallel_executor.executor.parallel[0m [1;30mDEBUG[0m [32mrun_until_complete finished with '2'[0m
[21.494s] [34mcolcon.colcon_core.event_reactor[0m [1;30mDEBUG[0m [32mjoining thread[0m
[21.556s] [34mcolcon.colcon_core.plugin_system[0m [1;30mINFO[0m Skipping extension 'colcon_notification.desktop_notification.terminal_notifier': Not used on non-Darwin systems
[21.557s] [34mcolcon.colcon_core.plugin_system[0m [1;30mINFO[0m Skipping extension 'colcon_notification.desktop_notification.win32': Not used on non-Windows systems
[21.557s] [34mcolcon.colcon_notification.desktop_notification[0m [1;30mINFO[0m Sending desktop notification using 'notify2'
[21.601s] [34mcolcon.colcon_notification.desktop_notification.notify2[0m [1;30mDEBUG[0m [32mFailed to initialize notify2: org.freedesktop.DBus.Error.Spawn.ChildExited: Process org.freedesktop.Notifications exited with status 1[0m
[21.602s] [34mcolcon.colcon_core.event_reactor[0m [1;30mDEBUG[0m [32mjoined thread[0m
[21.604s] [34mcolcon.colcon_core.shell[0m [1;30mINFO[0m Creating prefix script '/home/sirius2beta/cetus/install/local_setup.ps1'
[21.608s] [34mcolcon.colcon_core.shell[0m [1;30mINFO[0m Creating prefix util module '/home/sirius2beta/cetus/install/_local_setup_util_ps1.py'
[21.613s] [34mcolcon.colcon_core.shell[0m [1;30mINFO[0m Creating prefix chain script '/home/sirius2beta/cetus/install/setup.ps1'
[21.617s] [34mcolcon.colcon_core.shell[0m [1;30mINFO[0m Creating prefix script '/home/sirius2beta/cetus/install/local_setup.sh'
[21.619s] [34mcolcon.colcon_core.shell[0m [1;30mINFO[0m Creating prefix util module '/home/sirius2beta/cetus/install/_local_setup_util_sh.py'
[21.622s] [34mcolcon.colcon_core.shell[0m [1;30mINFO[0m Creating prefix chain script '/home/sirius2beta/cetus/install/setup.sh'
[21.626s] [34mcolcon.colcon_core.shell[0m [1;30mINFO[0m Creating prefix script '/home/sirius2beta/cetus/install/local_setup.bash'
[21.628s] [34mcolcon.colcon_core.shell[0m [1;30mINFO[0m Creating prefix chain script '/home/sirius2beta/cetus/install/setup.bash'
[21.632s] [34mcolcon.colcon_core.shell[0m [1;30mINFO[0m Creating prefix script '/home/sirius2beta/cetus/install/local_setup.zsh'
[21.634s] [34mcolcon.colcon_core.shell[0m [1;30mINFO[0m Creating prefix chain script '/home/sirius2beta/cetus/install/setup.zsh'
