-- Found ament_cmake: 0.9.12 (/opt/ros/foxy/share/ament_cmake/cmake)
-- Using PYTHON_EXECUTABLE: /usr/bin/python3
-- Found rclcpp: 2.4.3 (/opt/ros/foxy/share/rclcpp/cmake)
-- Using all available rosidl_typesupport_c: rosidl_typesupport_fastrtps_c;rosidl_typesupport_introspection_c
-- Found rosidl_adapter: 1.3.1 (/opt/ros/foxy/share/rosidl_adapter/cmake)
-- Using all available rosidl_typesupport_cpp: rosidl_typesupport_fastrtps_cpp;rosidl_typesupport_introspection_cpp
-- Found rmw_implementation_cmake: 1.0.4 (/opt/ros/foxy/share/rmw_implementation_cmake/cmake)
-- Using RMW implementation 'rmw_fastrtps_cpp' as default
-- Found more_interfaces: 0.0.0 (/home/sirius2beta/cetus/install/more_interfaces/share/more_interfaces/cmake)
-- Found ament_lint_auto: 0.9.8 (/opt/ros/foxy/share/ament_lint_auto/cmake)
-- Added test 'copyright' to check source files copyright and LICENSE
-- Added test 'cppcheck' to perform static code analysis on C / C++ code
-- Configured cppcheck include dirs: 
-- Configured cppcheck exclude dirs and/or files: 
-- Added test 'cpplint' to check C / C++ code against the Google style
-- Configured cpplint exclude dirs and/or files: 
-- Added test 'lint_cmake' to check CMake code style
-- Added test 'uncrustify' to check C / C++ code style
-- Configured uncrustify additional arguments: 
-- Added test 'xmllint' to check XML markup files
-- Configuring done (2.4s)
-- Generating done (0.1s)
-- Build files have been written to: /home/sirius2beta/cetus/build/link_manager
[ 25%] [34m[1mAutomatic MOC and UIC for target link_manager[0m
[ 25%] Built target link_manager_autogen
[ 50%] [32mBuilding CXX object CMakeFiles/link_manager.dir/link_manager_autogen/mocs_compilation.cpp.o[0m
[ 75%] [32mBuilding CXX object CMakeFiles/link_manager.dir/src/link_manager.cpp.o[0m
[100%] [32m[1mLinking CXX executable link_manager[0m
[100%] Built target link_manager
-- Install configuration: ""
-- Installing: /home/sirius2beta/cetus/install/link_manager/lib/link_manager/link_manager
-- Set non-toolchain portion of runtime path of "/home/sirius2beta/cetus/install/link_manager/lib/link_manager/link_manager" to ""
-- Up-to-date: /home/sirius2beta/cetus/install/link_manager/share/ament_index/resource_index/package_run_dependencies/link_manager
-- Installing: /home/sirius2beta/cetus/install/link_manager/share/ament_index/resource_index/parent_prefix_path/link_manager
-- Up-to-date: /home/sirius2beta/cetus/install/link_manager/share/link_manager/environment/ament_prefix_path.sh
-- Installing: /home/sirius2beta/cetus/install/link_manager/share/link_manager/environment/ament_prefix_path.dsv
-- Up-to-date: /home/sirius2beta/cetus/install/link_manager/share/link_manager/environment/path.sh
-- Installing: /home/sirius2beta/cetus/install/link_manager/share/link_manager/environment/path.dsv
-- Up-to-date: /home/sirius2beta/cetus/install/link_manager/share/link_manager/local_setup.bash
-- Up-to-date: /home/sirius2beta/cetus/install/link_manager/share/link_manager/local_setup.sh
-- Up-to-date: /home/sirius2beta/cetus/install/link_manager/share/link_manager/local_setup.zsh
-- Installing: /home/sirius2beta/cetus/install/link_manager/share/link_manager/local_setup.dsv
-- Installing: /home/sirius2beta/cetus/install/link_manager/share/link_manager/package.dsv
-- Up-to-date: /home/sirius2beta/cetus/install/link_manager/share/ament_index/resource_index/packages/link_manager
-- Up-to-date: /home/sirius2beta/cetus/install/link_manager/share/link_manager/cmake/link_managerConfig.cmake
-- Up-to-date: /home/sirius2beta/cetus/install/link_manager/share/link_manager/cmake/link_managerConfig-version.cmake
-- Up-to-date: /home/sirius2beta/cetus/install/link_manager/share/link_manager/package.xml
