[0.072s] Invoking command in '/home/sirius2beta/cetus/build/link_manager': CMAKE_PREFIX_PATH=/home/sirius2beta/cetus/install/more_interfaces:/home/sirius2beta/cetus/install/link_manager:/home/sirius2beta/cetus/install/video_control:/opt/ros/foxy LD_LIBRARY_PATH=/home/sirius2beta/cetus/install/more_interfaces/lib:/opt/ros/foxy/opt/yaml_cpp_vendor/lib:/opt/ros/foxy/lib/aarch64-linux-gnu:/opt/ros/foxy/lib:/usr/local/cuda-11.4/lib64:/usr/local/cuda-11.4/lib64 PYTHONPATH=/home/sirius2beta/cetus/install/more_interfaces/lib/python3.8/site-packages:/home/sirius2beta/cetus/install/video_control/lib/python3.8/site-packages:/opt/ros/foxy/lib/python3.8/site-packages /home/sirius2beta/.local/bin/cmake --build /home/sirius2beta/cetus/build/link_manager -- -j4 -l4
[0.379s] -- Found ament_cmake: 0.9.12 (/opt/ros/foxy/share/ament_cmake/cmake)
[0.386s] [33mCMake Warning (dev) at /opt/ros/foxy/share/ament_cmake_core/cmake/core/python.cmake:22 (find_package):
[0.387s]   Policy CMP0148 is not set: The FindPythonInterp and FindPythonLibs modules
[0.387s]   are removed.  Run "cmake --help-policy CMP0148" for policy details.  Use
[0.387s]   the cmake_policy command to set the policy and suppress this warning.
[0.388s] 
[0.388s] Call Stack (most recent call first):
[0.388s]   /opt/ros/foxy/share/ament_cmake_core/cmake/core/all.cmake:53 (include)
[0.389s]   /opt/ros/foxy/share/ament_cmake_core/cmake/ament_cmake_core-extras.cmake:17 (include)
[0.389s]   /opt/ros/foxy/share/ament_cmake_core/cmake/ament_cmake_coreConfig.cmake:41 (include)
[0.389s]   /opt/ros/foxy/share/ament_cmake/cmake/ament_cmake_export_dependencies-extras.cmake:15 (find_package)
[0.389s]   /opt/ros/foxy/share/ament_cmake/cmake/ament_cmakeConfig.cmake:41 (include)
[0.390s]   CMakeLists.txt:27 (find_package)
[0.390s] This warning is for project developers.  Use -Wno-dev to suppress it.
[0.390s] [0m
[0.472s] -- Using PYTHON_EXECUTABLE: /usr/bin/python3
[1.224s] -- Found rclcpp: 2.4.3 (/opt/ros/foxy/share/rclcpp/cmake)
[1.355s] -- Using all available rosidl_typesupport_c: rosidl_typesupport_fastrtps_c;rosidl_typesupport_introspection_c
[1.370s] -- Found rosidl_adapter: 1.3.1 (/opt/ros/foxy/share/rosidl_adapter/cmake)
[1.795s] -- Using all available rosidl_typesupport_cpp: rosidl_typesupport_fastrtps_cpp;rosidl_typesupport_introspection_cpp
[1.978s] -- Found rmw_implementation_cmake: 1.0.4 (/opt/ros/foxy/share/rmw_implementation_cmake/cmake)
[1.983s] -- Using RMW implementation 'rmw_fastrtps_cpp' as default
[2.478s] -- Found more_interfaces: 0.0.0 (/home/sirius2beta/cetus/install/more_interfaces/share/more_interfaces/cmake)
[2.546s] [31mCMake Error at CMakeLists.txt:33 (target_link_libraries):
[2.546s]   Cannot specify link libraries for target "link_manager" which is not built
[2.547s]   by this project.
[2.547s] 
[2.547s] [0m
[2.548s] -- Configuring incomplete, errors occurred!
[2.566s] make: *** [Makefile:267: cmake_check_build_system] Error 1
[2.606s] Invoked command in '/home/sirius2beta/cetus/build/link_manager' returned '2': CMAKE_PREFIX_PATH=/home/sirius2beta/cetus/install/more_interfaces:/home/sirius2beta/cetus/install/link_manager:/home/sirius2beta/cetus/install/video_control:/opt/ros/foxy LD_LIBRARY_PATH=/home/sirius2beta/cetus/install/more_interfaces/lib:/opt/ros/foxy/opt/yaml_cpp_vendor/lib:/opt/ros/foxy/lib/aarch64-linux-gnu:/opt/ros/foxy/lib:/usr/local/cuda-11.4/lib64:/usr/local/cuda-11.4/lib64 PYTHONPATH=/home/sirius2beta/cetus/install/more_interfaces/lib/python3.8/site-packages:/home/sirius2beta/cetus/install/video_control/lib/python3.8/site-packages:/opt/ros/foxy/lib/python3.8/site-packages /home/sirius2beta/.local/bin/cmake --build /home/sirius2beta/cetus/build/link_manager -- -j4 -l4
