[0.070s] Invoking command in '/home/sirius2beta/cetus/build/link_manager': CMAKE_PREFIX_PATH=/home/sirius2beta/cetus/install/more_interfaces:/home/sirius2beta/cetus/install/link_manager:/home/sirius2beta/cetus/install/video_control:/opt/ros/foxy LD_LIBRARY_PATH=/home/sirius2beta/cetus/install/more_interfaces/lib:/opt/ros/foxy/opt/yaml_cpp_vendor/lib:/opt/ros/foxy/lib/aarch64-linux-gnu:/opt/ros/foxy/lib:/usr/local/cuda-11.4/lib64:/usr/local/cuda-11.4/lib64 PYTHONPATH=/home/sirius2beta/cetus/install/more_interfaces/lib/python3.8/site-packages:/home/sirius2beta/cetus/install/video_control/lib/python3.8/site-packages:/opt/ros/foxy/lib/python3.8/site-packages /home/sirius2beta/.local/bin/cmake --build /home/sirius2beta/cetus/build/link_manager -- -j4 -l4
[0.365s] -- Found ament_cmake: 0.9.12 (/opt/ros/foxy/share/ament_cmake/cmake)
[0.372s] [33mCMake Warning (dev) at /opt/ros/foxy/share/ament_cmake_core/cmake/core/python.cmake:22 (find_package):
[0.373s]   Policy CMP0148 is not set: The FindPythonInterp and FindPythonLibs modules
[0.373s]   are removed.  Run "cmake --help-policy CMP0148" for policy details.  Use
[0.373s]   the cmake_policy command to set the policy and suppress this warning.
[0.374s] 
[0.374s] Call Stack (most recent call first):
[0.374s]   /opt/ros/foxy/share/ament_cmake_core/cmake/core/all.cmake:53 (include)
[0.375s]   /opt/ros/foxy/share/ament_cmake_core/cmake/ament_cmake_core-extras.cmake:17 (include)
[0.375s]   /opt/ros/foxy/share/ament_cmake_core/cmake/ament_cmake_coreConfig.cmake:41 (include)
[0.375s]   /opt/ros/foxy/share/ament_cmake/cmake/ament_cmake_export_dependencies-extras.cmake:15 (find_package)
[0.376s]   /opt/ros/foxy/share/ament_cmake/cmake/ament_cmakeConfig.cmake:41 (include)
[0.376s]   CMakeLists.txt:27 (find_package)
[0.376s] This warning is for project developers.  Use -Wno-dev to suppress it.
[0.377s] [0m
[0.456s] -- Using PYTHON_EXECUTABLE: /usr/bin/python3
[1.214s] -- Found rclcpp: 2.4.3 (/opt/ros/foxy/share/rclcpp/cmake)
[1.338s] -- Using all available rosidl_typesupport_c: rosidl_typesupport_fastrtps_c;rosidl_typesupport_introspection_c
[1.352s] -- Found rosidl_adapter: 1.3.1 (/opt/ros/foxy/share/rosidl_adapter/cmake)
[1.768s] -- Using all available rosidl_typesupport_cpp: rosidl_typesupport_fastrtps_cpp;rosidl_typesupport_introspection_cpp
[1.950s] -- Found rmw_implementation_cmake: 1.0.4 (/opt/ros/foxy/share/rmw_implementation_cmake/cmake)
[1.955s] -- Using RMW implementation 'rmw_fastrtps_cpp' as default
[2.431s] -- Found more_interfaces: 0.0.0 (/home/sirius2beta/cetus/install/more_interfaces/share/more_interfaces/cmake)
[2.476s] -- Found ament_lint_auto: 0.9.8 (/opt/ros/foxy/share/ament_lint_auto/cmake)
[2.727s] -- Added test 'copyright' to check source files copyright and LICENSE
[2.731s] -- Added test 'cppcheck' to perform static code analysis on C / C++ code
[2.732s] -- Configured cppcheck include dirs: 
[2.733s] -- Configured cppcheck exclude dirs and/or files: 
[2.737s] -- Added test 'cpplint' to check C / C++ code against the Google style
[2.737s] -- Configured cpplint exclude dirs and/or files: 
[2.739s] -- Added test 'lint_cmake' to check CMake code style
[2.743s] -- Added test 'uncrustify' to check C / C++ code style
[2.744s] -- Configured uncrustify additional arguments: 
[2.745s] -- Added test 'xmllint' to check XML markup files
[2.749s] -- Configuring done (2.4s)
[2.776s] [31mCMake Error at CMakeLists.txt:46 (add_executable):
[2.777s]   Cannot find source file:
[2.777s] 
[2.778s]     src/SubscribeWorker.cpp
[2.779s] 
[2.779s]   Tried extensions .c .C .c++ .cc .cpp .cxx .cu .mpp .m .M .mm .ixx .cppm
[2.779s]   .ccm .cxxm .c++m .h .hh .h++ .hm .hpp .hxx .in .txx .f .F .for .f77 .f90
[2.780s]   .f95 .f03 .hip .ispc
[2.780s] 
[2.780s] [0m
[2.860s] -- Generating done (0.1s)
[2.860s] [0mCMake Generate step failed.  Build files cannot be regenerated correctly.[0m
[2.879s] make: *** [Makefile:308: cmake_check_build_system] Error 1
[2.920s] Invoked command in '/home/sirius2beta/cetus/build/link_manager' returned '2': CMAKE_PREFIX_PATH=/home/sirius2beta/cetus/install/more_interfaces:/home/sirius2beta/cetus/install/link_manager:/home/sirius2beta/cetus/install/video_control:/opt/ros/foxy LD_LIBRARY_PATH=/home/sirius2beta/cetus/install/more_interfaces/lib:/opt/ros/foxy/opt/yaml_cpp_vendor/lib:/opt/ros/foxy/lib/aarch64-linux-gnu:/opt/ros/foxy/lib:/usr/local/cuda-11.4/lib64:/usr/local/cuda-11.4/lib64 PYTHONPATH=/home/sirius2beta/cetus/install/more_interfaces/lib/python3.8/site-packages:/home/sirius2beta/cetus/install/video_control/lib/python3.8/site-packages:/opt/ros/foxy/lib/python3.8/site-packages /home/sirius2beta/.local/bin/cmake --build /home/sirius2beta/cetus/build/link_manager -- -j4 -l4
