[0.074s] Invoking command in '/home/sirius2beta/cetus/build/link_manager': AMENT_PREFIX_PATH=/home/sirius2beta/cetus/install/more_interfaces:${AMENT_PREFIX_PATH} CMAKE_PREFIX_PATH=/home/sirius2beta/cetus/install/more_interfaces:/opt/ros/foxy LD_LIBRARY_PATH=/home/sirius2beta/cetus/install/more_interfaces/lib:/opt/ros/foxy/opt/yaml_cpp_vendor/lib:/opt/ros/foxy/lib/aarch64-linux-gnu:/opt/ros/foxy/lib:/usr/local/cuda-11.4/lib64:/usr/local/cuda-11.4/lib64 PYTHONPATH=/home/sirius2beta/cetus/install/more_interfaces/lib/python3.8/site-packages:${PYTHONPATH} /home/sirius2beta/.local/bin/cmake --build /home/sirius2beta/cetus/build/link_manager -- -j4 -l4
[0.429s] [ 50%] [32mBuilding CXX object CMakeFiles/link_manager.dir/src/link_manager.cpp.o[0m
[17.451s] [100%] [32m[1mLinking CXX executable link_manager[0m
[18.305s] [100%] Built target link_manager
[18.362s] Invoked command in '/home/sirius2beta/cetus/build/link_manager' returned '0': AMENT_PREFIX_PATH=/home/sirius2beta/cetus/install/more_interfaces:${AMENT_PREFIX_PATH} CMAKE_PREFIX_PATH=/home/sirius2beta/cetus/install/more_interfaces:/opt/ros/foxy LD_LIBRARY_PATH=/home/sirius2beta/cetus/install/more_interfaces/lib:/opt/ros/foxy/opt/yaml_cpp_vendor/lib:/opt/ros/foxy/lib/aarch64-linux-gnu:/opt/ros/foxy/lib:/usr/local/cuda-11.4/lib64:/usr/local/cuda-11.4/lib64 PYTHONPATH=/home/sirius2beta/cetus/install/more_interfaces/lib/python3.8/site-packages:${PYTHONPATH} /home/sirius2beta/.local/bin/cmake --build /home/sirius2beta/cetus/build/link_manager -- -j4 -l4
[18.645s] Invoking command in '/home/sirius2beta/cetus/build/link_manager': AMENT_PREFIX_PATH=/home/sirius2beta/cetus/install/more_interfaces:${AMENT_PREFIX_PATH} CMAKE_PREFIX_PATH=/home/sirius2beta/cetus/install/more_interfaces:/opt/ros/foxy LD_LIBRARY_PATH=/home/sirius2beta/cetus/install/more_interfaces/lib:/opt/ros/foxy/opt/yaml_cpp_vendor/lib:/opt/ros/foxy/lib/aarch64-linux-gnu:/opt/ros/foxy/lib:/usr/local/cuda-11.4/lib64:/usr/local/cuda-11.4/lib64 PYTHONPATH=/home/sirius2beta/cetus/install/more_interfaces/lib/python3.8/site-packages:${PYTHONPATH} /home/sirius2beta/.local/bin/cmake --install /home/sirius2beta/cetus/build/link_manager
[18.868s] -- Install configuration: ""
[18.869s] -- Installing: /home/sirius2beta/cetus/install/link_manager/lib/link_manager/link_manager
[18.886s] -- Set non-toolchain portion of runtime path of "/home/sirius2beta/cetus/install/link_manager/lib/link_manager/link_manager" to ""
[18.887s] -- Installing: /home/sirius2beta/cetus/install/link_manager/share/ament_index/resource_index/package_run_dependencies/link_manager
[18.889s] -- Installing: /home/sirius2beta/cetus/install/link_manager/share/ament_index/resource_index/parent_prefix_path/link_manager
[18.891s] -- Installing: /home/sirius2beta/cetus/install/link_manager/share/link_manager/environment/ament_prefix_path.sh
[18.892s] -- Installing: /home/sirius2beta/cetus/install/link_manager/share/link_manager/environment/ament_prefix_path.dsv
[18.894s] -- Installing: /home/sirius2beta/cetus/install/link_manager/share/link_manager/environment/path.sh
[18.895s] -- Installing: /home/sirius2beta/cetus/install/link_manager/share/link_manager/environment/path.dsv
[18.896s] -- Installing: /home/sirius2beta/cetus/install/link_manager/share/link_manager/local_setup.bash
[18.898s] -- Installing: /home/sirius2beta/cetus/install/link_manager/share/link_manager/local_setup.sh
[18.899s] -- Installing: /home/sirius2beta/cetus/install/link_manager/share/link_manager/local_setup.zsh
[18.901s] -- Installing: /home/sirius2beta/cetus/install/link_manager/share/link_manager/local_setup.dsv
[18.902s] -- Installing: /home/sirius2beta/cetus/install/link_manager/share/link_manager/package.dsv
[18.904s] -- Installing: /home/sirius2beta/cetus/install/link_manager/share/ament_index/resource_index/packages/link_manager
[18.905s] -- Installing: /home/sirius2beta/cetus/install/link_manager/share/link_manager/cmake/link_managerConfig.cmake
[18.907s] -- Installing: /home/sirius2beta/cetus/install/link_manager/share/link_manager/cmake/link_managerConfig-version.cmake
[18.908s] -- Installing: /home/sirius2beta/cetus/install/link_manager/share/link_manager/package.xml
[18.949s] Invoked command in '/home/sirius2beta/cetus/build/link_manager' returned '0': AMENT_PREFIX_PATH=/home/sirius2beta/cetus/install/more_interfaces:${AMENT_PREFIX_PATH} CMAKE_PREFIX_PATH=/home/sirius2beta/cetus/install/more_interfaces:/opt/ros/foxy LD_LIBRARY_PATH=/home/sirius2beta/cetus/install/more_interfaces/lib:/opt/ros/foxy/opt/yaml_cpp_vendor/lib:/opt/ros/foxy/lib/aarch64-linux-gnu:/opt/ros/foxy/lib:/usr/local/cuda-11.4/lib64:/usr/local/cuda-11.4/lib64 PYTHONPATH=/home/sirius2beta/cetus/install/more_interfaces/lib/python3.8/site-packages:${PYTHONPATH} /home/sirius2beta/.local/bin/cmake --install /home/sirius2beta/cetus/build/link_manager
