running egg_info
writing ../../build/video_control/video_control.egg-info/PKG-INFO
writing dependency_links to ../../build/video_control/video_control.egg-info/dependency_links.txt
writing entry points to ../../build/video_control/video_control.egg-info/entry_points.txt
writing requirements to ../../build/video_control/video_control.egg-info/requires.txt
writing top-level names to ../../build/video_control/video_control.egg-info/top_level.txt
reading manifest file '../../build/video_control/video_control.egg-info/SOURCES.txt'
writing manifest file '../../build/video_control/video_control.egg-info/SOURCES.txt'
running build
running build_py
running install
running install_lib
running install_data
copying resource/video_control -> /home/sirius2beta/cetus/install/video_control/share/ament_index/resource_index/packages
copying package.xml -> /home/sirius2beta/cetus/install/video_control/share/video_control
running install_egg_info
Copying ../../build/video_control/video_control.egg-info to /home/sirius2beta/cetus/install/video_control/lib/python3.8/site-packages/video_control-0.0.0-py3.8.egg-info
running install_scripts
Installing video_control script to /home/sirius2beta/cetus/install/video_control/lib/video_control
writing list of installed files to '/home/sirius2beta/cetus/build/video_control/install.log'
