[2.379s] Invoking command in '/home/sirius2beta/cetus/src/video_control': AMENT_PREFIX_PATH=/home/sirius2beta/cetus/install/more_interfaces:${AMENT_PREFIX_PATH} CMAKE_PREFIX_PATH=/home/sirius2beta/cetus/install/more_interfaces LD_LIBRARY_PATH=/home/sirius2beta/cetus/install/more_interfaces/lib:/opt/ros/foxy/opt/yaml_cpp_vendor/lib:/opt/ros/foxy/lib/aarch64-linux-gnu:/opt/ros/foxy/lib:/usr/local/cuda-11.4/lib64:/usr/local/cuda-11.4/lib64 PYTHONPATH=/home/sirius2beta/cetus/build/video_control/prefix_override:/usr/lib/python3/dist-packages/colcon_core/task/python/colcon_distutils_commands:/home/sirius2beta/cetus/install/video_control/lib/python3.8/site-packages:/home/sirius2beta/cetus/install/more_interfaces/lib/python3.8/site-packages:${PYTHONPATH} /usr/bin/python3 -W ignore:setup.py install is deprecated -W ignore:easy_install command is deprecated setup.py egg_info --egg-base ../../build/video_control build --build-base /home/sirius2beta/cetus/build/video_control/build install --record /home/sirius2beta/cetus/build/video_control/install.log --install-scripts $base/lib/video_control --single-version-externally-managed install_data
[3.230s] running egg_info
[3.232s] writing ../../build/video_control/video_control.egg-info/PKG-INFO
[3.233s] writing dependency_links to ../../build/video_control/video_control.egg-info/dependency_links.txt
[3.234s] writing entry points to ../../build/video_control/video_control.egg-info/entry_points.txt
[3.235s] writing requirements to ../../build/video_control/video_control.egg-info/requires.txt
[3.235s] writing top-level names to ../../build/video_control/video_control.egg-info/top_level.txt
[3.365s] reading manifest file '../../build/video_control/video_control.egg-info/SOURCES.txt'
[3.369s] writing manifest file '../../build/video_control/video_control.egg-info/SOURCES.txt'
[3.369s] running build
[3.370s] running build_py
[3.370s] running install
[3.373s] running install_lib
[3.379s] running install_data
[3.380s] copying resource/video_control -> /home/sirius2beta/cetus/install/video_control/share/ament_index/resource_index/packages
[3.381s] copying package.xml -> /home/sirius2beta/cetus/install/video_control/share/video_control
[3.381s] running install_egg_info
[3.388s] Copying ../../build/video_control/video_control.egg-info to /home/sirius2beta/cetus/install/video_control/lib/python3.8/site-packages/video_control-0.0.0-py3.8.egg-info
[3.393s] running install_scripts
[3.460s] Installing video_control script to /home/sirius2beta/cetus/install/video_control/lib/video_control
[3.462s] writing list of installed files to '/home/sirius2beta/cetus/build/video_control/install.log'
[3.550s] Invoked command in '/home/sirius2beta/cetus/src/video_control' returned '0': AMENT_PREFIX_PATH=/home/sirius2beta/cetus/install/more_interfaces:${AMENT_PREFIX_PATH} CMAKE_PREFIX_PATH=/home/sirius2beta/cetus/install/more_interfaces LD_LIBRARY_PATH=/home/sirius2beta/cetus/install/more_interfaces/lib:/opt/ros/foxy/opt/yaml_cpp_vendor/lib:/opt/ros/foxy/lib/aarch64-linux-gnu:/opt/ros/foxy/lib:/usr/local/cuda-11.4/lib64:/usr/local/cuda-11.4/lib64 PYTHONPATH=/home/sirius2beta/cetus/build/video_control/prefix_override:/usr/lib/python3/dist-packages/colcon_core/task/python/colcon_distutils_commands:/home/sirius2beta/cetus/install/video_control/lib/python3.8/site-packages:/home/sirius2beta/cetus/install/more_interfaces/lib/python3.8/site-packages:${PYTHONPATH} /usr/bin/python3 -W ignore:setup.py install is deprecated -W ignore:easy_install command is deprecated setup.py egg_info --egg-base ../../build/video_control build --build-base /home/sirius2beta/cetus/build/video_control/build install --record /home/sirius2beta/cetus/build/video_control/install.log --install-scripts $base/lib/video_control --single-version-externally-managed install_data
