running egg_info
creating ../../build/video_control/video_control.egg-info
writing ../../build/video_control/video_control.egg-info/PKG-INFO
writing dependency_links to ../../build/video_control/video_control.egg-info/dependency_links.txt
writing entry points to ../../build/video_control/video_control.egg-info/entry_points.txt
writing requirements to ../../build/video_control/video_control.egg-info/requires.txt
writing top-level names to ../../build/video_control/video_control.egg-info/top_level.txt
writing manifest file '../../build/video_control/video_control.egg-info/SOURCES.txt'
reading manifest file '../../build/video_control/video_control.egg-info/SOURCES.txt'
writing manifest file '../../build/video_control/video_control.egg-info/SOURCES.txt'
running build
running build_py
creating /home/sirius2beta/cetus/build/video_control/build
creating /home/sirius2beta/cetus/build/video_control/build/lib
creating /home/sirius2beta/cetus/build/video_control/build/lib/video_control
copying video_control/__init__.py -> /home/sirius2beta/cetus/build/video_control/build/lib/video_control
copying video_control/video_control.py -> /home/sirius2beta/cetus/build/video_control/build/lib/video_control
running install
running install_lib
creating /home/sirius2beta/cetus/install/video_control/lib/python3.8/site-packages/video_control
copying /home/sirius2beta/cetus/build/video_control/build/lib/video_control/__init__.py -> /home/sirius2beta/cetus/install/video_control/lib/python3.8/site-packages/video_control
copying /home/sirius2beta/cetus/build/video_control/build/lib/video_control/video_control.py -> /home/sirius2beta/cetus/install/video_control/lib/python3.8/site-packages/video_control
byte-compiling /home/sirius2beta/cetus/install/video_control/lib/python3.8/site-packages/video_control/__init__.py to __init__.cpython-38.pyc
byte-compiling /home/sirius2beta/cetus/install/video_control/lib/python3.8/site-packages/video_control/video_control.py to video_control.cpython-38.pyc
running install_data
creating /home/sirius2beta/cetus/install/video_control/share/ament_index
creating /home/sirius2beta/cetus/install/video_control/share/ament_index/resource_index
creating /home/sirius2beta/cetus/install/video_control/share/ament_index/resource_index/packages
