[2.375s] Invoking command in '/home/sirius2beta/cetus/src/video_control': AMENT_PREFIX_PATH=/home/sirius2beta/cetus/install/more_interfaces:${AMENT_PREFIX_PATH} CMAKE_PREFIX_PATH=/home/sirius2beta/cetus/install/more_interfaces LD_LIBRARY_PATH=/home/sirius2beta/cetus/install/more_interfaces/lib:/opt/ros/foxy/opt/yaml_cpp_vendor/lib:/opt/ros/foxy/lib/aarch64-linux-gnu:/opt/ros/foxy/lib:/usr/local/cuda-11.4/lib64:/usr/local/cuda-11.4/lib64 PYTHONPATH=/home/sirius2beta/cetus/build/video_control/prefix_override:/usr/lib/python3/dist-packages/colcon_core/task/python/colcon_distutils_commands:/home/sirius2beta/cetus/install/video_control/lib/python3.8/site-packages:/home/sirius2beta/cetus/install/more_interfaces/lib/python3.8/site-packages:${PYTHONPATH} /usr/bin/python3 -W ignore:setup.py install is deprecated -W ignore:easy_install command is deprecated setup.py egg_info --egg-base ../../build/video_control build --build-base /home/sirius2beta/cetus/build/video_control/build install --record /home/sirius2beta/cetus/build/video_control/install.log --install-scripts $base/lib/video_control --single-version-externally-managed install_data
[3.235s] running egg_info
[3.237s] creating ../../build/video_control/video_control.egg-info
[3.238s] writing ../../build/video_control/video_control.egg-info/PKG-INFO
[3.239s] writing dependency_links to ../../build/video_control/video_control.egg-info/dependency_links.txt
[3.240s] writing entry points to ../../build/video_control/video_control.egg-info/entry_points.txt
[3.241s] writing requirements to ../../build/video_control/video_control.egg-info/requires.txt
[3.241s] writing top-level names to ../../build/video_control/video_control.egg-info/top_level.txt
[3.245s] writing manifest file '../../build/video_control/video_control.egg-info/SOURCES.txt'
[3.365s] reading manifest file '../../build/video_control/video_control.egg-info/SOURCES.txt'
[3.367s] writing manifest file '../../build/video_control/video_control.egg-info/SOURCES.txt'
[3.368s] running build
[3.369s] running build_py
[3.370s] creating /home/sirius2beta/cetus/build/video_control/build
[3.370s] creating /home/sirius2beta/cetus/build/video_control/build/lib
[3.371s] creating /home/sirius2beta/cetus/build/video_control/build/lib/video_control
[3.371s] copying video_control/__init__.py -> /home/sirius2beta/cetus/build/video_control/build/lib/video_control
[3.371s] copying video_control/video_control.py -> /home/sirius2beta/cetus/build/video_control/build/lib/video_control
[3.372s] running install
[3.374s] running install_lib
[3.379s] creating /home/sirius2beta/cetus/install/video_control/lib/python3.8/site-packages/video_control
[3.379s] copying /home/sirius2beta/cetus/build/video_control/build/lib/video_control/__init__.py -> /home/sirius2beta/cetus/install/video_control/lib/python3.8/site-packages/video_control
[3.380s] copying /home/sirius2beta/cetus/build/video_control/build/lib/video_control/video_control.py -> /home/sirius2beta/cetus/install/video_control/lib/python3.8/site-packages/video_control
[3.381s] byte-compiling /home/sirius2beta/cetus/install/video_control/lib/python3.8/site-packages/video_control/__init__.py to __init__.cpython-38.pyc
[3.386s] byte-compiling /home/sirius2beta/cetus/install/video_control/lib/python3.8/site-packages/video_control/video_control.py to video_control.cpython-38.pyc
[3.387s] running install_data
[3.388s] creating /home/sirius2beta/cetus/install/video_control/share/ament_index
[3.389s] creating /home/sirius2beta/cetus/install/video_control/share/ament_index/resource_index
[3.389s] creating /home/sirius2beta/cetus/install/video_control/share/ament_index/resource_index/packages
[3.390s] error: can't copy 'resource/video_control': doesn't exist or not a regular file
[3.469s] Invoked command in '/home/sirius2beta/cetus/src/video_control' returned '1': AMENT_PREFIX_PATH=/home/sirius2beta/cetus/install/more_interfaces:${AMENT_PREFIX_PATH} CMAKE_PREFIX_PATH=/home/sirius2beta/cetus/install/more_interfaces LD_LIBRARY_PATH=/home/sirius2beta/cetus/install/more_interfaces/lib:/opt/ros/foxy/opt/yaml_cpp_vendor/lib:/opt/ros/foxy/lib/aarch64-linux-gnu:/opt/ros/foxy/lib:/usr/local/cuda-11.4/lib64:/usr/local/cuda-11.4/lib64 PYTHONPATH=/home/sirius2beta/cetus/build/video_control/prefix_override:/usr/lib/python3/dist-packages/colcon_core/task/python/colcon_distutils_commands:/home/sirius2beta/cetus/install/video_control/lib/python3.8/site-packages:/home/sirius2beta/cetus/install/more_interfaces/lib/python3.8/site-packages:${PYTHONPATH} /usr/bin/python3 -W ignore:setup.py install is deprecated -W ignore:easy_install command is deprecated setup.py egg_info --egg-base ../../build/video_control build --build-base /home/sirius2beta/cetus/build/video_control/build install --record /home/sirius2beta/cetus/build/video_control/install.log --install-scripts $base/lib/video_control --single-version-externally-managed install_data
