-- Found ament_cmake: 0.9.12 (/opt/ros/foxy/share/ament_cmake/cmake)
-- Found PythonInterp: /usr/bin/python3 (found suitable version "3.8.10", minimum required is "3")
-- Using PYTHON_EXECUTABLE: /usr/bin/python3
-- Found rosidl_default_generators: 1.0.1 (/opt/ros/foxy/share/rosidl_default_generators/cmake)
-- Using all available rosidl_typesupport_c: rosidl_typesupport_fastrtps_c;rosidl_typesupport_introspection_c
-- Found rosidl_adapter: 1.3.1 (/opt/ros/foxy/share/rosidl_adapter/cmake)
-- Found OpenSSL: /usr/lib/aarch64-linux-gnu/libcrypto.so (found version "1.1.1f")
-- Found FastRTPS: /opt/ros/foxy/include
-- Using all available rosidl_typesupport_cpp: rosidl_typesupport_fastrtps_cpp;rosidl_typesupport_introspection_cpp
-- Found PythonInterp: /usr/bin/python3 (found version "3.8.10")
-- Found ament_cmake_ros: 0.9.2 (/opt/ros/foxy/share/ament_cmake_ros/cmake)
-- Using all available rosidl_typesupport_c: rosidl_typesupport_fastrtps_c;rosidl_typesupport_introspection_c
-- Using all available rosidl_typesupport_cpp: rosidl_typesupport_fastrtps_cpp;rosidl_typesupport_introspection_cpp
-- Found PythonInterp: /usr/bin/python3 (found suitable version "3.8.10", minimum required is "3.5")
-- Found python_cmake_module: 0.8.1 (/opt/ros/foxy/share/python_cmake_module/cmake)
-- Found PythonLibs: /usr/lib/aarch64-linux-gnu/libpython3.8.so (found suitable version "3.8.10", minimum required is "3.5")
-- Using PYTHON_EXECUTABLE: /usr/bin/python3
-- Using PYTHON_INCLUDE_DIRS: /usr/include/python3.8
-- Using PYTHON_LIBRARIES: /usr/lib/aarch64-linux-gnu/libpython3.8.so
-- Found PythonExtra: .so
-- Configuring done (3.3s)
-- Generating done (0.2s)
-- Build files have been written to: /home/sirius2beta/cetus/build/more_interfaces
[  2%] [34m[1mGenerating C code for ROS interfaces[0m
[  5%] [34m[1mGenerating C++ code for ROS interfaces[0m
[  5%] Built target more_interfaces__cpp
[  7%] [34m[1mGenerating C++ type support for eProsima Fast-RTPS[0m
[ 10%] [34m[1mGenerating C++ type support dispatch for ROS interfaces[0m
[ 12%] [34m[1mGenerating C++ introspection for ROS interfaces[0m
[ 15%] [32mBuilding C object CMakeFiles/more_interfaces__rosidl_generator_c.dir/rosidl_generator_c/more_interfaces/msg/detail/marinelink_packet__functions.c.o[0m
[ 17%] [32mBuilding C object CMakeFiles/more_interfaces__rosidl_generator_c.dir/rosidl_generator_c/more_interfaces/msg/detail/mavlink_packet__functions.c.o[0m
[ 20%] [32m[1mLinking C shared library libmore_interfaces__rosidl_generator_c.so[0m
[ 20%] Built target more_interfaces__rosidl_generator_c
[ 23%] [34m[1mGenerating C introspection for ROS interfaces[0m
[ 25%] [32mBuilding CXX object CMakeFiles/more_interfaces__rosidl_typesupport_cpp.dir/rosidl_typesupport_cpp/more_interfaces/msg/marinelink_packet__type_support.cpp.o[0m
[ 28%] [32mBuilding CXX object CMakeFiles/more_interfaces__rosidl_typesupport_introspection_cpp.dir/rosidl_typesupport_introspection_cpp/more_interfaces/msg/detail/marinelink_packet__type_support.cpp.o[0m
[ 30%] [32mBuilding CXX object CMakeFiles/more_interfaces__rosidl_typesupport_fastrtps_cpp.dir/rosidl_typesupport_fastrtps_cpp/more_interfaces/msg/detail/dds_fastrtps/marinelink_packet__type_support.cpp.o[0m
[ 33%] [32mBuilding C object CMakeFiles/more_interfaces__rosidl_typesupport_introspection_c.dir/rosidl_typesupport_introspection_c/more_interfaces/msg/detail/marinelink_packet__type_support.c.o[0m
[ 35%] [32mBuilding C object CMakeFiles/more_interfaces__rosidl_typesupport_introspection_c.dir/rosidl_typesupport_introspection_c/more_interfaces/msg/detail/mavlink_packet__type_support.c.o[0m
[ 38%] [32m[1mLinking C shared library libmore_interfaces__rosidl_typesupport_introspection_c.so[0m
[ 41%] [32mBuilding CXX object CMakeFiles/more_interfaces__rosidl_typesupport_cpp.dir/rosidl_typesupport_cpp/more_interfaces/msg/mavlink_packet__type_support.cpp.o[0m
[ 41%] Built target more_interfaces__rosidl_typesupport_introspection_c
[ 43%] [34m[1mGenerating C type support dispatch for ROS interfaces[0m
[ 46%] [32mBuilding CXX object CMakeFiles/more_interfaces__rosidl_typesupport_introspection_cpp.dir/rosidl_typesupport_introspection_cpp/more_interfaces/msg/detail/mavlink_packet__type_support.cpp.o[0m
[ 48%] [32mBuilding CXX object CMakeFiles/more_interfaces__rosidl_typesupport_fastrtps_cpp.dir/rosidl_typesupport_fastrtps_cpp/more_interfaces/msg/detail/dds_fastrtps/mavlink_packet__type_support.cpp.o[0m
[ 51%] [32mBuilding CXX object CMakeFiles/more_interfaces__rosidl_typesupport_c.dir/rosidl_typesupport_c/more_interfaces/msg/marinelink_packet__type_support.cpp.o[0m
[ 53%] [32m[1mLinking CXX shared library libmore_interfaces__rosidl_typesupport_cpp.so[0m
[ 56%] [32mBuilding CXX object CMakeFiles/more_interfaces__rosidl_typesupport_c.dir/rosidl_typesupport_c/more_interfaces/msg/mavlink_packet__type_support.cpp.o[0m
[ 56%] Built target more_interfaces__rosidl_typesupport_cpp
[ 58%] [32m[1mLinking CXX shared library libmore_interfaces__rosidl_typesupport_c.so[0m
[ 58%] Built target more_interfaces__rosidl_typesupport_c
[ 61%] [32m[1mLinking CXX shared library libmore_interfaces__rosidl_typesupport_introspection_cpp.so[0m
[ 61%] Built target more_interfaces__rosidl_typesupport_introspection_cpp
[ 64%] [32m[1mLinking CXX shared library libmore_interfaces__rosidl_typesupport_fastrtps_cpp.so[0m
[ 64%] Built target more_interfaces__rosidl_typesupport_fastrtps_cpp
[ 66%] [34m[1mGenerating C type support for eProsima Fast-RTPS[0m
[ 71%] [32mBuilding CXX object CMakeFiles/more_interfaces__rosidl_typesupport_fastrtps_c.dir/rosidl_typesupport_fastrtps_c/more_interfaces/msg/detail/marinelink_packet__type_support_c.cpp.o[0m
[ 71%] [32mBuilding CXX object CMakeFiles/more_interfaces__rosidl_typesupport_fastrtps_c.dir/rosidl_typesupport_fastrtps_c/more_interfaces/msg/detail/mavlink_packet__type_support_c.cpp.o[0m
[ 74%] [32m[1mLinking CXX shared library libmore_interfaces__rosidl_typesupport_fastrtps_c.so[0m
[ 74%] Built target more_interfaces__rosidl_typesupport_fastrtps_c
[ 74%] Built target more_interfaces
[ 76%] [34m[1mGenerating Python code for ROS interfaces[0m
[ 76%] Built target more_interfaces__py
[ 82%] [32mBuilding C object CMakeFiles/more_interfaces__python.dir/rosidl_generator_py/more_interfaces/msg/_mavlink_packet_s.c.o[0m
[ 82%] [32mBuilding C object CMakeFiles/more_interfaces__python.dir/rosidl_generator_py/more_interfaces/msg/_marinelink_packet_s.c.o[0m
[ 84%] [32m[1mLinking C shared library rosidl_generator_py/more_interfaces/libmore_interfaces__python.so[0m
[ 84%] Built target more_interfaces__python
[ 89%] [32mBuilding C object CMakeFiles/more_interfaces__rosidl_typesupport_introspection_c__pyext.dir/rosidl_generator_py/more_interfaces/_more_interfaces_s.ep.rosidl_typesupport_introspection_c.c.o[0m
[ 89%] [32mBuilding C object CMakeFiles/more_interfaces__rosidl_typesupport_fastrtps_c__pyext.dir/rosidl_generator_py/more_interfaces/_more_interfaces_s.ep.rosidl_typesupport_fastrtps_c.c.o[0m
[ 92%] [32mBuilding C object CMakeFiles/more_interfaces__rosidl_typesupport_c__pyext.dir/rosidl_generator_py/more_interfaces/_more_interfaces_s.ep.rosidl_typesupport_c.c.o[0m
[ 94%] [32m[1mLinking C shared library rosidl_generator_py/more_interfaces/more_interfaces_s__rosidl_typesupport_introspection_c.cpython-38-aarch64-linux-gnu.so[0m
[ 97%] [32m[1mLinking CXX shared library rosidl_generator_py/more_interfaces/more_interfaces_s__rosidl_typesupport_fastrtps_c.cpython-38-aarch64-linux-gnu.so[0m
[100%] [32m[1mLinking C shared library rosidl_generator_py/more_interfaces/more_interfaces_s__rosidl_typesupport_c.cpython-38-aarch64-linux-gnu.so[0m
[100%] Built target more_interfaces__rosidl_typesupport_introspection_c__pyext
[100%] Built target more_interfaces__rosidl_typesupport_c__pyext
[100%] Built target more_interfaces__rosidl_typesupport_fastrtps_c__pyext
-- Install configuration: ""
-- Installing: /home/sirius2beta/cetus/install/more_interfaces/share/ament_index/resource_index/rosidl_interfaces/more_interfaces
-- Installing: /home/sirius2beta/cetus/install/more_interfaces/include/more_interfaces
-- Installing: /home/sirius2beta/cetus/install/more_interfaces/include/more_interfaces/msg
-- Installing: /home/sirius2beta/cetus/install/more_interfaces/include/more_interfaces/msg/rosidl_generator_c__visibility_control.h
-- Installing: /home/sirius2beta/cetus/install/more_interfaces/include/more_interfaces/msg/detail
-- Installing: /home/sirius2beta/cetus/install/more_interfaces/include/more_interfaces/msg/detail/marinelink_packet__struct.h
-- Installing: /home/sirius2beta/cetus/install/more_interfaces/include/more_interfaces/msg/detail/mavlink_packet__type_support.h
-- Installing: /home/sirius2beta/cetus/install/more_interfaces/include/more_interfaces/msg/detail/marinelink_packet__type_support.h
-- Installing: /home/sirius2beta/cetus/install/more_interfaces/include/more_interfaces/msg/detail/marinelink_packet__functions.h
-- Installing: /home/sirius2beta/cetus/install/more_interfaces/include/more_interfaces/msg/detail/marinelink_packet__functions.c
-- Installing: /home/sirius2beta/cetus/install/more_interfaces/include/more_interfaces/msg/detail/mavlink_packet__struct.h
-- Installing: /home/sirius2beta/cetus/install/more_interfaces/include/more_interfaces/msg/detail/mavlink_packet__functions.h
-- Installing: /home/sirius2beta/cetus/install/more_interfaces/include/more_interfaces/msg/detail/mavlink_packet__functions.c
-- Installing: /home/sirius2beta/cetus/install/more_interfaces/include/more_interfaces/msg/mavlink_packet.h
-- Installing: /home/sirius2beta/cetus/install/more_interfaces/include/more_interfaces/msg/marinelink_packet.h
-- Installing: /home/sirius2beta/cetus/install/more_interfaces/share/more_interfaces/environment/library_path.sh
-- Installing: /home/sirius2beta/cetus/install/more_interfaces/share/more_interfaces/environment/library_path.dsv
-- Installing: /home/sirius2beta/cetus/install/more_interfaces/lib/libmore_interfaces__rosidl_generator_c.so
-- Set non-toolchain portion of runtime path of "/home/sirius2beta/cetus/install/more_interfaces/lib/libmore_interfaces__rosidl_generator_c.so" to ""
-- Up-to-date: /home/sirius2beta/cetus/install/more_interfaces/include/more_interfaces
-- Up-to-date: /home/sirius2beta/cetus/install/more_interfaces/include/more_interfaces/msg
-- Up-to-date: /home/sirius2beta/cetus/install/more_interfaces/include/more_interfaces/msg/detail
-- Installing: /home/sirius2beta/cetus/install/more_interfaces/include/more_interfaces/msg/detail/marinelink_packet__rosidl_typesupport_fastrtps_c.h
-- Installing: /home/sirius2beta/cetus/install/more_interfaces/include/more_interfaces/msg/detail/mavlink_packet__rosidl_typesupport_fastrtps_c.h
-- Installing: /home/sirius2beta/cetus/install/more_interfaces/include/more_interfaces/msg/rosidl_typesupport_fastrtps_c__visibility_control.h
-- Installing: /home/sirius2beta/cetus/install/more_interfaces/lib/libmore_interfaces__rosidl_typesupport_fastrtps_c.so
-- Set non-toolchain portion of runtime path of "/home/sirius2beta/cetus/install/more_interfaces/lib/libmore_interfaces__rosidl_typesupport_fastrtps_c.so" to ""
-- Up-to-date: /home/sirius2beta/cetus/install/more_interfaces/include/more_interfaces
-- Up-to-date: /home/sirius2beta/cetus/install/more_interfaces/include/more_interfaces/msg
-- Installing: /home/sirius2beta/cetus/install/more_interfaces/include/more_interfaces/msg/rosidl_typesupport_fastrtps_cpp__visibility_control.h
-- Up-to-date: /home/sirius2beta/cetus/install/more_interfaces/include/more_interfaces/msg/detail
-- Installing: /home/sirius2beta/cetus/install/more_interfaces/include/more_interfaces/msg/detail/marinelink_packet__rosidl_typesupport_fastrtps_cpp.hpp
-- Installing: /home/sirius2beta/cetus/install/more_interfaces/include/more_interfaces/msg/detail/mavlink_packet__rosidl_typesupport_fastrtps_cpp.hpp
-- Installing: /home/sirius2beta/cetus/install/more_interfaces/include/more_interfaces/msg/detail/dds_fastrtps
-- Installing: /home/sirius2beta/cetus/install/more_interfaces/lib/libmore_interfaces__rosidl_typesupport_fastrtps_cpp.so
-- Set non-toolchain portion of runtime path of "/home/sirius2beta/cetus/install/more_interfaces/lib/libmore_interfaces__rosidl_typesupport_fastrtps_cpp.so" to ""
-- Up-to-date: /home/sirius2beta/cetus/install/more_interfaces/include/more_interfaces
-- Up-to-date: /home/sirius2beta/cetus/install/more_interfaces/include/more_interfaces/msg
-- Up-to-date: /home/sirius2beta/cetus/install/more_interfaces/include/more_interfaces/msg/detail
-- Installing: /home/sirius2beta/cetus/install/more_interfaces/include/more_interfaces/msg/detail/marinelink_packet__rosidl_typesupport_introspection_c.h
-- Installing: /home/sirius2beta/cetus/install/more_interfaces/include/more_interfaces/msg/detail/mavlink_packet__type_support.c
-- Installing: /home/sirius2beta/cetus/install/more_interfaces/include/more_interfaces/msg/detail/marinelink_packet__type_support.c
-- Installing: /home/sirius2beta/cetus/install/more_interfaces/include/more_interfaces/msg/detail/mavlink_packet__rosidl_typesupport_introspection_c.h
-- Installing: /home/sirius2beta/cetus/install/more_interfaces/include/more_interfaces/msg/rosidl_typesupport_introspection_c__visibility_control.h
-- Installing: /home/sirius2beta/cetus/install/more_interfaces/lib/libmore_interfaces__rosidl_typesupport_introspection_c.so
-- Set non-toolchain portion of runtime path of "/home/sirius2beta/cetus/install/more_interfaces/lib/libmore_interfaces__rosidl_typesupport_introspection_c.so" to ""
-- Installing: /home/sirius2beta/cetus/install/more_interfaces/lib/libmore_interfaces__rosidl_typesupport_c.so
-- Set non-toolchain portion of runtime path of "/home/sirius2beta/cetus/install/more_interfaces/lib/libmore_interfaces__rosidl_typesupport_c.so" to ""
-- Up-to-date: /home/sirius2beta/cetus/install/more_interfaces/include/more_interfaces
-- Up-to-date: /home/sirius2beta/cetus/install/more_interfaces/include/more_interfaces/msg
-- Installing: /home/sirius2beta/cetus/install/more_interfaces/include/more_interfaces/msg/rosidl_generator_cpp__visibility_control.hpp
-- Installing: /home/sirius2beta/cetus/install/more_interfaces/include/more_interfaces/msg/marinelink_packet.hpp
-- Installing: /home/sirius2beta/cetus/install/more_interfaces/include/more_interfaces/msg/mavlink_packet.hpp
-- Up-to-date: /home/sirius2beta/cetus/install/more_interfaces/include/more_interfaces/msg/detail
-- Installing: /home/sirius2beta/cetus/install/more_interfaces/include/more_interfaces/msg/detail/mavlink_packet__struct.hpp
-- Installing: /home/sirius2beta/cetus/install/more_interfaces/include/more_interfaces/msg/detail/marinelink_packet__builder.hpp
-- Installing: /home/sirius2beta/cetus/install/more_interfaces/include/more_interfaces/msg/detail/marinelink_packet__struct.hpp
-- Installing: /home/sirius2beta/cetus/install/more_interfaces/include/more_interfaces/msg/detail/marinelink_packet__traits.hpp
-- Installing: /home/sirius2beta/cetus/install/more_interfaces/include/more_interfaces/msg/detail/mavlink_packet__traits.hpp
-- Installing: /home/sirius2beta/cetus/install/more_interfaces/include/more_interfaces/msg/detail/mavlink_packet__type_support.hpp
-- Installing: /home/sirius2beta/cetus/install/more_interfaces/include/more_interfaces/msg/detail/marinelink_packet__type_support.hpp
-- Installing: /home/sirius2beta/cetus/install/more_interfaces/include/more_interfaces/msg/detail/mavlink_packet__builder.hpp
-- Up-to-date: /home/sirius2beta/cetus/install/more_interfaces/include/more_interfaces
-- Up-to-date: /home/sirius2beta/cetus/install/more_interfaces/include/more_interfaces/msg
-- Up-to-date: /home/sirius2beta/cetus/install/more_interfaces/include/more_interfaces/msg/detail
-- Installing: /home/sirius2beta/cetus/install/more_interfaces/include/more_interfaces/msg/detail/marinelink_packet__rosidl_typesupport_introspection_cpp.hpp
-- Installing: /home/sirius2beta/cetus/install/more_interfaces/include/more_interfaces/msg/detail/marinelink_packet__type_support.cpp
-- Installing: /home/sirius2beta/cetus/install/more_interfaces/include/more_interfaces/msg/detail/mavlink_packet__rosidl_typesupport_introspection_cpp.hpp
-- Installing: /home/sirius2beta/cetus/install/more_interfaces/include/more_interfaces/msg/detail/mavlink_packet__type_support.cpp
-- Installing: /home/sirius2beta/cetus/install/more_interfaces/lib/libmore_interfaces__rosidl_typesupport_introspection_cpp.so
-- Set non-toolchain portion of runtime path of "/home/sirius2beta/cetus/install/more_interfaces/lib/libmore_interfaces__rosidl_typesupport_introspection_cpp.so" to ""
-- Installing: /home/sirius2beta/cetus/install/more_interfaces/lib/libmore_interfaces__rosidl_typesupport_cpp.so
-- Set non-toolchain portion of runtime path of "/home/sirius2beta/cetus/install/more_interfaces/lib/libmore_interfaces__rosidl_typesupport_cpp.so" to ""
-- Installing: /home/sirius2beta/cetus/install/more_interfaces/share/more_interfaces/environment/pythonpath.sh
-- Installing: /home/sirius2beta/cetus/install/more_interfaces/share/more_interfaces/environment/pythonpath.dsv
-- Installing: /home/sirius2beta/cetus/install/more_interfaces/lib/python3.8/site-packages/more_interfaces/__init__.py
Compiling '/home/sirius2beta/cetus/install/more_interfaces/lib/python3.8/site-packages/more_interfaces/__init__.py'...
-- Installing: /home/sirius2beta/cetus/install/more_interfaces/lib/python3.8/site-packages/more_interfaces/msg
-- Installing: /home/sirius2beta/cetus/install/more_interfaces/lib/python3.8/site-packages/more_interfaces/msg/_marinelink_packet_s.c
-- Installing: /home/sirius2beta/cetus/install/more_interfaces/lib/python3.8/site-packages/more_interfaces/msg/_mavlink_packet_s.c
-- Installing: /home/sirius2beta/cetus/install/more_interfaces/lib/python3.8/site-packages/more_interfaces/msg/_marinelink_packet.py
-- Installing: /home/sirius2beta/cetus/install/more_interfaces/lib/python3.8/site-packages/more_interfaces/msg/_mavlink_packet.py
-- Installing: /home/sirius2beta/cetus/install/more_interfaces/lib/python3.8/site-packages/more_interfaces/msg/__init__.py
-- Installing: /home/sirius2beta/cetus/install/more_interfaces/lib/python3.8/site-packages/more_interfaces/more_interfaces_s__rosidl_typesupport_fastrtps_c.cpython-38-aarch64-linux-gnu.so
-- Set non-toolchain portion of runtime path of "/home/sirius2beta/cetus/install/more_interfaces/lib/python3.8/site-packages/more_interfaces/more_interfaces_s__rosidl_typesupport_fastrtps_c.cpython-38-aarch64-linux-gnu.so" to ""
-- Installing: /home/sirius2beta/cetus/install/more_interfaces/lib/python3.8/site-packages/more_interfaces/more_interfaces_s__rosidl_typesupport_introspection_c.cpython-38-aarch64-linux-gnu.so
-- Set non-toolchain portion of runtime path of "/home/sirius2beta/cetus/install/more_interfaces/lib/python3.8/site-packages/more_interfaces/more_interfaces_s__rosidl_typesupport_introspection_c.cpython-38-aarch64-linux-gnu.so" to ""
-- Installing: /home/sirius2beta/cetus/install/more_interfaces/lib/python3.8/site-packages/more_interfaces/more_interfaces_s__rosidl_typesupport_c.cpython-38-aarch64-linux-gnu.so
-- Set non-toolchain portion of runtime path of "/home/sirius2beta/cetus/install/more_interfaces/lib/python3.8/site-packages/more_interfaces/more_interfaces_s__rosidl_typesupport_c.cpython-38-aarch64-linux-gnu.so" to ""
-- Installing: /home/sirius2beta/cetus/install/more_interfaces/lib/libmore_interfaces__python.so
-- Set non-toolchain portion of runtime path of "/home/sirius2beta/cetus/install/more_interfaces/lib/libmore_interfaces__python.so" to ""
-- Installing: /home/sirius2beta/cetus/install/more_interfaces/share/more_interfaces/msg/MarinelinkPacket.idl
-- Installing: /home/sirius2beta/cetus/install/more_interfaces/share/more_interfaces/msg/MavlinkPacket.idl
-- Installing: /home/sirius2beta/cetus/install/more_interfaces/share/more_interfaces/msg/MarinelinkPacket.msg
-- Installing: /home/sirius2beta/cetus/install/more_interfaces/share/more_interfaces/msg/MavlinkPacket.msg
-- Installing: /home/sirius2beta/cetus/install/more_interfaces/share/ament_index/resource_index/package_run_dependencies/more_interfaces
-- Installing: /home/sirius2beta/cetus/install/more_interfaces/share/ament_index/resource_index/parent_prefix_path/more_interfaces
-- Installing: /home/sirius2beta/cetus/install/more_interfaces/share/more_interfaces/environment/ament_prefix_path.sh
-- Installing: /home/sirius2beta/cetus/install/more_interfaces/share/more_interfaces/environment/ament_prefix_path.dsv
-- Installing: /home/sirius2beta/cetus/install/more_interfaces/share/more_interfaces/environment/path.sh
-- Installing: /home/sirius2beta/cetus/install/more_interfaces/share/more_interfaces/environment/path.dsv
-- Installing: /home/sirius2beta/cetus/install/more_interfaces/share/more_interfaces/local_setup.bash
-- Installing: /home/sirius2beta/cetus/install/more_interfaces/share/more_interfaces/local_setup.sh
-- Installing: /home/sirius2beta/cetus/install/more_interfaces/share/more_interfaces/local_setup.zsh
-- Installing: /home/sirius2beta/cetus/install/more_interfaces/share/more_interfaces/local_setup.dsv
-- Installing: /home/sirius2beta/cetus/install/more_interfaces/share/more_interfaces/package.dsv
-- Installing: /home/sirius2beta/cetus/install/more_interfaces/share/ament_index/resource_index/packages/more_interfaces
-- Installing: /home/sirius2beta/cetus/install/more_interfaces/share/more_interfaces/cmake/more_interfaces__rosidl_generator_cExport.cmake
-- Installing: /home/sirius2beta/cetus/install/more_interfaces/share/more_interfaces/cmake/more_interfaces__rosidl_generator_cExport-noconfig.cmake
-- Installing: /home/sirius2beta/cetus/install/more_interfaces/share/more_interfaces/cmake/more_interfaces__rosidl_typesupport_introspection_cExport.cmake
-- Installing: /home/sirius2beta/cetus/install/more_interfaces/share/more_interfaces/cmake/more_interfaces__rosidl_typesupport_introspection_cExport-noconfig.cmake
-- Installing: /home/sirius2beta/cetus/install/more_interfaces/share/more_interfaces/cmake/more_interfaces__rosidl_typesupport_cExport.cmake
-- Installing: /home/sirius2beta/cetus/install/more_interfaces/share/more_interfaces/cmake/more_interfaces__rosidl_typesupport_cExport-noconfig.cmake
-- Installing: /home/sirius2beta/cetus/install/more_interfaces/share/more_interfaces/cmake/more_interfaces__rosidl_generator_cppExport.cmake
-- Installing: /home/sirius2beta/cetus/install/more_interfaces/share/more_interfaces/cmake/more_interfaces__rosidl_typesupport_introspection_cppExport.cmake
-- Installing: /home/sirius2beta/cetus/install/more_interfaces/share/more_interfaces/cmake/more_interfaces__rosidl_typesupport_introspection_cppExport-noconfig.cmake
-- Installing: /home/sirius2beta/cetus/install/more_interfaces/share/more_interfaces/cmake/more_interfaces__rosidl_typesupport_cppExport.cmake
-- Installing: /home/sirius2beta/cetus/install/more_interfaces/share/more_interfaces/cmake/more_interfaces__rosidl_typesupport_cppExport-noconfig.cmake
-- Installing: /home/sirius2beta/cetus/install/more_interfaces/share/more_interfaces/cmake/rosidl_cmake-extras.cmake
-- Installing: /home/sirius2beta/cetus/install/more_interfaces/share/more_interfaces/cmake/ament_cmake_export_dependencies-extras.cmake
-- Installing: /home/sirius2beta/cetus/install/more_interfaces/share/more_interfaces/cmake/ament_cmake_export_libraries-extras.cmake
-- Installing: /home/sirius2beta/cetus/install/more_interfaces/share/more_interfaces/cmake/ament_cmake_export_targets-extras.cmake
-- Installing: /home/sirius2beta/cetus/install/more_interfaces/share/more_interfaces/cmake/ament_cmake_export_include_directories-extras.cmake
-- Installing: /home/sirius2beta/cetus/install/more_interfaces/share/more_interfaces/cmake/rosidl_cmake_export_typesupport_libraries-extras.cmake
-- Installing: /home/sirius2beta/cetus/install/more_interfaces/share/more_interfaces/cmake/rosidl_cmake_export_typesupport_targets-extras.cmake
-- Installing: /home/sirius2beta/cetus/install/more_interfaces/share/more_interfaces/cmake/more_interfacesConfig.cmake
-- Installing: /home/sirius2beta/cetus/install/more_interfaces/share/more_interfaces/cmake/more_interfacesConfig-version.cmake
-- Installing: /home/sirius2beta/cetus/install/more_interfaces/share/more_interfaces/package.xml
