[2.619s] Invoking command in '/home/sirius2beta/cetus/src/video_control': CMAKE_PREFIX_PATH=/home/sirius2beta/cetus/install/more_interfaces:/home/sirius2beta/cetus/install/link_manager LD_LIBRARY_PATH=/home/sirius2beta/cetus/install/more_interfaces/lib:/opt/ros/foxy/opt/yaml_cpp_vendor/lib:/opt/ros/foxy/lib/aarch64-linux-gnu:/opt/ros/foxy/lib:/usr/local/cuda-11.4/lib64:/usr/local/cuda-11.4/lib64 PYTHONPATH=/home/sirius2beta/cetus/build/video_control/prefix_override:/usr/lib/python3/dist-packages/colcon_core/task/python/colcon_distutils_commands:/home/sirius2beta/cetus/install/video_control/lib/python3.8/site-packages:/home/sirius2beta/cetus/install/more_interfaces/lib/python3.8/site-packages:/home/sirius2beta/cetus/install/video_control/lib/python3.8/site-packages:/opt/ros/foxy/lib/python3.8/site-packages /usr/bin/python3 -W ignore:setup.py install is deprecated -W ignore:easy_install command is deprecated setup.py egg_info --egg-base ../../build/video_control build --build-base /home/sirius2beta/cetus/build/video_control/build install --record /home/sirius2beta/cetus/build/video_control/install.log --install-scripts $base/lib/video_control --single-version-externally-managed install_data
[3.527s] running egg_info
[3.530s] writing ../../build/video_control/video_control.egg-info/PKG-INFO
[3.531s] writing dependency_links to ../../build/video_control/video_control.egg-info/dependency_links.txt
[3.532s] writing entry points to ../../build/video_control/video_control.egg-info/entry_points.txt
[3.534s] writing requirements to ../../build/video_control/video_control.egg-info/requires.txt
[3.534s] writing top-level names to ../../build/video_control/video_control.egg-info/top_level.txt
[3.672s] reading manifest file '../../build/video_control/video_control.egg-info/SOURCES.txt'
[3.675s] writing manifest file '../../build/video_control/video_control.egg-info/SOURCES.txt'
[3.676s] running build
[3.676s] running build_py
[3.678s] copying video_control/video_control.py -> /home/sirius2beta/cetus/build/video_control/build/lib/video_control
[3.678s] running install
[3.682s] running install_lib
[3.687s] copying /home/sirius2beta/cetus/build/video_control/build/lib/video_control/video_control.py -> /home/sirius2beta/cetus/install/video_control/lib/python3.8/site-packages/video_control
[3.689s] byte-compiling /home/sirius2beta/cetus/install/video_control/lib/python3.8/site-packages/video_control/video_control.py to video_control.cpython-38.pyc
[3.695s] running install_data
[3.696s] running install_egg_info
[3.703s] removing '/home/sirius2beta/cetus/install/video_control/lib/python3.8/site-packages/video_control-0.0.0-py3.8.egg-info' (and everything under it)
[3.705s] Copying ../../build/video_control/video_control.egg-info to /home/sirius2beta/cetus/install/video_control/lib/python3.8/site-packages/video_control-0.0.0-py3.8.egg-info
[3.709s] running install_scripts
[3.773s] Installing video_control script to /home/sirius2beta/cetus/install/video_control/lib/video_control
[3.775s] writing list of installed files to '/home/sirius2beta/cetus/build/video_control/install.log'
[3.861s] Invoked command in '/home/sirius2beta/cetus/src/video_control' returned '0': CMAKE_PREFIX_PATH=/home/sirius2beta/cetus/install/more_interfaces:/home/sirius2beta/cetus/install/link_manager LD_LIBRARY_PATH=/home/sirius2beta/cetus/install/more_interfaces/lib:/opt/ros/foxy/opt/yaml_cpp_vendor/lib:/opt/ros/foxy/lib/aarch64-linux-gnu:/opt/ros/foxy/lib:/usr/local/cuda-11.4/lib64:/usr/local/cuda-11.4/lib64 PYTHONPATH=/home/sirius2beta/cetus/build/video_control/prefix_override:/usr/lib/python3/dist-packages/colcon_core/task/python/colcon_distutils_commands:/home/sirius2beta/cetus/install/video_control/lib/python3.8/site-packages:/home/sirius2beta/cetus/install/more_interfaces/lib/python3.8/site-packages:/home/sirius2beta/cetus/install/video_control/lib/python3.8/site-packages:/opt/ros/foxy/lib/python3.8/site-packages /usr/bin/python3 -W ignore:setup.py install is deprecated -W ignore:easy_install command is deprecated setup.py egg_info --egg-base ../../build/video_control build --build-base /home/sirius2beta/cetus/build/video_control/build install --record /home/sirius2beta/cetus/build/video_control/install.log --install-scripts $base/lib/video_control --single-version-externally-managed install_data
