[0.061s] Invoking command in '/home/sirius2beta/cetus/build/more_interfaces': CMAKE_PREFIX_PATH=${CMAKE_PREFIX_PATH}:/home/sirius2beta/cetus/install/video_control:/opt/ros/foxy /home/sirius2beta/.local/bin/cmake --build /home/sirius2beta/cetus/build/more_interfaces -- -j4 -l4
[0.371s] -- Found ament_cmake: 0.9.12 (/opt/ros/foxy/share/ament_cmake/cmake)
[0.469s] -- Found PythonInterp: /usr/bin/python3 (found suitable version "3.8.10", minimum required is "3")
[0.470s] -- Using PYTHON_EXECUTABLE: /usr/bin/python3
[1.214s] -- Found rosidl_default_generators: 1.0.1 (/opt/ros/foxy/share/rosidl_default_generators/cmake)
[1.223s] -- Using all available rosidl_typesupport_c: rosidl_typesupport_fastrtps_c;rosidl_typesupport_introspection_c
[1.239s] -- Found rosidl_adapter: 1.3.1 (/opt/ros/foxy/share/rosidl_adapter/cmake)
[1.714s] -- Using all available rosidl_typesupport_cpp: rosidl_typesupport_fastrtps_cpp;rosidl_typesupport_introspection_cpp
[1.896s] -- Found PythonInterp: /usr/bin/python3 (found version "3.8.10")
[2.396s] -- Found ament_cmake_ros: 0.9.2 (/opt/ros/foxy/share/ament_cmake_ros/cmake)
[2.729s] -- Using all available rosidl_typesupport_c: rosidl_typesupport_fastrtps_c;rosidl_typesupport_introspection_c
[2.758s] -- Using all available rosidl_typesupport_cpp: rosidl_typesupport_fastrtps_cpp;rosidl_typesupport_introspection_cpp
[2.853s] -- Found PythonInterp: /usr/bin/python3 (found suitable version "3.8.10", minimum required is "3.5")
[2.855s] -- Found python_cmake_module: 0.8.1 (/opt/ros/foxy/share/python_cmake_module/cmake)
[2.953s] -- Using PYTHON_EXECUTABLE: /usr/bin/python3
[2.953s] -- Using PYTHON_INCLUDE_DIRS: /usr/include/python3.8
[2.954s] -- Using PYTHON_LIBRARIES: /usr/lib/aarch64-linux-gnu/libpython3.8.so
[3.027s] -- Configuring done (2.7s)
[3.218s] -- Generating done (0.2s)
[3.255s] -- Build files have been written to: /home/sirius2beta/cetus/build/more_interfaces
[3.314s] [  2%] [34m[1mGenerating C code for ROS interfaces[0m
[3.338s] [  5%] [34m[1mGenerating C++ code for ROS interfaces[0m
[4.442s] [  5%] Built target more_interfaces__cpp
[4.474s] [  7%] [34m[1mGenerating C++ type support for eProsima Fast-RTPS[0m
[4.476s] [ 10%] [34m[1mGenerating C++ type support dispatch for ROS interfaces[0m
[4.487s] [ 12%] [34m[1mGenerating C++ introspection for ROS interfaces[0m
[4.517s] [ 15%] [32mBuilding C object CMakeFiles/more_interfaces__rosidl_generator_c.dir/rosidl_generator_c/more_interfaces/msg/detail/marinelink_packet__functions.c.o[0m
[4.958s] [ 17%] [32mBuilding C object CMakeFiles/more_interfaces__rosidl_generator_c.dir/rosidl_generator_c/more_interfaces/msg/detail/mavlink_packet__functions.c.o[0m
[5.256s] [ 20%] [32m[1mLinking C shared library libmore_interfaces__rosidl_generator_c.so[0m
[5.384s] [ 20%] Built target more_interfaces__rosidl_generator_c
[5.410s] [ 23%] [34m[1mGenerating C introspection for ROS interfaces[0m
[5.751s] [ 25%] [32mBuilding CXX object CMakeFiles/more_interfaces__rosidl_typesupport_introspection_cpp.dir/rosidl_typesupport_introspection_cpp/more_interfaces/msg/detail/marinelink_packet__type_support.cpp.o[0m
[5.807s] [ 28%] [32mBuilding CXX object CMakeFiles/more_interfaces__rosidl_typesupport_fastrtps_cpp.dir/rosidl_typesupport_fastrtps_cpp/more_interfaces/msg/detail/dds_fastrtps/marinelink_packet__type_support.cpp.o[0m
[5.849s] [ 30%] [32mBuilding CXX object CMakeFiles/more_interfaces__rosidl_typesupport_cpp.dir/rosidl_typesupport_cpp/more_interfaces/msg/marinelink_packet__type_support.cpp.o[0m
[6.996s] [ 33%] [32mBuilding C object CMakeFiles/more_interfaces__rosidl_typesupport_introspection_c.dir/rosidl_typesupport_introspection_c/more_interfaces/msg/detail/marinelink_packet__type_support.c.o[0m
[7.225s] [ 35%] [32mBuilding C object CMakeFiles/more_interfaces__rosidl_typesupport_introspection_c.dir/rosidl_typesupport_introspection_c/more_interfaces/msg/detail/mavlink_packet__type_support.c.o[0m
[7.624s] [ 38%] [32m[1mLinking C shared library libmore_interfaces__rosidl_typesupport_introspection_c.so[0m
[7.707s] [ 41%] [32mBuilding CXX object CMakeFiles/more_interfaces__rosidl_typesupport_cpp.dir/rosidl_typesupport_cpp/more_interfaces/msg/mavlink_packet__type_support.cpp.o[0m
[7.752s] [ 41%] Built target more_interfaces__rosidl_typesupport_introspection_c
[7.811s] [ 43%] [34m[1mGenerating C type support dispatch for ROS interfaces[0m
[7.980s] [ 46%] [32mBuilding CXX object CMakeFiles/more_interfaces__rosidl_typesupport_introspection_cpp.dir/rosidl_typesupport_introspection_cpp/more_interfaces/msg/detail/mavlink_packet__type_support.cpp.o[0m
[8.695s] [ 48%] [32mBuilding CXX object CMakeFiles/more_interfaces__rosidl_typesupport_fastrtps_cpp.dir/rosidl_typesupport_fastrtps_cpp/more_interfaces/msg/detail/dds_fastrtps/mavlink_packet__type_support.cpp.o[0m
[9.265s] [ 51%] [32mBuilding CXX object CMakeFiles/more_interfaces__rosidl_typesupport_c.dir/rosidl_typesupport_c/more_interfaces/msg/marinelink_packet__type_support.cpp.o[0m
[9.486s] [ 53%] [32m[1mLinking CXX shared library libmore_interfaces__rosidl_typesupport_cpp.so[0m
[9.496s] [ 56%] [32mBuilding CXX object CMakeFiles/more_interfaces__rosidl_typesupport_c.dir/rosidl_typesupport_c/more_interfaces/msg/mavlink_packet__type_support.cpp.o[0m
[9.730s] [ 58%] [32m[1mLinking CXX shared library libmore_interfaces__rosidl_typesupport_c.so[0m
[9.757s] [ 58%] Built target more_interfaces__rosidl_typesupport_cpp
[9.970s] [ 58%] Built target more_interfaces__rosidl_typesupport_c
[10.037s] [ 61%] [32m[1mLinking CXX shared library libmore_interfaces__rosidl_typesupport_introspection_cpp.so[0m
[10.261s] [ 61%] Built target more_interfaces__rosidl_typesupport_introspection_cpp
[10.892s] [ 64%] [32m[1mLinking CXX shared library libmore_interfaces__rosidl_typesupport_fastrtps_cpp.so[0m
[11.166s] [ 64%] Built target more_interfaces__rosidl_typesupport_fastrtps_cpp
[11.186s] [ 66%] [34m[1mGenerating C type support for eProsima Fast-RTPS[0m
[12.100s] [ 69%] [32mBuilding CXX object CMakeFiles/more_interfaces__rosidl_typesupport_fastrtps_c.dir/rosidl_typesupport_fastrtps_c/more_interfaces/msg/detail/marinelink_packet__type_support_c.cpp.o[0m
[12.103s] [ 71%] [32mBuilding CXX object CMakeFiles/more_interfaces__rosidl_typesupport_fastrtps_c.dir/rosidl_typesupport_fastrtps_c/more_interfaces/msg/detail/mavlink_packet__type_support_c.cpp.o[0m
[13.727s] [ 74%] [32m[1mLinking CXX shared library libmore_interfaces__rosidl_typesupport_fastrtps_c.so[0m
[13.982s] [ 74%] Built target more_interfaces__rosidl_typesupport_fastrtps_c
[14.019s] [ 74%] Built target more_interfaces
[14.059s] [ 76%] [34m[1mGenerating Python code for ROS interfaces[0m
[15.612s] [ 76%] Built target more_interfaces__py
[15.677s] [ 79%] [32mBuilding C object CMakeFiles/more_interfaces__python.dir/rosidl_generator_py/more_interfaces/msg/_marinelink_packet_s.c.o[0m
[15.681s] [ 82%] [32mBuilding C object CMakeFiles/more_interfaces__python.dir/rosidl_generator_py/more_interfaces/msg/_mavlink_packet_s.c.o[0m
[16.140s] [ 84%] [32m[1mLinking C shared library rosidl_generator_py/more_interfaces/libmore_interfaces__python.so[0m
[16.260s] [ 84%] Built target more_interfaces__python
[16.334s] [ 87%] [32mBuilding C object CMakeFiles/more_interfaces__rosidl_typesupport_fastrtps_c__pyext.dir/rosidl_generator_py/more_interfaces/_more_interfaces_s.ep.rosidl_typesupport_fastrtps_c.c.o[0m
[16.340s] [ 89%] [32mBuilding C object CMakeFiles/more_interfaces__rosidl_typesupport_introspection_c__pyext.dir/rosidl_generator_py/more_interfaces/_more_interfaces_s.ep.rosidl_typesupport_introspection_c.c.o[0m
[16.395s] [ 92%] [32mBuilding C object CMakeFiles/more_interfaces__rosidl_typesupport_c__pyext.dir/rosidl_generator_py/more_interfaces/_more_interfaces_s.ep.rosidl_typesupport_c.c.o[0m
[16.742s] [ 94%] [32m[1mLinking C shared library rosidl_generator_py/more_interfaces/more_interfaces_s__rosidl_typesupport_introspection_c.cpython-38-aarch64-linux-gnu.so[0m
[16.844s] [ 97%] [32m[1mLinking CXX shared library rosidl_generator_py/more_interfaces/more_interfaces_s__rosidl_typesupport_fastrtps_c.cpython-38-aarch64-linux-gnu.so[0m
[16.860s] [ 97%] Built target more_interfaces__rosidl_typesupport_introspection_c__pyext
[16.879s] [100%] [32m[1mLinking C shared library rosidl_generator_py/more_interfaces/more_interfaces_s__rosidl_typesupport_c.cpython-38-aarch64-linux-gnu.so[0m
[16.980s] [100%] Built target more_interfaces__rosidl_typesupport_c__pyext
[17.069s] [100%] Built target more_interfaces__rosidl_typesupport_fastrtps_c__pyext
[17.130s] Invoked command in '/home/sirius2beta/cetus/build/more_interfaces' returned '0': CMAKE_PREFIX_PATH=${CMAKE_PREFIX_PATH}:/home/sirius2beta/cetus/install/video_control:/opt/ros/foxy /home/sirius2beta/.local/bin/cmake --build /home/sirius2beta/cetus/build/more_interfaces -- -j4 -l4
[17.429s] Invoking command in '/home/sirius2beta/cetus/build/more_interfaces': CMAKE_PREFIX_PATH=${CMAKE_PREFIX_PATH}:/home/sirius2beta/cetus/install/video_control:/opt/ros/foxy /home/sirius2beta/.local/bin/cmake --install /home/sirius2beta/cetus/build/more_interfaces
[17.677s] -- Install configuration: ""
[17.678s] -- Up-to-date: /home/sirius2beta/cetus/install/more_interfaces/share/ament_index/resource_index/rosidl_interfaces/more_interfaces
[17.679s] -- Up-to-date: /home/sirius2beta/cetus/install/more_interfaces/include/more_interfaces
[17.679s] -- Up-to-date: /home/sirius2beta/cetus/install/more_interfaces/include/more_interfaces/msg
[17.680s] -- Up-to-date: /home/sirius2beta/cetus/install/more_interfaces/include/more_interfaces/msg/rosidl_generator_c__visibility_control.h
[17.680s] -- Up-to-date: /home/sirius2beta/cetus/install/more_interfaces/include/more_interfaces/msg/detail
[17.681s] -- Installing: /home/sirius2beta/cetus/install/more_interfaces/include/more_interfaces/msg/detail/marinelink_packet__struct.h
[17.681s] -- Installing: /home/sirius2beta/cetus/install/more_interfaces/include/more_interfaces/msg/detail/mavlink_packet__type_support.h
[17.682s] -- Installing: /home/sirius2beta/cetus/install/more_interfaces/include/more_interfaces/msg/detail/marinelink_packet__type_support.h
[17.682s] -- Installing: /home/sirius2beta/cetus/install/more_interfaces/include/more_interfaces/msg/detail/marinelink_packet__functions.h
[17.683s] -- Installing: /home/sirius2beta/cetus/install/more_interfaces/include/more_interfaces/msg/detail/marinelink_packet__functions.c
[17.683s] -- Installing: /home/sirius2beta/cetus/install/more_interfaces/include/more_interfaces/msg/detail/mavlink_packet__struct.h
[17.683s] -- Installing: /home/sirius2beta/cetus/install/more_interfaces/include/more_interfaces/msg/detail/mavlink_packet__functions.h
[17.684s] -- Installing: /home/sirius2beta/cetus/install/more_interfaces/include/more_interfaces/msg/detail/mavlink_packet__functions.c
[17.684s] -- Installing: /home/sirius2beta/cetus/install/more_interfaces/include/more_interfaces/msg/mavlink_packet.h
[17.685s] -- Installing: /home/sirius2beta/cetus/install/more_interfaces/include/more_interfaces/msg/marinelink_packet.h
[17.687s] -- Up-to-date: /home/sirius2beta/cetus/install/more_interfaces/share/more_interfaces/environment/library_path.sh
[17.687s] -- Installing: /home/sirius2beta/cetus/install/more_interfaces/share/more_interfaces/environment/library_path.dsv
[17.689s] -- Installing: /home/sirius2beta/cetus/install/more_interfaces/lib/libmore_interfaces__rosidl_generator_c.so
[17.692s] -- Set non-toolchain portion of runtime path of "/home/sirius2beta/cetus/install/more_interfaces/lib/libmore_interfaces__rosidl_generator_c.so" to ""
[17.693s] -- Up-to-date: /home/sirius2beta/cetus/install/more_interfaces/include/more_interfaces
[17.694s] -- Up-to-date: /home/sirius2beta/cetus/install/more_interfaces/include/more_interfaces/msg
[17.694s] -- Up-to-date: /home/sirius2beta/cetus/install/more_interfaces/include/more_interfaces/msg/detail
[17.698s] -- Installing: /home/sirius2beta/cetus/install/more_interfaces/include/more_interfaces/msg/detail/marinelink_packet__rosidl_typesupport_fastrtps_c.h
[17.699s] -- Installing: /home/sirius2beta/cetus/install/more_interfaces/include/more_interfaces/msg/detail/mavlink_packet__rosidl_typesupport_fastrtps_c.h
[17.699s] -- Up-to-date: /home/sirius2beta/cetus/install/more_interfaces/include/more_interfaces/msg/rosidl_typesupport_fastrtps_c__visibility_control.h
[17.701s] -- Installing: /home/sirius2beta/cetus/install/more_interfaces/lib/libmore_interfaces__rosidl_typesupport_fastrtps_c.so
[17.702s] -- Set non-toolchain portion of runtime path of "/home/sirius2beta/cetus/install/more_interfaces/lib/libmore_interfaces__rosidl_typesupport_fastrtps_c.so" to ""
[17.702s] -- Up-to-date: /home/sirius2beta/cetus/install/more_interfaces/include/more_interfaces
[17.702s] -- Up-to-date: /home/sirius2beta/cetus/install/more_interfaces/include/more_interfaces/msg
[17.703s] -- Up-to-date: /home/sirius2beta/cetus/install/more_interfaces/include/more_interfaces/msg/rosidl_typesupport_fastrtps_cpp__visibility_control.h
[17.703s] -- Up-to-date: /home/sirius2beta/cetus/install/more_interfaces/include/more_interfaces/msg/detail
[17.703s] -- Installing: /home/sirius2beta/cetus/install/more_interfaces/include/more_interfaces/msg/detail/marinelink_packet__rosidl_typesupport_fastrtps_cpp.hpp
[17.704s] -- Installing: /home/sirius2beta/cetus/install/more_interfaces/include/more_interfaces/msg/detail/mavlink_packet__rosidl_typesupport_fastrtps_cpp.hpp
[17.704s] -- Up-to-date: /home/sirius2beta/cetus/install/more_interfaces/include/more_interfaces/msg/detail/dds_fastrtps
[17.705s] -- Installing: /home/sirius2beta/cetus/install/more_interfaces/lib/libmore_interfaces__rosidl_typesupport_fastrtps_cpp.so
[17.707s] -- Set non-toolchain portion of runtime path of "/home/sirius2beta/cetus/install/more_interfaces/lib/libmore_interfaces__rosidl_typesupport_fastrtps_cpp.so" to ""
[17.708s] -- Up-to-date: /home/sirius2beta/cetus/install/more_interfaces/include/more_interfaces
[17.709s] -- Up-to-date: /home/sirius2beta/cetus/install/more_interfaces/include/more_interfaces/msg
[17.709s] -- Up-to-date: /home/sirius2beta/cetus/install/more_interfaces/include/more_interfaces/msg/detail
[17.710s] -- Installing: /home/sirius2beta/cetus/install/more_interfaces/include/more_interfaces/msg/detail/marinelink_packet__rosidl_typesupport_introspection_c.h
[17.710s] -- Installing: /home/sirius2beta/cetus/install/more_interfaces/include/more_interfaces/msg/detail/mavlink_packet__type_support.c
[17.711s] -- Installing: /home/sirius2beta/cetus/install/more_interfaces/include/more_interfaces/msg/detail/marinelink_packet__type_support.c
[17.711s] -- Installing: /home/sirius2beta/cetus/install/more_interfaces/include/more_interfaces/msg/detail/mavlink_packet__rosidl_typesupport_introspection_c.h
[17.711s] -- Up-to-date: /home/sirius2beta/cetus/install/more_interfaces/include/more_interfaces/msg/rosidl_typesupport_introspection_c__visibility_control.h
[17.712s] -- Installing: /home/sirius2beta/cetus/install/more_interfaces/lib/libmore_interfaces__rosidl_typesupport_introspection_c.so
[17.714s] -- Set non-toolchain portion of runtime path of "/home/sirius2beta/cetus/install/more_interfaces/lib/libmore_interfaces__rosidl_typesupport_introspection_c.so" to ""
[17.716s] -- Installing: /home/sirius2beta/cetus/install/more_interfaces/lib/libmore_interfaces__rosidl_typesupport_c.so
[17.719s] -- Set non-toolchain portion of runtime path of "/home/sirius2beta/cetus/install/more_interfaces/lib/libmore_interfaces__rosidl_typesupport_c.so" to ""
[17.720s] -- Up-to-date: /home/sirius2beta/cetus/install/more_interfaces/include/more_interfaces
[17.720s] -- Up-to-date: /home/sirius2beta/cetus/install/more_interfaces/include/more_interfaces/msg
[17.721s] -- Up-to-date: /home/sirius2beta/cetus/install/more_interfaces/include/more_interfaces/msg/rosidl_generator_cpp__visibility_control.hpp
[17.722s] -- Installing: /home/sirius2beta/cetus/install/more_interfaces/include/more_interfaces/msg/marinelink_packet.hpp
[17.722s] -- Installing: /home/sirius2beta/cetus/install/more_interfaces/include/more_interfaces/msg/mavlink_packet.hpp
[17.723s] -- Up-to-date: /home/sirius2beta/cetus/install/more_interfaces/include/more_interfaces/msg/detail
[17.723s] -- Installing: /home/sirius2beta/cetus/install/more_interfaces/include/more_interfaces/msg/detail/mavlink_packet__struct.hpp
[17.724s] -- Installing: /home/sirius2beta/cetus/install/more_interfaces/include/more_interfaces/msg/detail/marinelink_packet__builder.hpp
[17.724s] -- Installing: /home/sirius2beta/cetus/install/more_interfaces/include/more_interfaces/msg/detail/marinelink_packet__struct.hpp
[17.725s] -- Installing: /home/sirius2beta/cetus/install/more_interfaces/include/more_interfaces/msg/detail/marinelink_packet__traits.hpp
[17.725s] -- Installing: /home/sirius2beta/cetus/install/more_interfaces/include/more_interfaces/msg/detail/mavlink_packet__traits.hpp
[17.726s] -- Installing: /home/sirius2beta/cetus/install/more_interfaces/include/more_interfaces/msg/detail/mavlink_packet__type_support.hpp
[17.726s] -- Installing: /home/sirius2beta/cetus/install/more_interfaces/include/more_interfaces/msg/detail/marinelink_packet__type_support.hpp
[17.727s] -- Installing: /home/sirius2beta/cetus/install/more_interfaces/include/more_interfaces/msg/detail/mavlink_packet__builder.hpp
[17.728s] -- Up-to-date: /home/sirius2beta/cetus/install/more_interfaces/include/more_interfaces
[17.728s] -- Up-to-date: /home/sirius2beta/cetus/install/more_interfaces/include/more_interfaces/msg
[17.728s] -- Up-to-date: /home/sirius2beta/cetus/install/more_interfaces/include/more_interfaces/msg/detail
[17.729s] -- Installing: /home/sirius2beta/cetus/install/more_interfaces/include/more_interfaces/msg/detail/marinelink_packet__rosidl_typesupport_introspection_cpp.hpp
[17.729s] -- Installing: /home/sirius2beta/cetus/install/more_interfaces/include/more_interfaces/msg/detail/marinelink_packet__type_support.cpp
[17.731s] -- Installing: /home/sirius2beta/cetus/install/more_interfaces/include/more_interfaces/msg/detail/mavlink_packet__rosidl_typesupport_introspection_cpp.hpp
[17.732s] -- Installing: /home/sirius2beta/cetus/install/more_interfaces/include/more_interfaces/msg/detail/mavlink_packet__type_support.cpp
[17.734s] -- Installing: /home/sirius2beta/cetus/install/more_interfaces/lib/libmore_interfaces__rosidl_typesupport_introspection_cpp.so
[17.737s] -- Set non-toolchain portion of runtime path of "/home/sirius2beta/cetus/install/more_interfaces/lib/libmore_interfaces__rosidl_typesupport_introspection_cpp.so" to ""
[17.738s] -- Installing: /home/sirius2beta/cetus/install/more_interfaces/lib/libmore_interfaces__rosidl_typesupport_cpp.so
[17.740s] -- Set non-toolchain portion of runtime path of "/home/sirius2beta/cetus/install/more_interfaces/lib/libmore_interfaces__rosidl_typesupport_cpp.so" to ""
[17.741s] -- Up-to-date: /home/sirius2beta/cetus/install/more_interfaces/share/more_interfaces/environment/pythonpath.sh
[17.741s] -- Installing: /home/sirius2beta/cetus/install/more_interfaces/share/more_interfaces/environment/pythonpath.dsv
[17.742s] -- Installing: /home/sirius2beta/cetus/install/more_interfaces/lib/python3.8/site-packages/more_interfaces/__init__.py
[17.874s] Compiling '/home/sirius2beta/cetus/install/more_interfaces/lib/python3.8/site-packages/more_interfaces/__init__.py'...
[17.889s] -- Up-to-date: /home/sirius2beta/cetus/install/more_interfaces/lib/python3.8/site-packages/more_interfaces/msg
[17.889s] -- Installing: /home/sirius2beta/cetus/install/more_interfaces/lib/python3.8/site-packages/more_interfaces/msg/_marinelink_packet_s.c
[17.891s] -- Installing: /home/sirius2beta/cetus/install/more_interfaces/lib/python3.8/site-packages/more_interfaces/msg/_mavlink_packet_s.c
[17.893s] -- Installing: /home/sirius2beta/cetus/install/more_interfaces/lib/python3.8/site-packages/more_interfaces/msg/_marinelink_packet.py
[17.894s] -- Installing: /home/sirius2beta/cetus/install/more_interfaces/lib/python3.8/site-packages/more_interfaces/msg/_mavlink_packet.py
[17.894s] -- Installing: /home/sirius2beta/cetus/install/more_interfaces/lib/python3.8/site-packages/more_interfaces/msg/__init__.py
[17.896s] -- Installing: /home/sirius2beta/cetus/install/more_interfaces/lib/python3.8/site-packages/more_interfaces/more_interfaces_s__rosidl_typesupport_fastrtps_c.cpython-38-aarch64-linux-gnu.so
[17.898s] -- Set non-toolchain portion of runtime path of "/home/sirius2beta/cetus/install/more_interfaces/lib/python3.8/site-packages/more_interfaces/more_interfaces_s__rosidl_typesupport_fastrtps_c.cpython-38-aarch64-linux-gnu.so" to ""
[17.900s] -- Installing: /home/sirius2beta/cetus/install/more_interfaces/lib/python3.8/site-packages/more_interfaces/more_interfaces_s__rosidl_typesupport_introspection_c.cpython-38-aarch64-linux-gnu.so
[17.902s] -- Set non-toolchain portion of runtime path of "/home/sirius2beta/cetus/install/more_interfaces/lib/python3.8/site-packages/more_interfaces/more_interfaces_s__rosidl_typesupport_introspection_c.cpython-38-aarch64-linux-gnu.so" to ""
[17.903s] -- Installing: /home/sirius2beta/cetus/install/more_interfaces/lib/python3.8/site-packages/more_interfaces/more_interfaces_s__rosidl_typesupport_c.cpython-38-aarch64-linux-gnu.so
[17.906s] -- Set non-toolchain portion of runtime path of "/home/sirius2beta/cetus/install/more_interfaces/lib/python3.8/site-packages/more_interfaces/more_interfaces_s__rosidl_typesupport_c.cpython-38-aarch64-linux-gnu.so" to ""
[17.907s] -- Installing: /home/sirius2beta/cetus/install/more_interfaces/lib/libmore_interfaces__python.so
[17.910s] -- Set non-toolchain portion of runtime path of "/home/sirius2beta/cetus/install/more_interfaces/lib/libmore_interfaces__python.so" to ""
[17.910s] -- Installing: /home/sirius2beta/cetus/install/more_interfaces/share/more_interfaces/msg/MarinelinkPacket.idl
[17.911s] -- Up-to-date: /home/sirius2beta/cetus/install/more_interfaces/share/more_interfaces/msg/MavlinkPacket.idl
[17.912s] -- Installing: /home/sirius2beta/cetus/install/more_interfaces/share/more_interfaces/msg/MarinelinkPacket.msg
[17.912s] -- Up-to-date: /home/sirius2beta/cetus/install/more_interfaces/share/more_interfaces/msg/MavlinkPacket.msg
[17.913s] -- Up-to-date: /home/sirius2beta/cetus/install/more_interfaces/share/ament_index/resource_index/package_run_dependencies/more_interfaces
[17.914s] -- Installing: /home/sirius2beta/cetus/install/more_interfaces/share/ament_index/resource_index/parent_prefix_path/more_interfaces
[17.914s] -- Up-to-date: /home/sirius2beta/cetus/install/more_interfaces/share/more_interfaces/environment/ament_prefix_path.sh
[17.915s] -- Installing: /home/sirius2beta/cetus/install/more_interfaces/share/more_interfaces/environment/ament_prefix_path.dsv
[17.915s] -- Up-to-date: /home/sirius2beta/cetus/install/more_interfaces/share/more_interfaces/environment/path.sh
[17.916s] -- Installing: /home/sirius2beta/cetus/install/more_interfaces/share/more_interfaces/environment/path.dsv
[17.916s] -- Up-to-date: /home/sirius2beta/cetus/install/more_interfaces/share/more_interfaces/local_setup.bash
[17.916s] -- Up-to-date: /home/sirius2beta/cetus/install/more_interfaces/share/more_interfaces/local_setup.sh
[17.917s] -- Up-to-date: /home/sirius2beta/cetus/install/more_interfaces/share/more_interfaces/local_setup.zsh
[17.921s] -- Installing: /home/sirius2beta/cetus/install/more_interfaces/share/more_interfaces/local_setup.dsv
[17.922s] -- Installing: /home/sirius2beta/cetus/install/more_interfaces/share/more_interfaces/package.dsv
[17.923s] -- Up-to-date: /home/sirius2beta/cetus/install/more_interfaces/share/ament_index/resource_index/packages/more_interfaces
[17.925s] -- Up-to-date: /home/sirius2beta/cetus/install/more_interfaces/share/more_interfaces/cmake/more_interfaces__rosidl_generator_cExport.cmake
[17.925s] -- Up-to-date: /home/sirius2beta/cetus/install/more_interfaces/share/more_interfaces/cmake/more_interfaces__rosidl_generator_cExport-noconfig.cmake
[17.926s] -- Up-to-date: /home/sirius2beta/cetus/install/more_interfaces/share/more_interfaces/cmake/more_interfaces__rosidl_typesupport_introspection_cExport.cmake
[17.927s] -- Up-to-date: /home/sirius2beta/cetus/install/more_interfaces/share/more_interfaces/cmake/more_interfaces__rosidl_typesupport_introspection_cExport-noconfig.cmake
[17.927s] -- Up-to-date: /home/sirius2beta/cetus/install/more_interfaces/share/more_interfaces/cmake/more_interfaces__rosidl_typesupport_cExport.cmake
[17.927s] -- Up-to-date: /home/sirius2beta/cetus/install/more_interfaces/share/more_interfaces/cmake/more_interfaces__rosidl_typesupport_cExport-noconfig.cmake
[17.928s] -- Up-to-date: /home/sirius2beta/cetus/install/more_interfaces/share/more_interfaces/cmake/more_interfaces__rosidl_generator_cppExport.cmake
[17.928s] -- Up-to-date: /home/sirius2beta/cetus/install/more_interfaces/share/more_interfaces/cmake/more_interfaces__rosidl_typesupport_introspection_cppExport.cmake
[17.929s] -- Up-to-date: /home/sirius2beta/cetus/install/more_interfaces/share/more_interfaces/cmake/more_interfaces__rosidl_typesupport_introspection_cppExport-noconfig.cmake
[17.929s] -- Up-to-date: /home/sirius2beta/cetus/install/more_interfaces/share/more_interfaces/cmake/more_interfaces__rosidl_typesupport_cppExport.cmake
[17.929s] -- Up-to-date: /home/sirius2beta/cetus/install/more_interfaces/share/more_interfaces/cmake/more_interfaces__rosidl_typesupport_cppExport-noconfig.cmake
[17.931s] -- Up-to-date: /home/sirius2beta/cetus/install/more_interfaces/share/more_interfaces/cmake/rosidl_cmake-extras.cmake
[17.931s] -- Up-to-date: /home/sirius2beta/cetus/install/more_interfaces/share/more_interfaces/cmake/ament_cmake_export_dependencies-extras.cmake
[17.932s] -- Up-to-date: /home/sirius2beta/cetus/install/more_interfaces/share/more_interfaces/cmake/ament_cmake_export_libraries-extras.cmake
[17.932s] -- Up-to-date: /home/sirius2beta/cetus/install/more_interfaces/share/more_interfaces/cmake/ament_cmake_export_targets-extras.cmake
[17.932s] -- Up-to-date: /home/sirius2beta/cetus/install/more_interfaces/share/more_interfaces/cmake/ament_cmake_export_include_directories-extras.cmake
[17.933s] -- Up-to-date: /home/sirius2beta/cetus/install/more_interfaces/share/more_interfaces/cmake/rosidl_cmake_export_typesupport_libraries-extras.cmake
[17.933s] -- Up-to-date: /home/sirius2beta/cetus/install/more_interfaces/share/more_interfaces/cmake/rosidl_cmake_export_typesupport_targets-extras.cmake
[17.933s] -- Up-to-date: /home/sirius2beta/cetus/install/more_interfaces/share/more_interfaces/cmake/more_interfacesConfig.cmake
[17.934s] -- Up-to-date: /home/sirius2beta/cetus/install/more_interfaces/share/more_interfaces/cmake/more_interfacesConfig-version.cmake
[17.934s] -- Up-to-date: /home/sirius2beta/cetus/install/more_interfaces/share/more_interfaces/package.xml
[17.975s] Invoked command in '/home/sirius2beta/cetus/build/more_interfaces' returned '0': CMAKE_PREFIX_PATH=${CMAKE_PREFIX_PATH}:/home/sirius2beta/cetus/install/video_control:/opt/ros/foxy /home/sirius2beta/.local/bin/cmake --install /home/sirius2beta/cetus/build/more_interfaces
