[0.064s] Invoking command in '/home/sirius2beta/cetus/build/link_manager': CMAKE_PREFIX_PATH=/home/sirius2beta/cetus/install/more_interfaces:/home/sirius2beta/cetus/install/link_manager:/home/sirius2beta/cetus/install/video_control:/opt/ros/foxy LD_LIBRARY_PATH=/home/sirius2beta/cetus/install/more_interfaces/lib:/opt/ros/foxy/opt/yaml_cpp_vendor/lib:/opt/ros/foxy/lib/aarch64-linux-gnu:/opt/ros/foxy/lib:/usr/local/cuda-11.4/lib64:/usr/local/cuda-11.4/lib64 PYTHONPATH=/home/sirius2beta/cetus/install/more_interfaces/lib/python3.8/site-packages:/home/sirius2beta/cetus/install/video_control/lib/python3.8/site-packages:/opt/ros/foxy/lib/python3.8/site-packages /home/sirius2beta/.local/bin/cmake --build /home/sirius2beta/cetus/build/link_manager -- -j4 -l4
[0.407s] [ 20%] [34m[1mAutomatic MOC and UIC for target link_manager[0m
[0.442s] [ 20%] Built target link_manager_autogen
[0.573s] [ 40%] [32mBuilding CXX object CMakeFiles/link_manager.dir/src/link_manager.cpp.o[0m
[11.547s] [ 60%] [32m[1mLinking CXX executable link_manager[0m
[12.572s] [100%] Built target link_manager
[12.626s] Invoked command in '/home/sirius2beta/cetus/build/link_manager' returned '0': CMAKE_PREFIX_PATH=/home/sirius2beta/cetus/install/more_interfaces:/home/sirius2beta/cetus/install/link_manager:/home/sirius2beta/cetus/install/video_control:/opt/ros/foxy LD_LIBRARY_PATH=/home/sirius2beta/cetus/install/more_interfaces/lib:/opt/ros/foxy/opt/yaml_cpp_vendor/lib:/opt/ros/foxy/lib/aarch64-linux-gnu:/opt/ros/foxy/lib:/usr/local/cuda-11.4/lib64:/usr/local/cuda-11.4/lib64 PYTHONPATH=/home/sirius2beta/cetus/install/more_interfaces/lib/python3.8/site-packages:/home/sirius2beta/cetus/install/video_control/lib/python3.8/site-packages:/opt/ros/foxy/lib/python3.8/site-packages /home/sirius2beta/.local/bin/cmake --build /home/sirius2beta/cetus/build/link_manager -- -j4 -l4
[12.913s] Invoking command in '/home/sirius2beta/cetus/build/link_manager': CMAKE_PREFIX_PATH=/home/sirius2beta/cetus/install/more_interfaces:/home/sirius2beta/cetus/install/link_manager:/home/sirius2beta/cetus/install/video_control:/opt/ros/foxy LD_LIBRARY_PATH=/home/sirius2beta/cetus/install/more_interfaces/lib:/opt/ros/foxy/opt/yaml_cpp_vendor/lib:/opt/ros/foxy/lib/aarch64-linux-gnu:/opt/ros/foxy/lib:/usr/local/cuda-11.4/lib64:/usr/local/cuda-11.4/lib64 PYTHONPATH=/home/sirius2beta/cetus/install/more_interfaces/lib/python3.8/site-packages:/home/sirius2beta/cetus/install/video_control/lib/python3.8/site-packages:/opt/ros/foxy/lib/python3.8/site-packages /home/sirius2beta/.local/bin/cmake --install /home/sirius2beta/cetus/build/link_manager
[13.150s] -- Install configuration: ""
[13.152s] -- Installing: /home/sirius2beta/cetus/install/link_manager/lib/link_manager/link_manager
[13.169s] -- Set non-toolchain portion of runtime path of "/home/sirius2beta/cetus/install/link_manager/lib/link_manager/link_manager" to ""
[13.169s] -- Up-to-date: /home/sirius2beta/cetus/install/link_manager/share/ament_index/resource_index/package_run_dependencies/link_manager
[13.170s] -- Up-to-date: /home/sirius2beta/cetus/install/link_manager/share/ament_index/resource_index/parent_prefix_path/link_manager
[13.171s] -- Up-to-date: /home/sirius2beta/cetus/install/link_manager/share/link_manager/environment/ament_prefix_path.sh
[13.171s] -- Up-to-date: /home/sirius2beta/cetus/install/link_manager/share/link_manager/environment/ament_prefix_path.dsv
[13.172s] -- Up-to-date: /home/sirius2beta/cetus/install/link_manager/share/link_manager/environment/path.sh
[13.173s] -- Up-to-date: /home/sirius2beta/cetus/install/link_manager/share/link_manager/environment/path.dsv
[13.174s] -- Up-to-date: /home/sirius2beta/cetus/install/link_manager/share/link_manager/local_setup.bash
[13.175s] -- Up-to-date: /home/sirius2beta/cetus/install/link_manager/share/link_manager/local_setup.sh
[13.175s] -- Up-to-date: /home/sirius2beta/cetus/install/link_manager/share/link_manager/local_setup.zsh
[13.175s] -- Up-to-date: /home/sirius2beta/cetus/install/link_manager/share/link_manager/local_setup.dsv
[13.176s] -- Installing: /home/sirius2beta/cetus/install/link_manager/share/link_manager/package.dsv
[13.177s] -- Up-to-date: /home/sirius2beta/cetus/install/link_manager/share/ament_index/resource_index/packages/link_manager
[13.177s] -- Up-to-date: /home/sirius2beta/cetus/install/link_manager/share/link_manager/cmake/link_managerConfig.cmake
[13.178s] -- Up-to-date: /home/sirius2beta/cetus/install/link_manager/share/link_manager/cmake/link_managerConfig-version.cmake
[13.178s] -- Up-to-date: /home/sirius2beta/cetus/install/link_manager/share/link_manager/package.xml
[13.216s] Invoked command in '/home/sirius2beta/cetus/build/link_manager' returned '0': CMAKE_PREFIX_PATH=/home/sirius2beta/cetus/install/more_interfaces:/home/sirius2beta/cetus/install/link_manager:/home/sirius2beta/cetus/install/video_control:/opt/ros/foxy LD_LIBRARY_PATH=/home/sirius2beta/cetus/install/more_interfaces/lib:/opt/ros/foxy/opt/yaml_cpp_vendor/lib:/opt/ros/foxy/lib/aarch64-linux-gnu:/opt/ros/foxy/lib:/usr/local/cuda-11.4/lib64:/usr/local/cuda-11.4/lib64 PYTHONPATH=/home/sirius2beta/cetus/install/more_interfaces/lib/python3.8/site-packages:/home/sirius2beta/cetus/install/video_control/lib/python3.8/site-packages:/opt/ros/foxy/lib/python3.8/site-packages /home/sirius2beta/.local/bin/cmake --install /home/sirius2beta/cetus/build/link_manager
