[0.132s] Invoking command in '/home/sirius2beta/cetus/build/link_manager': CMAKE_PREFIX_PATH=/home/sirius2beta/cetus/install/more_interfaces:/home/sirius2beta/cetus/install/link_manager:/home/sirius2beta/cetus/install/video_control:/opt/ros/foxy LD_LIBRARY_PATH=/home/sirius2beta/cetus/install/more_interfaces/lib:/opt/ros/foxy/opt/yaml_cpp_vendor/lib:/opt/ros/foxy/lib/aarch64-linux-gnu:/opt/ros/foxy/lib:/usr/local/cuda-11.4/lib64:/usr/local/cuda-11.4/lib64 PYTHONPATH=/home/sirius2beta/cetus/install/more_interfaces/lib/python3.8/site-packages:/home/sirius2beta/cetus/install/video_control/lib/python3.8/site-packages:/opt/ros/foxy/lib/python3.8/site-packages /home/sirius2beta/.local/bin/cmake --build /home/sirius2beta/cetus/build/link_manager -- -j4 -l4
[0.474s] -- Found ament_cmake: 0.9.12 (/opt/ros/foxy/share/ament_cmake/cmake)
[0.480s] [33mCMake Warning (dev) at /opt/ros/foxy/share/ament_cmake_core/cmake/core/python.cmake:22 (find_package):
[0.481s]   Policy CMP0148 is not set: The FindPythonInterp and FindPythonLibs modules
[0.481s]   are removed.  Run "cmake --help-policy CMP0148" for policy details.  Use
[0.481s]   the cmake_policy command to set the policy and suppress this warning.
[0.482s] 
[0.482s] Call Stack (most recent call first):
[0.483s]   /opt/ros/foxy/share/ament_cmake_core/cmake/core/all.cmake:53 (include)
[0.483s]   /opt/ros/foxy/share/ament_cmake_core/cmake/ament_cmake_core-extras.cmake:17 (include)
[0.484s]   /opt/ros/foxy/share/ament_cmake_core/cmake/ament_cmake_coreConfig.cmake:41 (include)
[0.485s]   /opt/ros/foxy/share/ament_cmake/cmake/ament_cmake_export_dependencies-extras.cmake:15 (find_package)
[0.485s]   /opt/ros/foxy/share/ament_cmake/cmake/ament_cmakeConfig.cmake:41 (include)
[0.485s]   CMakeLists.txt:27 (find_package)
[0.486s] This warning is for project developers.  Use -Wno-dev to suppress it.
[0.486s] [0m
[0.564s] -- Using PYTHON_EXECUTABLE: /usr/bin/python3
[1.297s] -- Found rclcpp: 2.4.3 (/opt/ros/foxy/share/rclcpp/cmake)
[1.420s] -- Using all available rosidl_typesupport_c: rosidl_typesupport_fastrtps_c;rosidl_typesupport_introspection_c
[1.433s] -- Found rosidl_adapter: 1.3.1 (/opt/ros/foxy/share/rosidl_adapter/cmake)
[1.844s] -- Using all available rosidl_typesupport_cpp: rosidl_typesupport_fastrtps_cpp;rosidl_typesupport_introspection_cpp
[2.022s] -- Found rmw_implementation_cmake: 1.0.4 (/opt/ros/foxy/share/rmw_implementation_cmake/cmake)
[2.027s] -- Using RMW implementation 'rmw_fastrtps_cpp' as default
[2.504s] -- Found more_interfaces: 0.0.0 (/home/sirius2beta/cetus/install/more_interfaces/share/more_interfaces/cmake)
[2.549s] -- Found ament_lint_auto: 0.9.8 (/opt/ros/foxy/share/ament_lint_auto/cmake)
[2.803s] -- Added test 'copyright' to check source files copyright and LICENSE
[2.880s] -- Added test 'cppcheck' to perform static code analysis on C / C++ code
[2.882s] -- Configured cppcheck include dirs: /home/sirius2beta/cetus/src/link_manager/src/mavlink/;/home/sirius2beta/cetus/src/link_manager/src/mavlink/hypex
[2.882s] -- Configured cppcheck exclude dirs and/or files: 
[2.957s] -- Added test 'cpplint' to check C / C++ code against the Google style
[2.958s] -- Configured cpplint exclude dirs and/or files: 
[2.985s] -- Added test 'lint_cmake' to check CMake code style
[3.070s] -- Added test 'uncrustify' to check C / C++ code style
[3.070s] -- Configured uncrustify additional arguments: 
[3.081s] -- Added test 'xmllint' to check XML markup files
[3.084s] -- Configuring done (2.6s)
[3.185s] -- Generating done (0.1s)
[3.197s] -- Build files have been written to: /home/sirius2beta/cetus/build/link_manager
[3.272s] [ 20%] [34m[1mAutomatic MOC and UIC for target link_manager[0m
[3.862s] [ 20%] Built target link_manager_autogen
[3.992s] [ 40%] [32mBuilding CXX object CMakeFiles/link_manager.dir/link_manager_autogen/mocs_compilation.cpp.o[0m
[3.993s] [ 60%] [32mBuilding CXX object CMakeFiles/link_manager.dir/src/link_manager.cpp.o[0m
[3.994s] [ 80%] [32mBuilding CXX object CMakeFiles/link_manager.dir/src/RosInterface.cpp.o[0m
[26.069s] [100%] [32m[1mLinking CXX executable link_manager[0m
[27.087s] [100%] Built target link_manager
[27.140s] Invoked command in '/home/sirius2beta/cetus/build/link_manager' returned '0': CMAKE_PREFIX_PATH=/home/sirius2beta/cetus/install/more_interfaces:/home/sirius2beta/cetus/install/link_manager:/home/sirius2beta/cetus/install/video_control:/opt/ros/foxy LD_LIBRARY_PATH=/home/sirius2beta/cetus/install/more_interfaces/lib:/opt/ros/foxy/opt/yaml_cpp_vendor/lib:/opt/ros/foxy/lib/aarch64-linux-gnu:/opt/ros/foxy/lib:/usr/local/cuda-11.4/lib64:/usr/local/cuda-11.4/lib64 PYTHONPATH=/home/sirius2beta/cetus/install/more_interfaces/lib/python3.8/site-packages:/home/sirius2beta/cetus/install/video_control/lib/python3.8/site-packages:/opt/ros/foxy/lib/python3.8/site-packages /home/sirius2beta/.local/bin/cmake --build /home/sirius2beta/cetus/build/link_manager -- -j4 -l4
[27.426s] Invoking command in '/home/sirius2beta/cetus/build/link_manager': CMAKE_PREFIX_PATH=/home/sirius2beta/cetus/install/more_interfaces:/home/sirius2beta/cetus/install/link_manager:/home/sirius2beta/cetus/install/video_control:/opt/ros/foxy LD_LIBRARY_PATH=/home/sirius2beta/cetus/install/more_interfaces/lib:/opt/ros/foxy/opt/yaml_cpp_vendor/lib:/opt/ros/foxy/lib/aarch64-linux-gnu:/opt/ros/foxy/lib:/usr/local/cuda-11.4/lib64:/usr/local/cuda-11.4/lib64 PYTHONPATH=/home/sirius2beta/cetus/install/more_interfaces/lib/python3.8/site-packages:/home/sirius2beta/cetus/install/video_control/lib/python3.8/site-packages:/opt/ros/foxy/lib/python3.8/site-packages /home/sirius2beta/.local/bin/cmake --install /home/sirius2beta/cetus/build/link_manager
[27.659s] -- Install configuration: ""
[27.661s] -- Installing: /home/sirius2beta/cetus/install/link_manager/lib/link_manager/link_manager
[27.679s] -- Set non-toolchain portion of runtime path of "/home/sirius2beta/cetus/install/link_manager/lib/link_manager/link_manager" to ""
[27.681s] -- Up-to-date: /home/sirius2beta/cetus/install/link_manager/share/ament_index/resource_index/package_run_dependencies/link_manager
[27.681s] -- Up-to-date: /home/sirius2beta/cetus/install/link_manager/share/ament_index/resource_index/parent_prefix_path/link_manager
[27.682s] -- Up-to-date: /home/sirius2beta/cetus/install/link_manager/share/link_manager/environment/ament_prefix_path.sh
[27.683s] -- Installing: /home/sirius2beta/cetus/install/link_manager/share/link_manager/environment/ament_prefix_path.dsv
[27.683s] -- Up-to-date: /home/sirius2beta/cetus/install/link_manager/share/link_manager/environment/path.sh
[27.686s] -- Installing: /home/sirius2beta/cetus/install/link_manager/share/link_manager/environment/path.dsv
[27.687s] -- Up-to-date: /home/sirius2beta/cetus/install/link_manager/share/link_manager/local_setup.bash
[27.687s] -- Up-to-date: /home/sirius2beta/cetus/install/link_manager/share/link_manager/local_setup.sh
[27.687s] -- Up-to-date: /home/sirius2beta/cetus/install/link_manager/share/link_manager/local_setup.zsh
[27.688s] -- Installing: /home/sirius2beta/cetus/install/link_manager/share/link_manager/local_setup.dsv
[27.688s] -- Installing: /home/sirius2beta/cetus/install/link_manager/share/link_manager/package.dsv
[27.688s] -- Up-to-date: /home/sirius2beta/cetus/install/link_manager/share/ament_index/resource_index/packages/link_manager
[27.689s] -- Up-to-date: /home/sirius2beta/cetus/install/link_manager/share/link_manager/cmake/link_managerConfig.cmake
[27.690s] -- Up-to-date: /home/sirius2beta/cetus/install/link_manager/share/link_manager/cmake/link_managerConfig-version.cmake
[27.690s] -- Up-to-date: /home/sirius2beta/cetus/install/link_manager/share/link_manager/package.xml
[27.727s] Invoked command in '/home/sirius2beta/cetus/build/link_manager' returned '0': CMAKE_PREFIX_PATH=/home/sirius2beta/cetus/install/more_interfaces:/home/sirius2beta/cetus/install/link_manager:/home/sirius2beta/cetus/install/video_control:/opt/ros/foxy LD_LIBRARY_PATH=/home/sirius2beta/cetus/install/more_interfaces/lib:/opt/ros/foxy/opt/yaml_cpp_vendor/lib:/opt/ros/foxy/lib/aarch64-linux-gnu:/opt/ros/foxy/lib:/usr/local/cuda-11.4/lib64:/usr/local/cuda-11.4/lib64 PYTHONPATH=/home/sirius2beta/cetus/install/more_interfaces/lib/python3.8/site-packages:/home/sirius2beta/cetus/install/video_control/lib/python3.8/site-packages:/opt/ros/foxy/lib/python3.8/site-packages /home/sirius2beta/.local/bin/cmake --install /home/sirius2beta/cetus/build/link_manager
